<html>
<head>
<title>TestNG:  Test3</title>
<link href="../testng.css" rel="stylesheet" type="text/css" />
<link href="../my-testng.css" rel="stylesheet" type="text/css" />

<style type="text/css">
.log { display: none;} 
.stack-trace { display: none;} 
</style>
<script type="text/javascript">
<!--
function flip(e) {
  current = e.style.display;
  if (current == 'block') {
    e.style.display = 'none';
    return 0;
  }
  else {
    e.style.display = 'block';
    return 1;
  }
}

function toggleBox(szDivId, elem, msg1, msg2)
{
  var res = -1;  if (document.getElementById) {
    res = flip(document.getElementById(szDivId));
  }
  else if (document.all) {
    // this is the way old msie versions work
    res = flip(document.all[szDivId]);
  }
  if(elem) {
    if(res == 0) elem.innerHTML = msg1; else elem.innerHTML = msg2;
  }

}

function toggleAllBoxes() {
  if (document.getElementsByTagName) {
    d = document.getElementsByTagName('div');
    for (i = 0; i < d.length; i++) {
      if (d[i].className == 'log') {
        flip(d[i]);
      }
    }
  }
}

// -->
</script>

</head>
<body>
<h2 align='center'>Test3</h2><table border='1' align="center">
<tr>
<td>Tests passed/Failed/Skipped:</td><td>230/13/0</td>
</tr><tr>
<td>Started on:</td><td>Tue Oct 22 21:05:39 IST 2019</td>
</tr>
<tr><td>Total time:</td><td>326 seconds (326510 ms)</td>
</tr><tr>
<td>Included groups:</td><td></td>
</tr><tr>
<td>Excluded groups:</td><td></td>
</tr>
</table><p/>
<small><i>(Hover the method name to see the test class name)</i></small><p/>
<table width='100%' border='1' class='invocation-failed'>
<tr><td colspan='4' align='center'><b>FAILED TESTS</b></td></tr>
<tr><td><b>Test method</b></td>
<td width="30%"><b>Exception</b></td>
<td width="10%"><b>Time (seconds)</b></td>
<td><b>Instance</b></td>
</tr>
<tr>
<td title='com.atmecs.testScripts.InsightsValidation.anchorRedirection()'><b>anchorRedirection</b><br>Test class: com.atmecs.testScripts.InsightsValidation</td>
<td><div><pre>org.openqa.selenium.ElementNotInteractableException: Element is not displayed
Build info: version: &apos;3.141.59&apos;, revision: &apos;e82be7d358&apos;, time: &apos;2018-11-14T08:17:03&apos;
System info: host: &apos;ATMECSINLT-038&apos;, ip: &apos;55.55.52.193&apos;, os.name: &apos;Windows 10&apos;, os.arch: &apos;amd64&apos;, os.version: &apos;10.0&apos;, java.version: &apos;12.0.1&apos;
Driver info: org.openqa.selenium.ie.InternetExplorerDriver
Capabilities {acceptInsecureCerts: false, browserName: internet explorer, browserVersion: 11, javascriptEnabled: true, pageLoadStrategy: normal, platform: WINDOWS, platformName: WINDOWS, proxy: Proxy(), se:ieOptions: {browserAttachTimeout: 0, elementScrollBehavior: 0, enablePersistentHover: true, ie.browserCommandLineSwitches: , ie.ensureCleanSession: false, ie.fileUploadDialogTimeout: 3000, ie.forceCreateProcessApi: false, ignoreProtectedModeSettings: false, ignoreZoomSetting: false, initialBrowserUrl: http://www.atmecs.com/, nativeEvents: true, requireWindowFocus: false}, setWindowRect: true, timeouts: {implicit: 0, pageLoad: 300000, script: 30000}}
Session ID: d5b77591-da4e-432a-8456-53f35694b7a4
	at org.openqa.selenium.remote.http.W3CHttpResponseCodec.createException(W3CHttpResponseCodec.java:187)
	at org.openqa.selenium.remote.http.W3CHttpResponseCodec.decode(W3CHttpResponseCodec.java:122)
	at org.openqa.selenium.remote.http.W3CHttpResponseCodec.decode(W3CHttpResponseCodec.java:49)
	at org.openqa.selenium.remote.HttpCommandExecutor.execute(HttpCommandExecutor.java:158)
	at org.openqa.selenium.remote.service.DriverCommandExecutor.execute(DriverCommandExecutor.java:83)
	at org.openqa.selenium.remote.RemoteWebDriver.execute(RemoteWebDriver.java:552)
	at org.openqa.selenium.remote.RemoteWebElement.execute(RemoteWebElement.java:285)
	at org.openqa.selenium.remote.RemoteWebElement.click(RemoteWebElement.java:84)
	at com.atmecs.helpers.WebUtility$1.apply(WebUtility.java:50)
	at com.atmecs.helpers.WebUtility$1.apply(WebUtility.java:1)
	at org.openqa.selenium.support.ui.FluentWait.until(FluentWait.java:249)
	at com.atmecs.helpers.WebUtility.clickElement(WebUtility.java:47)
	at com.atmecs.testflow.BlogPageFlow.clickHeader(BlogPageFlow.java:34)
	at com.atmecs.testScripts.InsightsValidation.anchorRedirection(InsightsValidation.java:46)
	at java.base/java.util.concurrent.FutureTask.run(FutureTask.java:264)
	at java.base/java.util.concurrent.ThreadPoolExecutor.runWorker(ThreadPoolExecutor.java:1128)
	at java.base/java.util.concurrent.ThreadPoolExecutor$Worker.run(ThreadPoolExecutor.java:628)
	at java.base/java.lang.Thread.run(Thread.java:835)
... Removed 21 stack frames</pre></div><a href='#' onClick='toggleBox("stack-trace1918210408", this, "Click to show all stack frames", "Click to hide stack frames")'>Click to show all stack frames</a>
<div class='stack-trace' id='stack-trace1918210408'><pre>org.openqa.selenium.ElementNotInteractableException: Element is not displayed
Build info: version: &apos;3.141.59&apos;, revision: &apos;e82be7d358&apos;, time: &apos;2018-11-14T08:17:03&apos;
System info: host: &apos;ATMECSINLT-038&apos;, ip: &apos;55.55.52.193&apos;, os.name: &apos;Windows 10&apos;, os.arch: &apos;amd64&apos;, os.version: &apos;10.0&apos;, java.version: &apos;12.0.1&apos;
Driver info: org.openqa.selenium.ie.InternetExplorerDriver
Capabilities {acceptInsecureCerts: false, browserName: internet explorer, browserVersion: 11, javascriptEnabled: true, pageLoadStrategy: normal, platform: WINDOWS, platformName: WINDOWS, proxy: Proxy(), se:ieOptions: {browserAttachTimeout: 0, elementScrollBehavior: 0, enablePersistentHover: true, ie.browserCommandLineSwitches: , ie.ensureCleanSession: false, ie.fileUploadDialogTimeout: 3000, ie.forceCreateProcessApi: false, ignoreProtectedModeSettings: false, ignoreZoomSetting: false, initialBrowserUrl: http://www.atmecs.com/, nativeEvents: true, requireWindowFocus: false}, setWindowRect: true, timeouts: {implicit: 0, pageLoad: 300000, script: 30000}}
Session ID: d5b77591-da4e-432a-8456-53f35694b7a4
	at java.base/jdk.internal.reflect.NativeConstructorAccessorImpl.newInstance0(Native Method)
	at java.base/jdk.internal.reflect.NativeConstructorAccessorImpl.newInstance(NativeConstructorAccessorImpl.java:62)
	at java.base/jdk.internal.reflect.DelegatingConstructorAccessorImpl.newInstance(DelegatingConstructorAccessorImpl.java:45)
	at java.base/java.lang.reflect.Constructor.newInstanceWithCaller(Constructor.java:500)
	at java.base/java.lang.reflect.Constructor.newInstance(Constructor.java:481)
	at org.openqa.selenium.remote.http.W3CHttpResponseCodec.createException(W3CHttpResponseCodec.java:187)
	at org.openqa.selenium.remote.http.W3CHttpResponseCodec.decode(W3CHttpResponseCodec.java:122)
	at org.openqa.selenium.remote.http.W3CHttpResponseCodec.decode(W3CHttpResponseCodec.java:49)
	at org.openqa.selenium.remote.HttpCommandExecutor.execute(HttpCommandExecutor.java:158)
	at org.openqa.selenium.remote.service.DriverCommandExecutor.execute(DriverCommandExecutor.java:83)
	at org.openqa.selenium.remote.RemoteWebDriver.execute(RemoteWebDriver.java:552)
	at org.openqa.selenium.remote.RemoteWebElement.execute(RemoteWebElement.java:285)
	at org.openqa.selenium.remote.RemoteWebElement.click(RemoteWebElement.java:84)
	at com.atmecs.helpers.WebUtility$1.apply(WebUtility.java:50)
	at com.atmecs.helpers.WebUtility$1.apply(WebUtility.java:1)
	at org.openqa.selenium.support.ui.FluentWait.until(FluentWait.java:249)
	at com.atmecs.helpers.WebUtility.clickElement(WebUtility.java:47)
	at com.atmecs.testflow.BlogPageFlow.clickHeader(BlogPageFlow.java:34)
	at com.atmecs.testScripts.InsightsValidation.anchorRedirection(InsightsValidation.java:46)
	at java.base/jdk.internal.reflect.NativeMethodAccessorImpl.invoke0(Native Method)
	at java.base/jdk.internal.reflect.NativeMethodAccessorImpl.invoke(NativeMethodAccessorImpl.java:62)
	at java.base/jdk.internal.reflect.DelegatingMethodAccessorImpl.invoke(DelegatingMethodAccessorImpl.java:43)
	at java.base/java.lang.reflect.Method.invoke(Method.java:567)
	at org.testng.internal.MethodInvocationHelper.invokeMethod(MethodInvocationHelper.java:124)
	at org.testng.internal.Invoker.invokeMethod(Invoker.java:583)
	at org.testng.internal.Invoker.invokeTestMethod(Invoker.java:719)
	at org.testng.internal.Invoker.invokeTestMethods(Invoker.java:989)
	at org.testng.internal.TestMethodWorker.invokeTestMethods(TestMethodWorker.java:125)
	at org.testng.internal.TestMethodWorker.run(TestMethodWorker.java:109)
	at org.testng.TestRunner.privateRun(TestRunner.java:648)
	at org.testng.TestRunner.run(TestRunner.java:505)
	at org.testng.SuiteRunner.runTest(SuiteRunner.java:455)
	at org.testng.SuiteRunner.access$000(SuiteRunner.java:40)
	at org.testng.SuiteRunner$SuiteWorker.run(SuiteRunner.java:489)
	at org.testng.internal.thread.ThreadUtil$1.call(ThreadUtil.java:52)
	at java.base/java.util.concurrent.FutureTask.run(FutureTask.java:264)
	at java.base/java.util.concurrent.ThreadPoolExecutor.runWorker(ThreadPoolExecutor.java:1128)
	at java.base/java.util.concurrent.ThreadPoolExecutor$Worker.run(ThreadPoolExecutor.java:628)
	at java.base/java.lang.Thread.run(Thread.java:835)
</pre></div></td>
<td>4</td>
<td>com.atmecs.testScripts.InsightsValidation@2f112965</td></tr>
<tr>
<td title='com.atmecs.testScripts.HomePageMoreInfotestscripts.clickExplorenow()'><b>clickExplorenow</b><br>Test class: com.atmecs.testScripts.HomePageMoreInfotestscripts</td>
<td><div><pre>org.openqa.selenium.TimeoutException: Expected condition failed: waiting for element to be clickable: By.xpath: //div[@class=&apos;breadcrumb-list&apos;] (tried for 30 second(s) with 500 milliseconds interval)
	at org.openqa.selenium.support.ui.WebDriverWait.timeoutException(WebDriverWait.java:95)
	at org.openqa.selenium.support.ui.FluentWait.until(FluentWait.java:272)
	at com.atmecs.helpers.WebUtility.explicitWait(WebUtility.java:237)
	at com.atmecs.testflow.HomePageFlowMoreInfo.clickExploreNow(HomePageFlowMoreInfo.java:43)
	at com.atmecs.testScripts.HomePageMoreInfotestscripts.clickExplorenow(HomePageMoreInfotestscripts.java:44)
	at java.base/java.util.concurrent.FutureTask.run(FutureTask.java:264)
	at java.base/java.util.concurrent.ThreadPoolExecutor.runWorker(ThreadPoolExecutor.java:1128)
	at java.base/java.util.concurrent.ThreadPoolExecutor$Worker.run(ThreadPoolExecutor.java:628)
	at java.base/java.lang.Thread.run(Thread.java:835)
Caused by: org.openqa.selenium.NoSuchElementException: Unable to find element with xpath == //div[@class=&apos;breadcrumb-list&apos;]
For documentation on this error, please visit: https://www.seleniumhq.org/exceptions/no_such_element.html
Build info: version: &apos;3.141.59&apos;, revision: &apos;e82be7d358&apos;, time: &apos;2018-11-14T08:17:03&apos;
System info: host: &apos;ATMECSINLT-038&apos;, ip: &apos;55.55.52.193&apos;, os.name: &apos;Windows 10&apos;, os.arch: &apos;amd64&apos;, os.version: &apos;10.0&apos;, java.version: &apos;12.0.1&apos;
Driver info: org.openqa.selenium.ie.InternetExplorerDriver
Capabilities {acceptInsecureCerts: false, browserName: internet explorer, browserVersion: 11, javascriptEnabled: true, pageLoadStrategy: normal, platform: WINDOWS, platformName: WINDOWS, proxy: Proxy(), se:ieOptions: {browserAttachTimeout: 0, elementScrollBehavior: 0, enablePersistentHover: true, ie.browserCommandLineSwitches: , ie.ensureCleanSession: false, ie.fileUploadDialogTimeout: 3000, ie.forceCreateProcessApi: false, ignoreProtectedModeSettings: false, ignoreZoomSetting: false, initialBrowserUrl: http://www.atmecs.com/, nativeEvents: true, requireWindowFocus: false}, setWindowRect: true, timeouts: {implicit: 0, pageLoad: 300000, script: 30000}}
Session ID: 5555deb4-92c4-4e9c-9e7a-3d10aa797a63
*** Element info: {Using=xpath, value=//div[@class=&apos;breadcrumb-list&apos;]}
	at org.openqa.selenium.remote.http.W3CHttpResponseCodec.createException(W3CHttpResponseCodec.java:187)
	at org.openqa.selenium.remote.http.W3CHttpResponseCodec.decode(W3CHttpResponseCodec.java:122)
	at org.openqa.selenium.remote.http.W3CHttpResponseCodec.decode(W3CHttpResponseCodec.java:49)
	at org.openqa.selenium.remote.HttpCommandExecutor.execute(HttpCommandExecutor.java:158)
	at org.openqa.selenium.remote.service.DriverCommandExecutor.execute(DriverCommandExecutor.java:83)
	at org.openqa.selenium.remote.RemoteWebDriver.execute(RemoteWebDriver.java:552)
	at org.openqa.selenium.remote.RemoteWebDriver.findElement(RemoteWebDriver.java:323)
	at org.openqa.selenium.remote.RemoteWebDriver.findElementByXPath(RemoteWebDriver.java:428)
	at org.openqa.selenium.By$ByXPath.findElement(By.java:353)
	at org.openqa.selenium.remote.RemoteWebDriver.findElement(RemoteWebDriver.java:315)
	at org.openqa.selenium.support.ui.ExpectedConditions$7.apply(ExpectedConditions.java:205)
	at org.openqa.selenium.support.ui.ExpectedConditions$7.apply(ExpectedConditions.java:201)
	at org.openqa.selenium.support.ui.ExpectedConditions$22.apply(ExpectedConditions.java:641)
	at org.openqa.selenium.support.ui.ExpectedConditions$22.apply(ExpectedConditions.java:638)
	at org.openqa.selenium.support.ui.FluentWait.until(FluentWait.java:249)
	... 23 more
... Removed 20 stack frames</pre></div><a href='#' onClick='toggleBox("stack-trace302693180", this, "Click to show all stack frames", "Click to hide stack frames")'>Click to show all stack frames</a>
<div class='stack-trace' id='stack-trace302693180'><pre>org.openqa.selenium.TimeoutException: Expected condition failed: waiting for element to be clickable: By.xpath: //div[@class=&apos;breadcrumb-list&apos;] (tried for 30 second(s) with 500 milliseconds interval)
	at org.openqa.selenium.support.ui.WebDriverWait.timeoutException(WebDriverWait.java:95)
	at org.openqa.selenium.support.ui.FluentWait.until(FluentWait.java:272)
	at com.atmecs.helpers.WebUtility.explicitWait(WebUtility.java:237)
	at com.atmecs.testflow.HomePageFlowMoreInfo.clickExploreNow(HomePageFlowMoreInfo.java:43)
	at com.atmecs.testScripts.HomePageMoreInfotestscripts.clickExplorenow(HomePageMoreInfotestscripts.java:44)
	at java.base/jdk.internal.reflect.NativeMethodAccessorImpl.invoke0(Native Method)
	at java.base/jdk.internal.reflect.NativeMethodAccessorImpl.invoke(NativeMethodAccessorImpl.java:62)
	at java.base/jdk.internal.reflect.DelegatingMethodAccessorImpl.invoke(DelegatingMethodAccessorImpl.java:43)
	at java.base/java.lang.reflect.Method.invoke(Method.java:567)
	at org.testng.internal.MethodInvocationHelper.invokeMethod(MethodInvocationHelper.java:124)
	at org.testng.internal.Invoker.invokeMethod(Invoker.java:583)
	at org.testng.internal.Invoker.invokeTestMethod(Invoker.java:719)
	at org.testng.internal.Invoker.invokeTestMethods(Invoker.java:989)
	at org.testng.internal.TestMethodWorker.invokeTestMethods(TestMethodWorker.java:125)
	at org.testng.internal.TestMethodWorker.run(TestMethodWorker.java:109)
	at org.testng.TestRunner.privateRun(TestRunner.java:648)
	at org.testng.TestRunner.run(TestRunner.java:505)
	at org.testng.SuiteRunner.runTest(SuiteRunner.java:455)
	at org.testng.SuiteRunner.access$000(SuiteRunner.java:40)
	at org.testng.SuiteRunner$SuiteWorker.run(SuiteRunner.java:489)
	at org.testng.internal.thread.ThreadUtil$1.call(ThreadUtil.java:52)
	at java.base/java.util.concurrent.FutureTask.run(FutureTask.java:264)
	at java.base/java.util.concurrent.ThreadPoolExecutor.runWorker(ThreadPoolExecutor.java:1128)
	at java.base/java.util.concurrent.ThreadPoolExecutor$Worker.run(ThreadPoolExecutor.java:628)
	at java.base/java.lang.Thread.run(Thread.java:835)
Caused by: org.openqa.selenium.NoSuchElementException: Unable to find element with xpath == //div[@class=&apos;breadcrumb-list&apos;]
For documentation on this error, please visit: https://www.seleniumhq.org/exceptions/no_such_element.html
Build info: version: &apos;3.141.59&apos;, revision: &apos;e82be7d358&apos;, time: &apos;2018-11-14T08:17:03&apos;
System info: host: &apos;ATMECSINLT-038&apos;, ip: &apos;55.55.52.193&apos;, os.name: &apos;Windows 10&apos;, os.arch: &apos;amd64&apos;, os.version: &apos;10.0&apos;, java.version: &apos;12.0.1&apos;
Driver info: org.openqa.selenium.ie.InternetExplorerDriver
Capabilities {acceptInsecureCerts: false, browserName: internet explorer, browserVersion: 11, javascriptEnabled: true, pageLoadStrategy: normal, platform: WINDOWS, platformName: WINDOWS, proxy: Proxy(), se:ieOptions: {browserAttachTimeout: 0, elementScrollBehavior: 0, enablePersistentHover: true, ie.browserCommandLineSwitches: , ie.ensureCleanSession: false, ie.fileUploadDialogTimeout: 3000, ie.forceCreateProcessApi: false, ignoreProtectedModeSettings: false, ignoreZoomSetting: false, initialBrowserUrl: http://www.atmecs.com/, nativeEvents: true, requireWindowFocus: false}, setWindowRect: true, timeouts: {implicit: 0, pageLoad: 300000, script: 30000}}
Session ID: 5555deb4-92c4-4e9c-9e7a-3d10aa797a63
*** Element info: {Using=xpath, value=//div[@class=&apos;breadcrumb-list&apos;]}
	at jdk.internal.reflect.GeneratedConstructorAccessor52.newInstance(Unknown Source)
	at java.base/jdk.internal.reflect.DelegatingConstructorAccessorImpl.newInstance(DelegatingConstructorAccessorImpl.java:45)
	at java.base/java.lang.reflect.Constructor.newInstanceWithCaller(Constructor.java:500)
	at java.base/java.lang.reflect.Constructor.newInstance(Constructor.java:481)
	at org.openqa.selenium.remote.http.W3CHttpResponseCodec.createException(W3CHttpResponseCodec.java:187)
	at org.openqa.selenium.remote.http.W3CHttpResponseCodec.decode(W3CHttpResponseCodec.java:122)
	at org.openqa.selenium.remote.http.W3CHttpResponseCodec.decode(W3CHttpResponseCodec.java:49)
	at org.openqa.selenium.remote.HttpCommandExecutor.execute(HttpCommandExecutor.java:158)
	at org.openqa.selenium.remote.service.DriverCommandExecutor.execute(DriverCommandExecutor.java:83)
	at org.openqa.selenium.remote.RemoteWebDriver.execute(RemoteWebDriver.java:552)
	at org.openqa.selenium.remote.RemoteWebDriver.findElement(RemoteWebDriver.java:323)
	at org.openqa.selenium.remote.RemoteWebDriver.findElementByXPath(RemoteWebDriver.java:428)
	at org.openqa.selenium.By$ByXPath.findElement(By.java:353)
	at org.openqa.selenium.remote.RemoteWebDriver.findElement(RemoteWebDriver.java:315)
	at org.openqa.selenium.support.ui.ExpectedConditions$7.apply(ExpectedConditions.java:205)
	at org.openqa.selenium.support.ui.ExpectedConditions$7.apply(ExpectedConditions.java:201)
	at org.openqa.selenium.support.ui.ExpectedConditions$22.apply(ExpectedConditions.java:641)
	at org.openqa.selenium.support.ui.ExpectedConditions$22.apply(ExpectedConditions.java:638)
	at org.openqa.selenium.support.ui.FluentWait.until(FluentWait.java:249)
	... 23 more
</pre></div></td>
<td>35</td>
<td>com.atmecs.testScripts.HomePageMoreInfotestscripts@1a04f701</td></tr>
<tr>
<td title='com.atmecs.testScripts.HomePageMoreInfotestscripts.clickMoreInfo()'><b>clickMoreInfo</b><br>Test class: com.atmecs.testScripts.HomePageMoreInfotestscripts<br>Parameters: RPA & ChatBOTs | Pave way for digital transformation with RPA, Home › Services › Digital Life › Robotic Process Automation & ChatBOTs</td>
<td><div><pre>org.openqa.selenium.TimeoutException: Expected condition failed: waiting for element to be clickable: By.xpath: //div[@class=&apos;breadcrumb-list&apos;] (tried for 30 second(s) with 500 milliseconds interval)
	at org.openqa.selenium.support.ui.WebDriverWait.timeoutException(WebDriverWait.java:95)
	at org.openqa.selenium.support.ui.FluentWait.until(FluentWait.java:272)
	at com.atmecs.helpers.WebUtility.explicitWait(WebUtility.java:237)
	at com.atmecs.pages.HomepageMoreInfo.validateBreadCrumbs(HomepageMoreInfo.java:37)
	at com.atmecs.testScripts.HomePageMoreInfotestscripts.clickMoreInfo(HomePageMoreInfotestscripts.java:60)
	at java.base/java.util.concurrent.FutureTask.run(FutureTask.java:264)
	at java.base/java.util.concurrent.ThreadPoolExecutor.runWorker(ThreadPoolExecutor.java:1128)
	at java.base/java.util.concurrent.ThreadPoolExecutor$Worker.run(ThreadPoolExecutor.java:628)
	at java.base/java.lang.Thread.run(Thread.java:835)
Caused by: org.openqa.selenium.NoSuchElementException: Unable to find element with xpath == //div[@class=&apos;breadcrumb-list&apos;]
For documentation on this error, please visit: https://www.seleniumhq.org/exceptions/no_such_element.html
Build info: version: &apos;3.141.59&apos;, revision: &apos;e82be7d358&apos;, time: &apos;2018-11-14T08:17:03&apos;
System info: host: &apos;ATMECSINLT-038&apos;, ip: &apos;55.55.52.193&apos;, os.name: &apos;Windows 10&apos;, os.arch: &apos;amd64&apos;, os.version: &apos;10.0&apos;, java.version: &apos;12.0.1&apos;
Driver info: org.openqa.selenium.ie.InternetExplorerDriver
Capabilities {acceptInsecureCerts: false, browserName: internet explorer, browserVersion: 11, javascriptEnabled: true, pageLoadStrategy: normal, platform: WINDOWS, platformName: WINDOWS, proxy: Proxy(), se:ieOptions: {browserAttachTimeout: 0, elementScrollBehavior: 0, enablePersistentHover: true, ie.browserCommandLineSwitches: , ie.ensureCleanSession: false, ie.fileUploadDialogTimeout: 3000, ie.forceCreateProcessApi: false, ignoreProtectedModeSettings: false, ignoreZoomSetting: false, initialBrowserUrl: http://www.atmecs.com/, nativeEvents: true, requireWindowFocus: false}, setWindowRect: true, timeouts: {implicit: 0, pageLoad: 300000, script: 30000}}
Session ID: 5555deb4-92c4-4e9c-9e7a-3d10aa797a63
*** Element info: {Using=xpath, value=//div[@class=&apos;breadcrumb-list&apos;]}
	at org.openqa.selenium.remote.http.W3CHttpResponseCodec.createException(W3CHttpResponseCodec.java:187)
	at org.openqa.selenium.remote.http.W3CHttpResponseCodec.decode(W3CHttpResponseCodec.java:122)
	at org.openqa.selenium.remote.http.W3CHttpResponseCodec.decode(W3CHttpResponseCodec.java:49)
	at org.openqa.selenium.remote.HttpCommandExecutor.execute(HttpCommandExecutor.java:158)
	at org.openqa.selenium.remote.service.DriverCommandExecutor.execute(DriverCommandExecutor.java:83)
	at org.openqa.selenium.remote.RemoteWebDriver.execute(RemoteWebDriver.java:552)
	at org.openqa.selenium.remote.RemoteWebDriver.findElement(RemoteWebDriver.java:323)
	at org.openqa.selenium.remote.RemoteWebDriver.findElementByXPath(RemoteWebDriver.java:428)
	at org.openqa.selenium.By$ByXPath.findElement(By.java:353)
	at org.openqa.selenium.remote.RemoteWebDriver.findElement(RemoteWebDriver.java:315)
	at org.openqa.selenium.support.ui.ExpectedConditions$7.apply(ExpectedConditions.java:205)
	at org.openqa.selenium.support.ui.ExpectedConditions$7.apply(ExpectedConditions.java:201)
	at org.openqa.selenium.support.ui.ExpectedConditions$22.apply(ExpectedConditions.java:641)
	at org.openqa.selenium.support.ui.ExpectedConditions$22.apply(ExpectedConditions.java:638)
	at org.openqa.selenium.support.ui.FluentWait.until(FluentWait.java:249)
	... 23 more
... Removed 20 stack frames</pre></div><a href='#' onClick='toggleBox("stack-trace1246385876", this, "Click to show all stack frames", "Click to hide stack frames")'>Click to show all stack frames</a>
<div class='stack-trace' id='stack-trace1246385876'><pre>org.openqa.selenium.TimeoutException: Expected condition failed: waiting for element to be clickable: By.xpath: //div[@class=&apos;breadcrumb-list&apos;] (tried for 30 second(s) with 500 milliseconds interval)
	at org.openqa.selenium.support.ui.WebDriverWait.timeoutException(WebDriverWait.java:95)
	at org.openqa.selenium.support.ui.FluentWait.until(FluentWait.java:272)
	at com.atmecs.helpers.WebUtility.explicitWait(WebUtility.java:237)
	at com.atmecs.pages.HomepageMoreInfo.validateBreadCrumbs(HomepageMoreInfo.java:37)
	at com.atmecs.testScripts.HomePageMoreInfotestscripts.clickMoreInfo(HomePageMoreInfotestscripts.java:60)
	at java.base/jdk.internal.reflect.NativeMethodAccessorImpl.invoke0(Native Method)
	at java.base/jdk.internal.reflect.NativeMethodAccessorImpl.invoke(NativeMethodAccessorImpl.java:62)
	at java.base/jdk.internal.reflect.DelegatingMethodAccessorImpl.invoke(DelegatingMethodAccessorImpl.java:43)
	at java.base/java.lang.reflect.Method.invoke(Method.java:567)
	at org.testng.internal.MethodInvocationHelper.invokeMethod(MethodInvocationHelper.java:124)
	at org.testng.internal.Invoker.invokeMethod(Invoker.java:583)
	at org.testng.internal.Invoker.invokeTestMethod(Invoker.java:719)
	at org.testng.internal.Invoker.invokeTestMethods(Invoker.java:989)
	at org.testng.internal.TestMethodWorker.invokeTestMethods(TestMethodWorker.java:125)
	at org.testng.internal.TestMethodWorker.run(TestMethodWorker.java:109)
	at org.testng.TestRunner.privateRun(TestRunner.java:648)
	at org.testng.TestRunner.run(TestRunner.java:505)
	at org.testng.SuiteRunner.runTest(SuiteRunner.java:455)
	at org.testng.SuiteRunner.access$000(SuiteRunner.java:40)
	at org.testng.SuiteRunner$SuiteWorker.run(SuiteRunner.java:489)
	at org.testng.internal.thread.ThreadUtil$1.call(ThreadUtil.java:52)
	at java.base/java.util.concurrent.FutureTask.run(FutureTask.java:264)
	at java.base/java.util.concurrent.ThreadPoolExecutor.runWorker(ThreadPoolExecutor.java:1128)
	at java.base/java.util.concurrent.ThreadPoolExecutor$Worker.run(ThreadPoolExecutor.java:628)
	at java.base/java.lang.Thread.run(Thread.java:835)
Caused by: org.openqa.selenium.NoSuchElementException: Unable to find element with xpath == //div[@class=&apos;breadcrumb-list&apos;]
For documentation on this error, please visit: https://www.seleniumhq.org/exceptions/no_such_element.html
Build info: version: &apos;3.141.59&apos;, revision: &apos;e82be7d358&apos;, time: &apos;2018-11-14T08:17:03&apos;
System info: host: &apos;ATMECSINLT-038&apos;, ip: &apos;55.55.52.193&apos;, os.name: &apos;Windows 10&apos;, os.arch: &apos;amd64&apos;, os.version: &apos;10.0&apos;, java.version: &apos;12.0.1&apos;
Driver info: org.openqa.selenium.ie.InternetExplorerDriver
Capabilities {acceptInsecureCerts: false, browserName: internet explorer, browserVersion: 11, javascriptEnabled: true, pageLoadStrategy: normal, platform: WINDOWS, platformName: WINDOWS, proxy: Proxy(), se:ieOptions: {browserAttachTimeout: 0, elementScrollBehavior: 0, enablePersistentHover: true, ie.browserCommandLineSwitches: , ie.ensureCleanSession: false, ie.fileUploadDialogTimeout: 3000, ie.forceCreateProcessApi: false, ignoreProtectedModeSettings: false, ignoreZoomSetting: false, initialBrowserUrl: http://www.atmecs.com/, nativeEvents: true, requireWindowFocus: false}, setWindowRect: true, timeouts: {implicit: 0, pageLoad: 300000, script: 30000}}
Session ID: 5555deb4-92c4-4e9c-9e7a-3d10aa797a63
*** Element info: {Using=xpath, value=//div[@class=&apos;breadcrumb-list&apos;]}
	at jdk.internal.reflect.GeneratedConstructorAccessor52.newInstance(Unknown Source)
	at java.base/jdk.internal.reflect.DelegatingConstructorAccessorImpl.newInstance(DelegatingConstructorAccessorImpl.java:45)
	at java.base/java.lang.reflect.Constructor.newInstanceWithCaller(Constructor.java:500)
	at java.base/java.lang.reflect.Constructor.newInstance(Constructor.java:481)
	at org.openqa.selenium.remote.http.W3CHttpResponseCodec.createException(W3CHttpResponseCodec.java:187)
	at org.openqa.selenium.remote.http.W3CHttpResponseCodec.decode(W3CHttpResponseCodec.java:122)
	at org.openqa.selenium.remote.http.W3CHttpResponseCodec.decode(W3CHttpResponseCodec.java:49)
	at org.openqa.selenium.remote.HttpCommandExecutor.execute(HttpCommandExecutor.java:158)
	at org.openqa.selenium.remote.service.DriverCommandExecutor.execute(DriverCommandExecutor.java:83)
	at org.openqa.selenium.remote.RemoteWebDriver.execute(RemoteWebDriver.java:552)
	at org.openqa.selenium.remote.RemoteWebDriver.findElement(RemoteWebDriver.java:323)
	at org.openqa.selenium.remote.RemoteWebDriver.findElementByXPath(RemoteWebDriver.java:428)
	at org.openqa.selenium.By$ByXPath.findElement(By.java:353)
	at org.openqa.selenium.remote.RemoteWebDriver.findElement(RemoteWebDriver.java:315)
	at org.openqa.selenium.support.ui.ExpectedConditions$7.apply(ExpectedConditions.java:205)
	at org.openqa.selenium.support.ui.ExpectedConditions$7.apply(ExpectedConditions.java:201)
	at org.openqa.selenium.support.ui.ExpectedConditions$22.apply(ExpectedConditions.java:641)
	at org.openqa.selenium.support.ui.ExpectedConditions$22.apply(ExpectedConditions.java:638)
	at org.openqa.selenium.support.ui.FluentWait.until(FluentWait.java:249)
	... 23 more
</pre></div></td>
<td>33</td>
<td>com.atmecs.testScripts.HomePageMoreInfotestscripts@1a04f701</td></tr>
<tr>
<td title='com.atmecs.testScripts.HomePageMoreInfotestscripts.clickMoreInfo()'><b>clickMoreInfo</b><br>Test class: com.atmecs.testScripts.HomePageMoreInfotestscripts<br>Parameters: Blockchain | ATMECS, Inc., Home › Services › Digital Life › Blockchain</td>
<td><div><pre>org.openqa.selenium.TimeoutException: Expected condition failed: waiting for element to be clickable: By.xpath: //div[@class=&apos;breadcrumb-list&apos;] (tried for 30 second(s) with 500 milliseconds interval)
	at org.openqa.selenium.support.ui.WebDriverWait.timeoutException(WebDriverWait.java:95)
	at org.openqa.selenium.support.ui.FluentWait.until(FluentWait.java:272)
	at com.atmecs.helpers.WebUtility.explicitWait(WebUtility.java:237)
	at com.atmecs.pages.HomepageMoreInfo.validateBreadCrumbs(HomepageMoreInfo.java:37)
	at com.atmecs.testScripts.HomePageMoreInfotestscripts.clickMoreInfo(HomePageMoreInfotestscripts.java:60)
	at java.base/java.util.concurrent.FutureTask.run(FutureTask.java:264)
	at java.base/java.util.concurrent.ThreadPoolExecutor.runWorker(ThreadPoolExecutor.java:1128)
	at java.base/java.util.concurrent.ThreadPoolExecutor$Worker.run(ThreadPoolExecutor.java:628)
	at java.base/java.lang.Thread.run(Thread.java:835)
Caused by: org.openqa.selenium.NoSuchElementException: Unable to find element with xpath == //div[@class=&apos;breadcrumb-list&apos;]
For documentation on this error, please visit: https://www.seleniumhq.org/exceptions/no_such_element.html
Build info: version: &apos;3.141.59&apos;, revision: &apos;e82be7d358&apos;, time: &apos;2018-11-14T08:17:03&apos;
System info: host: &apos;ATMECSINLT-038&apos;, ip: &apos;55.55.52.193&apos;, os.name: &apos;Windows 10&apos;, os.arch: &apos;amd64&apos;, os.version: &apos;10.0&apos;, java.version: &apos;12.0.1&apos;
Driver info: org.openqa.selenium.ie.InternetExplorerDriver
Capabilities {acceptInsecureCerts: false, browserName: internet explorer, browserVersion: 11, javascriptEnabled: true, pageLoadStrategy: normal, platform: WINDOWS, platformName: WINDOWS, proxy: Proxy(), se:ieOptions: {browserAttachTimeout: 0, elementScrollBehavior: 0, enablePersistentHover: true, ie.browserCommandLineSwitches: , ie.ensureCleanSession: false, ie.fileUploadDialogTimeout: 3000, ie.forceCreateProcessApi: false, ignoreProtectedModeSettings: false, ignoreZoomSetting: false, initialBrowserUrl: http://www.atmecs.com/, nativeEvents: true, requireWindowFocus: false}, setWindowRect: true, timeouts: {implicit: 0, pageLoad: 300000, script: 30000}}
Session ID: 5555deb4-92c4-4e9c-9e7a-3d10aa797a63
*** Element info: {Using=xpath, value=//div[@class=&apos;breadcrumb-list&apos;]}
	at org.openqa.selenium.remote.http.W3CHttpResponseCodec.createException(W3CHttpResponseCodec.java:187)
	at org.openqa.selenium.remote.http.W3CHttpResponseCodec.decode(W3CHttpResponseCodec.java:122)
	at org.openqa.selenium.remote.http.W3CHttpResponseCodec.decode(W3CHttpResponseCodec.java:49)
	at org.openqa.selenium.remote.HttpCommandExecutor.execute(HttpCommandExecutor.java:158)
	at org.openqa.selenium.remote.service.DriverCommandExecutor.execute(DriverCommandExecutor.java:83)
	at org.openqa.selenium.remote.RemoteWebDriver.execute(RemoteWebDriver.java:552)
	at org.openqa.selenium.remote.RemoteWebDriver.findElement(RemoteWebDriver.java:323)
	at org.openqa.selenium.remote.RemoteWebDriver.findElementByXPath(RemoteWebDriver.java:428)
	at org.openqa.selenium.By$ByXPath.findElement(By.java:353)
	at org.openqa.selenium.remote.RemoteWebDriver.findElement(RemoteWebDriver.java:315)
	at org.openqa.selenium.support.ui.ExpectedConditions$7.apply(ExpectedConditions.java:205)
	at org.openqa.selenium.support.ui.ExpectedConditions$7.apply(ExpectedConditions.java:201)
	at org.openqa.selenium.support.ui.ExpectedConditions$22.apply(ExpectedConditions.java:641)
	at org.openqa.selenium.support.ui.ExpectedConditions$22.apply(ExpectedConditions.java:638)
	at org.openqa.selenium.support.ui.FluentWait.until(FluentWait.java:249)
	... 23 more
... Removed 20 stack frames</pre></div><a href='#' onClick='toggleBox("stack-trace320206895", this, "Click to show all stack frames", "Click to hide stack frames")'>Click to show all stack frames</a>
<div class='stack-trace' id='stack-trace320206895'><pre>org.openqa.selenium.TimeoutException: Expected condition failed: waiting for element to be clickable: By.xpath: //div[@class=&apos;breadcrumb-list&apos;] (tried for 30 second(s) with 500 milliseconds interval)
	at org.openqa.selenium.support.ui.WebDriverWait.timeoutException(WebDriverWait.java:95)
	at org.openqa.selenium.support.ui.FluentWait.until(FluentWait.java:272)
	at com.atmecs.helpers.WebUtility.explicitWait(WebUtility.java:237)
	at com.atmecs.pages.HomepageMoreInfo.validateBreadCrumbs(HomepageMoreInfo.java:37)
	at com.atmecs.testScripts.HomePageMoreInfotestscripts.clickMoreInfo(HomePageMoreInfotestscripts.java:60)
	at java.base/jdk.internal.reflect.NativeMethodAccessorImpl.invoke0(Native Method)
	at java.base/jdk.internal.reflect.NativeMethodAccessorImpl.invoke(NativeMethodAccessorImpl.java:62)
	at java.base/jdk.internal.reflect.DelegatingMethodAccessorImpl.invoke(DelegatingMethodAccessorImpl.java:43)
	at java.base/java.lang.reflect.Method.invoke(Method.java:567)
	at org.testng.internal.MethodInvocationHelper.invokeMethod(MethodInvocationHelper.java:124)
	at org.testng.internal.Invoker.invokeMethod(Invoker.java:583)
	at org.testng.internal.Invoker.invokeTestMethod(Invoker.java:719)
	at org.testng.internal.Invoker.invokeTestMethods(Invoker.java:989)
	at org.testng.internal.TestMethodWorker.invokeTestMethods(TestMethodWorker.java:125)
	at org.testng.internal.TestMethodWorker.run(TestMethodWorker.java:109)
	at org.testng.TestRunner.privateRun(TestRunner.java:648)
	at org.testng.TestRunner.run(TestRunner.java:505)
	at org.testng.SuiteRunner.runTest(SuiteRunner.java:455)
	at org.testng.SuiteRunner.access$000(SuiteRunner.java:40)
	at org.testng.SuiteRunner$SuiteWorker.run(SuiteRunner.java:489)
	at org.testng.internal.thread.ThreadUtil$1.call(ThreadUtil.java:52)
	at java.base/java.util.concurrent.FutureTask.run(FutureTask.java:264)
	at java.base/java.util.concurrent.ThreadPoolExecutor.runWorker(ThreadPoolExecutor.java:1128)
	at java.base/java.util.concurrent.ThreadPoolExecutor$Worker.run(ThreadPoolExecutor.java:628)
	at java.base/java.lang.Thread.run(Thread.java:835)
Caused by: org.openqa.selenium.NoSuchElementException: Unable to find element with xpath == //div[@class=&apos;breadcrumb-list&apos;]
For documentation on this error, please visit: https://www.seleniumhq.org/exceptions/no_such_element.html
Build info: version: &apos;3.141.59&apos;, revision: &apos;e82be7d358&apos;, time: &apos;2018-11-14T08:17:03&apos;
System info: host: &apos;ATMECSINLT-038&apos;, ip: &apos;55.55.52.193&apos;, os.name: &apos;Windows 10&apos;, os.arch: &apos;amd64&apos;, os.version: &apos;10.0&apos;, java.version: &apos;12.0.1&apos;
Driver info: org.openqa.selenium.ie.InternetExplorerDriver
Capabilities {acceptInsecureCerts: false, browserName: internet explorer, browserVersion: 11, javascriptEnabled: true, pageLoadStrategy: normal, platform: WINDOWS, platformName: WINDOWS, proxy: Proxy(), se:ieOptions: {browserAttachTimeout: 0, elementScrollBehavior: 0, enablePersistentHover: true, ie.browserCommandLineSwitches: , ie.ensureCleanSession: false, ie.fileUploadDialogTimeout: 3000, ie.forceCreateProcessApi: false, ignoreProtectedModeSettings: false, ignoreZoomSetting: false, initialBrowserUrl: http://www.atmecs.com/, nativeEvents: true, requireWindowFocus: false}, setWindowRect: true, timeouts: {implicit: 0, pageLoad: 300000, script: 30000}}
Session ID: 5555deb4-92c4-4e9c-9e7a-3d10aa797a63
*** Element info: {Using=xpath, value=//div[@class=&apos;breadcrumb-list&apos;]}
	at jdk.internal.reflect.GeneratedConstructorAccessor52.newInstance(Unknown Source)
	at java.base/jdk.internal.reflect.DelegatingConstructorAccessorImpl.newInstance(DelegatingConstructorAccessorImpl.java:45)
	at java.base/java.lang.reflect.Constructor.newInstanceWithCaller(Constructor.java:500)
	at java.base/java.lang.reflect.Constructor.newInstance(Constructor.java:481)
	at org.openqa.selenium.remote.http.W3CHttpResponseCodec.createException(W3CHttpResponseCodec.java:187)
	at org.openqa.selenium.remote.http.W3CHttpResponseCodec.decode(W3CHttpResponseCodec.java:122)
	at org.openqa.selenium.remote.http.W3CHttpResponseCodec.decode(W3CHttpResponseCodec.java:49)
	at org.openqa.selenium.remote.HttpCommandExecutor.execute(HttpCommandExecutor.java:158)
	at org.openqa.selenium.remote.service.DriverCommandExecutor.execute(DriverCommandExecutor.java:83)
	at org.openqa.selenium.remote.RemoteWebDriver.execute(RemoteWebDriver.java:552)
	at org.openqa.selenium.remote.RemoteWebDriver.findElement(RemoteWebDriver.java:323)
	at org.openqa.selenium.remote.RemoteWebDriver.findElementByXPath(RemoteWebDriver.java:428)
	at org.openqa.selenium.By$ByXPath.findElement(By.java:353)
	at org.openqa.selenium.remote.RemoteWebDriver.findElement(RemoteWebDriver.java:315)
	at org.openqa.selenium.support.ui.ExpectedConditions$7.apply(ExpectedConditions.java:205)
	at org.openqa.selenium.support.ui.ExpectedConditions$7.apply(ExpectedConditions.java:201)
	at org.openqa.selenium.support.ui.ExpectedConditions$22.apply(ExpectedConditions.java:641)
	at org.openqa.selenium.support.ui.ExpectedConditions$22.apply(ExpectedConditions.java:638)
	at org.openqa.selenium.support.ui.FluentWait.until(FluentWait.java:249)
	... 23 more
</pre></div></td>
<td>34</td>
<td>com.atmecs.testScripts.HomePageMoreInfotestscripts@1a04f701</td></tr>
<tr>
<td title='com.atmecs.testScripts.ValidateAnchors.isInfrastructureAnchorPresent()'><b>isInfrastructureAnchorPresent</b><br>Test class: com.atmecs.testScripts.ValidateAnchors<br>Parameters: Infrastructure Management</td>
<td><div><pre>org.openqa.selenium.NoSuchElementException: Unable to find element with xpath == //div[@id=&apos;footer&apos;]//a[contains(text(),&apos;Infrastructure Management&apos;)]
For documentation on this error, please visit: https://www.seleniumhq.org/exceptions/no_such_element.html
Build info: version: &apos;3.141.59&apos;, revision: &apos;e82be7d358&apos;, time: &apos;2018-11-14T08:17:03&apos;
System info: host: &apos;ATMECSINLT-038&apos;, ip: &apos;55.55.52.193&apos;, os.name: &apos;Windows 10&apos;, os.arch: &apos;amd64&apos;, os.version: &apos;10.0&apos;, java.version: &apos;12.0.1&apos;
Driver info: org.openqa.selenium.ie.InternetExplorerDriver
Capabilities {acceptInsecureCerts: false, browserName: internet explorer, browserVersion: 11, javascriptEnabled: true, pageLoadStrategy: normal, platform: WINDOWS, platformName: WINDOWS, proxy: Proxy(), se:ieOptions: {browserAttachTimeout: 0, elementScrollBehavior: 0, enablePersistentHover: true, ie.browserCommandLineSwitches: , ie.ensureCleanSession: false, ie.fileUploadDialogTimeout: 3000, ie.forceCreateProcessApi: false, ignoreProtectedModeSettings: false, ignoreZoomSetting: false, initialBrowserUrl: http://www.atmecs.com/, nativeEvents: true, requireWindowFocus: false}, setWindowRect: true, timeouts: {implicit: 0, pageLoad: 300000, script: 30000}}
Session ID: 4034daae-feb3-46e8-9e46-35edac142bb0
*** Element info: {Using=xpath, value=//div[@id=&apos;footer&apos;]//a[contains(text(),&apos;Infrastructure Management&apos;)]}
	at org.openqa.selenium.remote.http.W3CHttpResponseCodec.createException(W3CHttpResponseCodec.java:187)
	at org.openqa.selenium.remote.http.W3CHttpResponseCodec.decode(W3CHttpResponseCodec.java:122)
	at org.openqa.selenium.remote.http.W3CHttpResponseCodec.decode(W3CHttpResponseCodec.java:49)
	at org.openqa.selenium.remote.HttpCommandExecutor.execute(HttpCommandExecutor.java:158)
	at org.openqa.selenium.remote.service.DriverCommandExecutor.execute(DriverCommandExecutor.java:83)
	at org.openqa.selenium.remote.RemoteWebDriver.execute(RemoteWebDriver.java:552)
	at org.openqa.selenium.remote.RemoteWebDriver.findElement(RemoteWebDriver.java:323)
	at org.openqa.selenium.remote.RemoteWebDriver.findElementByXPath(RemoteWebDriver.java:428)
	at org.openqa.selenium.By$ByXPath.findElement(By.java:353)
	at org.openqa.selenium.remote.RemoteWebDriver.findElement(RemoteWebDriver.java:315)
	at com.atmecs.helpers.WebUtility.getText(WebUtility.java:104)
	at com.atmecs.pages.HomePage.ValidateAnchors(HomePage.java:61)
	at com.atmecs.testScripts.ValidateAnchors.isInfrastructureAnchorPresent(ValidateAnchors.java:55)
	at java.base/java.util.concurrent.FutureTask.run(FutureTask.java:264)
	at java.base/java.util.concurrent.ThreadPoolExecutor.runWorker(ThreadPoolExecutor.java:1128)
	at java.base/java.util.concurrent.ThreadPoolExecutor$Worker.run(ThreadPoolExecutor.java:628)
	at java.base/java.lang.Thread.run(Thread.java:835)
... Removed 21 stack frames</pre></div><a href='#' onClick='toggleBox("stack-trace1471381723", this, "Click to show all stack frames", "Click to hide stack frames")'>Click to show all stack frames</a>
<div class='stack-trace' id='stack-trace1471381723'><pre>org.openqa.selenium.NoSuchElementException: Unable to find element with xpath == //div[@id=&apos;footer&apos;]//a[contains(text(),&apos;Infrastructure Management&apos;)]
For documentation on this error, please visit: https://www.seleniumhq.org/exceptions/no_such_element.html
Build info: version: &apos;3.141.59&apos;, revision: &apos;e82be7d358&apos;, time: &apos;2018-11-14T08:17:03&apos;
System info: host: &apos;ATMECSINLT-038&apos;, ip: &apos;55.55.52.193&apos;, os.name: &apos;Windows 10&apos;, os.arch: &apos;amd64&apos;, os.version: &apos;10.0&apos;, java.version: &apos;12.0.1&apos;
Driver info: org.openqa.selenium.ie.InternetExplorerDriver
Capabilities {acceptInsecureCerts: false, browserName: internet explorer, browserVersion: 11, javascriptEnabled: true, pageLoadStrategy: normal, platform: WINDOWS, platformName: WINDOWS, proxy: Proxy(), se:ieOptions: {browserAttachTimeout: 0, elementScrollBehavior: 0, enablePersistentHover: true, ie.browserCommandLineSwitches: , ie.ensureCleanSession: false, ie.fileUploadDialogTimeout: 3000, ie.forceCreateProcessApi: false, ignoreProtectedModeSettings: false, ignoreZoomSetting: false, initialBrowserUrl: http://www.atmecs.com/, nativeEvents: true, requireWindowFocus: false}, setWindowRect: true, timeouts: {implicit: 0, pageLoad: 300000, script: 30000}}
Session ID: 4034daae-feb3-46e8-9e46-35edac142bb0
*** Element info: {Using=xpath, value=//div[@id=&apos;footer&apos;]//a[contains(text(),&apos;Infrastructure Management&apos;)]}
	at java.base/jdk.internal.reflect.NativeConstructorAccessorImpl.newInstance0(Native Method)
	at java.base/jdk.internal.reflect.NativeConstructorAccessorImpl.newInstance(NativeConstructorAccessorImpl.java:62)
	at java.base/jdk.internal.reflect.DelegatingConstructorAccessorImpl.newInstance(DelegatingConstructorAccessorImpl.java:45)
	at java.base/java.lang.reflect.Constructor.newInstanceWithCaller(Constructor.java:500)
	at java.base/java.lang.reflect.Constructor.newInstance(Constructor.java:481)
	at org.openqa.selenium.remote.http.W3CHttpResponseCodec.createException(W3CHttpResponseCodec.java:187)
	at org.openqa.selenium.remote.http.W3CHttpResponseCodec.decode(W3CHttpResponseCodec.java:122)
	at org.openqa.selenium.remote.http.W3CHttpResponseCodec.decode(W3CHttpResponseCodec.java:49)
	at org.openqa.selenium.remote.HttpCommandExecutor.execute(HttpCommandExecutor.java:158)
	at org.openqa.selenium.remote.service.DriverCommandExecutor.execute(DriverCommandExecutor.java:83)
	at org.openqa.selenium.remote.RemoteWebDriver.execute(RemoteWebDriver.java:552)
	at org.openqa.selenium.remote.RemoteWebDriver.findElement(RemoteWebDriver.java:323)
	at org.openqa.selenium.remote.RemoteWebDriver.findElementByXPath(RemoteWebDriver.java:428)
	at org.openqa.selenium.By$ByXPath.findElement(By.java:353)
	at org.openqa.selenium.remote.RemoteWebDriver.findElement(RemoteWebDriver.java:315)
	at com.atmecs.helpers.WebUtility.getText(WebUtility.java:104)
	at com.atmecs.pages.HomePage.ValidateAnchors(HomePage.java:61)
	at com.atmecs.testScripts.ValidateAnchors.isInfrastructureAnchorPresent(ValidateAnchors.java:55)
	at java.base/jdk.internal.reflect.NativeMethodAccessorImpl.invoke0(Native Method)
	at java.base/jdk.internal.reflect.NativeMethodAccessorImpl.invoke(NativeMethodAccessorImpl.java:62)
	at java.base/jdk.internal.reflect.DelegatingMethodAccessorImpl.invoke(DelegatingMethodAccessorImpl.java:43)
	at java.base/java.lang.reflect.Method.invoke(Method.java:567)
	at org.testng.internal.MethodInvocationHelper.invokeMethod(MethodInvocationHelper.java:124)
	at org.testng.internal.Invoker.invokeMethod(Invoker.java:583)
	at org.testng.internal.Invoker.invokeTestMethod(Invoker.java:719)
	at org.testng.internal.Invoker.invokeTestMethods(Invoker.java:989)
	at org.testng.internal.TestMethodWorker.invokeTestMethods(TestMethodWorker.java:125)
	at org.testng.internal.TestMethodWorker.run(TestMethodWorker.java:109)
	at org.testng.TestRunner.privateRun(TestRunner.java:648)
	at org.testng.TestRunner.run(TestRunner.java:505)
	at org.testng.SuiteRunner.runTest(SuiteRunner.java:455)
	at org.testng.SuiteRunner.access$000(SuiteRunner.java:40)
	at org.testng.SuiteRunner$SuiteWorker.run(SuiteRunner.java:489)
	at org.testng.internal.thread.ThreadUtil$1.call(ThreadUtil.java:52)
	at java.base/java.util.concurrent.FutureTask.run(FutureTask.java:264)
	at java.base/java.util.concurrent.ThreadPoolExecutor.runWorker(ThreadPoolExecutor.java:1128)
	at java.base/java.util.concurrent.ThreadPoolExecutor$Worker.run(ThreadPoolExecutor.java:628)
	at java.base/java.lang.Thread.run(Thread.java:835)
</pre></div></td>
<td>6</td>
<td>com.atmecs.testScripts.ValidateAnchors@43301423</td></tr>
<tr>
<td title='com.atmecs.testScripts.ValidateAnchors.isInfrastructureAnchorPresent()'><b>isInfrastructureAnchorPresent</b><br>Test class: com.atmecs.testScripts.ValidateAnchors<br>Parameters: Cloud Infrastructure</td>
<td><div><pre>org.openqa.selenium.NoSuchElementException: Unable to find element with xpath == //div[@id=&apos;footer&apos;]//a[contains(text(),&apos;Cloud Infrastructure&apos;)]
For documentation on this error, please visit: https://www.seleniumhq.org/exceptions/no_such_element.html
Build info: version: &apos;3.141.59&apos;, revision: &apos;e82be7d358&apos;, time: &apos;2018-11-14T08:17:03&apos;
System info: host: &apos;ATMECSINLT-038&apos;, ip: &apos;55.55.52.193&apos;, os.name: &apos;Windows 10&apos;, os.arch: &apos;amd64&apos;, os.version: &apos;10.0&apos;, java.version: &apos;12.0.1&apos;
Driver info: org.openqa.selenium.ie.InternetExplorerDriver
Capabilities {acceptInsecureCerts: false, browserName: internet explorer, browserVersion: 11, javascriptEnabled: true, pageLoadStrategy: normal, platform: WINDOWS, platformName: WINDOWS, proxy: Proxy(), se:ieOptions: {browserAttachTimeout: 0, elementScrollBehavior: 0, enablePersistentHover: true, ie.browserCommandLineSwitches: , ie.ensureCleanSession: false, ie.fileUploadDialogTimeout: 3000, ie.forceCreateProcessApi: false, ignoreProtectedModeSettings: false, ignoreZoomSetting: false, initialBrowserUrl: http://www.atmecs.com/, nativeEvents: true, requireWindowFocus: false}, setWindowRect: true, timeouts: {implicit: 0, pageLoad: 300000, script: 30000}}
Session ID: 4034daae-feb3-46e8-9e46-35edac142bb0
*** Element info: {Using=xpath, value=//div[@id=&apos;footer&apos;]//a[contains(text(),&apos;Cloud Infrastructure&apos;)]}
	at org.openqa.selenium.remote.http.W3CHttpResponseCodec.createException(W3CHttpResponseCodec.java:187)
	at org.openqa.selenium.remote.http.W3CHttpResponseCodec.decode(W3CHttpResponseCodec.java:122)
	at org.openqa.selenium.remote.http.W3CHttpResponseCodec.decode(W3CHttpResponseCodec.java:49)
	at org.openqa.selenium.remote.HttpCommandExecutor.execute(HttpCommandExecutor.java:158)
	at org.openqa.selenium.remote.service.DriverCommandExecutor.execute(DriverCommandExecutor.java:83)
	at org.openqa.selenium.remote.RemoteWebDriver.execute(RemoteWebDriver.java:552)
	at org.openqa.selenium.remote.RemoteWebDriver.findElement(RemoteWebDriver.java:323)
	at org.openqa.selenium.remote.RemoteWebDriver.findElementByXPath(RemoteWebDriver.java:428)
	at org.openqa.selenium.By$ByXPath.findElement(By.java:353)
	at org.openqa.selenium.remote.RemoteWebDriver.findElement(RemoteWebDriver.java:315)
	at com.atmecs.helpers.WebUtility.getText(WebUtility.java:104)
	at com.atmecs.pages.HomePage.ValidateAnchors(HomePage.java:61)
	at com.atmecs.testScripts.ValidateAnchors.isInfrastructureAnchorPresent(ValidateAnchors.java:55)
	at java.base/java.util.concurrent.FutureTask.run(FutureTask.java:264)
	at java.base/java.util.concurrent.ThreadPoolExecutor.runWorker(ThreadPoolExecutor.java:1128)
	at java.base/java.util.concurrent.ThreadPoolExecutor$Worker.run(ThreadPoolExecutor.java:628)
	at java.base/java.lang.Thread.run(Thread.java:835)
... Removed 21 stack frames</pre></div><a href='#' onClick='toggleBox("stack-trace1883205254", this, "Click to show all stack frames", "Click to hide stack frames")'>Click to show all stack frames</a>
<div class='stack-trace' id='stack-trace1883205254'><pre>org.openqa.selenium.NoSuchElementException: Unable to find element with xpath == //div[@id=&apos;footer&apos;]//a[contains(text(),&apos;Cloud Infrastructure&apos;)]
For documentation on this error, please visit: https://www.seleniumhq.org/exceptions/no_such_element.html
Build info: version: &apos;3.141.59&apos;, revision: &apos;e82be7d358&apos;, time: &apos;2018-11-14T08:17:03&apos;
System info: host: &apos;ATMECSINLT-038&apos;, ip: &apos;55.55.52.193&apos;, os.name: &apos;Windows 10&apos;, os.arch: &apos;amd64&apos;, os.version: &apos;10.0&apos;, java.version: &apos;12.0.1&apos;
Driver info: org.openqa.selenium.ie.InternetExplorerDriver
Capabilities {acceptInsecureCerts: false, browserName: internet explorer, browserVersion: 11, javascriptEnabled: true, pageLoadStrategy: normal, platform: WINDOWS, platformName: WINDOWS, proxy: Proxy(), se:ieOptions: {browserAttachTimeout: 0, elementScrollBehavior: 0, enablePersistentHover: true, ie.browserCommandLineSwitches: , ie.ensureCleanSession: false, ie.fileUploadDialogTimeout: 3000, ie.forceCreateProcessApi: false, ignoreProtectedModeSettings: false, ignoreZoomSetting: false, initialBrowserUrl: http://www.atmecs.com/, nativeEvents: true, requireWindowFocus: false}, setWindowRect: true, timeouts: {implicit: 0, pageLoad: 300000, script: 30000}}
Session ID: 4034daae-feb3-46e8-9e46-35edac142bb0
*** Element info: {Using=xpath, value=//div[@id=&apos;footer&apos;]//a[contains(text(),&apos;Cloud Infrastructure&apos;)]}
	at java.base/jdk.internal.reflect.NativeConstructorAccessorImpl.newInstance0(Native Method)
	at java.base/jdk.internal.reflect.NativeConstructorAccessorImpl.newInstance(NativeConstructorAccessorImpl.java:62)
	at java.base/jdk.internal.reflect.DelegatingConstructorAccessorImpl.newInstance(DelegatingConstructorAccessorImpl.java:45)
	at java.base/java.lang.reflect.Constructor.newInstanceWithCaller(Constructor.java:500)
	at java.base/java.lang.reflect.Constructor.newInstance(Constructor.java:481)
	at org.openqa.selenium.remote.http.W3CHttpResponseCodec.createException(W3CHttpResponseCodec.java:187)
	at org.openqa.selenium.remote.http.W3CHttpResponseCodec.decode(W3CHttpResponseCodec.java:122)
	at org.openqa.selenium.remote.http.W3CHttpResponseCodec.decode(W3CHttpResponseCodec.java:49)
	at org.openqa.selenium.remote.HttpCommandExecutor.execute(HttpCommandExecutor.java:158)
	at org.openqa.selenium.remote.service.DriverCommandExecutor.execute(DriverCommandExecutor.java:83)
	at org.openqa.selenium.remote.RemoteWebDriver.execute(RemoteWebDriver.java:552)
	at org.openqa.selenium.remote.RemoteWebDriver.findElement(RemoteWebDriver.java:323)
	at org.openqa.selenium.remote.RemoteWebDriver.findElementByXPath(RemoteWebDriver.java:428)
	at org.openqa.selenium.By$ByXPath.findElement(By.java:353)
	at org.openqa.selenium.remote.RemoteWebDriver.findElement(RemoteWebDriver.java:315)
	at com.atmecs.helpers.WebUtility.getText(WebUtility.java:104)
	at com.atmecs.pages.HomePage.ValidateAnchors(HomePage.java:61)
	at com.atmecs.testScripts.ValidateAnchors.isInfrastructureAnchorPresent(ValidateAnchors.java:55)
	at java.base/jdk.internal.reflect.NativeMethodAccessorImpl.invoke0(Native Method)
	at java.base/jdk.internal.reflect.NativeMethodAccessorImpl.invoke(NativeMethodAccessorImpl.java:62)
	at java.base/jdk.internal.reflect.DelegatingMethodAccessorImpl.invoke(DelegatingMethodAccessorImpl.java:43)
	at java.base/java.lang.reflect.Method.invoke(Method.java:567)
	at org.testng.internal.MethodInvocationHelper.invokeMethod(MethodInvocationHelper.java:124)
	at org.testng.internal.Invoker.invokeMethod(Invoker.java:583)
	at org.testng.internal.Invoker.invokeTestMethod(Invoker.java:719)
	at org.testng.internal.Invoker.invokeTestMethods(Invoker.java:989)
	at org.testng.internal.TestMethodWorker.invokeTestMethods(TestMethodWorker.java:125)
	at org.testng.internal.TestMethodWorker.run(TestMethodWorker.java:109)
	at org.testng.TestRunner.privateRun(TestRunner.java:648)
	at org.testng.TestRunner.run(TestRunner.java:505)
	at org.testng.SuiteRunner.runTest(SuiteRunner.java:455)
	at org.testng.SuiteRunner.access$000(SuiteRunner.java:40)
	at org.testng.SuiteRunner$SuiteWorker.run(SuiteRunner.java:489)
	at org.testng.internal.thread.ThreadUtil$1.call(ThreadUtil.java:52)
	at java.base/java.util.concurrent.FutureTask.run(FutureTask.java:264)
	at java.base/java.util.concurrent.ThreadPoolExecutor.runWorker(ThreadPoolExecutor.java:1128)
	at java.base/java.util.concurrent.ThreadPoolExecutor$Worker.run(ThreadPoolExecutor.java:628)
	at java.base/java.lang.Thread.run(Thread.java:835)
</pre></div></td>
<td>6</td>
<td>com.atmecs.testScripts.ValidateAnchors@43301423</td></tr>
<tr>
<td title='com.atmecs.testScripts.ValidateAnchors.isInfrastructureAnchorPresent()'><b>isInfrastructureAnchorPresent</b><br>Test class: com.atmecs.testScripts.ValidateAnchors<br>Parameters: Devops</td>
<td><div><pre>org.openqa.selenium.NoSuchElementException: Unable to find element with xpath == //div[@id=&apos;footer&apos;]//a[contains(text(),&apos;Devops&apos;)]
For documentation on this error, please visit: https://www.seleniumhq.org/exceptions/no_such_element.html
Build info: version: &apos;3.141.59&apos;, revision: &apos;e82be7d358&apos;, time: &apos;2018-11-14T08:17:03&apos;
System info: host: &apos;ATMECSINLT-038&apos;, ip: &apos;55.55.52.193&apos;, os.name: &apos;Windows 10&apos;, os.arch: &apos;amd64&apos;, os.version: &apos;10.0&apos;, java.version: &apos;12.0.1&apos;
Driver info: org.openqa.selenium.ie.InternetExplorerDriver
Capabilities {acceptInsecureCerts: false, browserName: internet explorer, browserVersion: 11, javascriptEnabled: true, pageLoadStrategy: normal, platform: WINDOWS, platformName: WINDOWS, proxy: Proxy(), se:ieOptions: {browserAttachTimeout: 0, elementScrollBehavior: 0, enablePersistentHover: true, ie.browserCommandLineSwitches: , ie.ensureCleanSession: false, ie.fileUploadDialogTimeout: 3000, ie.forceCreateProcessApi: false, ignoreProtectedModeSettings: false, ignoreZoomSetting: false, initialBrowserUrl: http://www.atmecs.com/, nativeEvents: true, requireWindowFocus: false}, setWindowRect: true, timeouts: {implicit: 0, pageLoad: 300000, script: 30000}}
Session ID: 4034daae-feb3-46e8-9e46-35edac142bb0
*** Element info: {Using=xpath, value=//div[@id=&apos;footer&apos;]//a[contains(text(),&apos;Devops&apos;)]}
	at org.openqa.selenium.remote.http.W3CHttpResponseCodec.createException(W3CHttpResponseCodec.java:187)
	at org.openqa.selenium.remote.http.W3CHttpResponseCodec.decode(W3CHttpResponseCodec.java:122)
	at org.openqa.selenium.remote.http.W3CHttpResponseCodec.decode(W3CHttpResponseCodec.java:49)
	at org.openqa.selenium.remote.HttpCommandExecutor.execute(HttpCommandExecutor.java:158)
	at org.openqa.selenium.remote.service.DriverCommandExecutor.execute(DriverCommandExecutor.java:83)
	at org.openqa.selenium.remote.RemoteWebDriver.execute(RemoteWebDriver.java:552)
	at org.openqa.selenium.remote.RemoteWebDriver.findElement(RemoteWebDriver.java:323)
	at org.openqa.selenium.remote.RemoteWebDriver.findElementByXPath(RemoteWebDriver.java:428)
	at org.openqa.selenium.By$ByXPath.findElement(By.java:353)
	at org.openqa.selenium.remote.RemoteWebDriver.findElement(RemoteWebDriver.java:315)
	at com.atmecs.helpers.WebUtility.getText(WebUtility.java:104)
	at com.atmecs.pages.HomePage.ValidateAnchors(HomePage.java:61)
	at com.atmecs.testScripts.ValidateAnchors.isInfrastructureAnchorPresent(ValidateAnchors.java:55)
	at java.base/java.util.concurrent.FutureTask.run(FutureTask.java:264)
	at java.base/java.util.concurrent.ThreadPoolExecutor.runWorker(ThreadPoolExecutor.java:1128)
	at java.base/java.util.concurrent.ThreadPoolExecutor$Worker.run(ThreadPoolExecutor.java:628)
	at java.base/java.lang.Thread.run(Thread.java:835)
... Removed 21 stack frames</pre></div><a href='#' onClick='toggleBox("stack-trace2058720624", this, "Click to show all stack frames", "Click to hide stack frames")'>Click to show all stack frames</a>
<div class='stack-trace' id='stack-trace2058720624'><pre>org.openqa.selenium.NoSuchElementException: Unable to find element with xpath == //div[@id=&apos;footer&apos;]//a[contains(text(),&apos;Devops&apos;)]
For documentation on this error, please visit: https://www.seleniumhq.org/exceptions/no_such_element.html
Build info: version: &apos;3.141.59&apos;, revision: &apos;e82be7d358&apos;, time: &apos;2018-11-14T08:17:03&apos;
System info: host: &apos;ATMECSINLT-038&apos;, ip: &apos;55.55.52.193&apos;, os.name: &apos;Windows 10&apos;, os.arch: &apos;amd64&apos;, os.version: &apos;10.0&apos;, java.version: &apos;12.0.1&apos;
Driver info: org.openqa.selenium.ie.InternetExplorerDriver
Capabilities {acceptInsecureCerts: false, browserName: internet explorer, browserVersion: 11, javascriptEnabled: true, pageLoadStrategy: normal, platform: WINDOWS, platformName: WINDOWS, proxy: Proxy(), se:ieOptions: {browserAttachTimeout: 0, elementScrollBehavior: 0, enablePersistentHover: true, ie.browserCommandLineSwitches: , ie.ensureCleanSession: false, ie.fileUploadDialogTimeout: 3000, ie.forceCreateProcessApi: false, ignoreProtectedModeSettings: false, ignoreZoomSetting: false, initialBrowserUrl: http://www.atmecs.com/, nativeEvents: true, requireWindowFocus: false}, setWindowRect: true, timeouts: {implicit: 0, pageLoad: 300000, script: 30000}}
Session ID: 4034daae-feb3-46e8-9e46-35edac142bb0
*** Element info: {Using=xpath, value=//div[@id=&apos;footer&apos;]//a[contains(text(),&apos;Devops&apos;)]}
	at java.base/jdk.internal.reflect.NativeConstructorAccessorImpl.newInstance0(Native Method)
	at java.base/jdk.internal.reflect.NativeConstructorAccessorImpl.newInstance(NativeConstructorAccessorImpl.java:62)
	at java.base/jdk.internal.reflect.DelegatingConstructorAccessorImpl.newInstance(DelegatingConstructorAccessorImpl.java:45)
	at java.base/java.lang.reflect.Constructor.newInstanceWithCaller(Constructor.java:500)
	at java.base/java.lang.reflect.Constructor.newInstance(Constructor.java:481)
	at org.openqa.selenium.remote.http.W3CHttpResponseCodec.createException(W3CHttpResponseCodec.java:187)
	at org.openqa.selenium.remote.http.W3CHttpResponseCodec.decode(W3CHttpResponseCodec.java:122)
	at org.openqa.selenium.remote.http.W3CHttpResponseCodec.decode(W3CHttpResponseCodec.java:49)
	at org.openqa.selenium.remote.HttpCommandExecutor.execute(HttpCommandExecutor.java:158)
	at org.openqa.selenium.remote.service.DriverCommandExecutor.execute(DriverCommandExecutor.java:83)
	at org.openqa.selenium.remote.RemoteWebDriver.execute(RemoteWebDriver.java:552)
	at org.openqa.selenium.remote.RemoteWebDriver.findElement(RemoteWebDriver.java:323)
	at org.openqa.selenium.remote.RemoteWebDriver.findElementByXPath(RemoteWebDriver.java:428)
	at org.openqa.selenium.By$ByXPath.findElement(By.java:353)
	at org.openqa.selenium.remote.RemoteWebDriver.findElement(RemoteWebDriver.java:315)
	at com.atmecs.helpers.WebUtility.getText(WebUtility.java:104)
	at com.atmecs.pages.HomePage.ValidateAnchors(HomePage.java:61)
	at com.atmecs.testScripts.ValidateAnchors.isInfrastructureAnchorPresent(ValidateAnchors.java:55)
	at java.base/jdk.internal.reflect.NativeMethodAccessorImpl.invoke0(Native Method)
	at java.base/jdk.internal.reflect.NativeMethodAccessorImpl.invoke(NativeMethodAccessorImpl.java:62)
	at java.base/jdk.internal.reflect.DelegatingMethodAccessorImpl.invoke(DelegatingMethodAccessorImpl.java:43)
	at java.base/java.lang.reflect.Method.invoke(Method.java:567)
	at org.testng.internal.MethodInvocationHelper.invokeMethod(MethodInvocationHelper.java:124)
	at org.testng.internal.Invoker.invokeMethod(Invoker.java:583)
	at org.testng.internal.Invoker.invokeTestMethod(Invoker.java:719)
	at org.testng.internal.Invoker.invokeTestMethods(Invoker.java:989)
	at org.testng.internal.TestMethodWorker.invokeTestMethods(TestMethodWorker.java:125)
	at org.testng.internal.TestMethodWorker.run(TestMethodWorker.java:109)
	at org.testng.TestRunner.privateRun(TestRunner.java:648)
	at org.testng.TestRunner.run(TestRunner.java:505)
	at org.testng.SuiteRunner.runTest(SuiteRunner.java:455)
	at org.testng.SuiteRunner.access$000(SuiteRunner.java:40)
	at org.testng.SuiteRunner$SuiteWorker.run(SuiteRunner.java:489)
	at org.testng.internal.thread.ThreadUtil$1.call(ThreadUtil.java:52)
	at java.base/java.util.concurrent.FutureTask.run(FutureTask.java:264)
	at java.base/java.util.concurrent.ThreadPoolExecutor.runWorker(ThreadPoolExecutor.java:1128)
	at java.base/java.util.concurrent.ThreadPoolExecutor$Worker.run(ThreadPoolExecutor.java:628)
	at java.base/java.lang.Thread.run(Thread.java:835)
</pre></div></td>
<td>6</td>
<td>com.atmecs.testScripts.ValidateAnchors@43301423</td></tr>
<tr>
<td title='com.atmecs.testScripts.ValidateAnchors.isInfrastructureAnchorPresent()'><b>isInfrastructureAnchorPresent</b><br>Test class: com.atmecs.testScripts.ValidateAnchors<br>Parameters: NOC Services</td>
<td><div><pre>org.openqa.selenium.NoSuchElementException: Unable to find element with xpath == //div[@id=&apos;footer&apos;]//a[contains(text(),&apos;NOC Services&apos;)]
For documentation on this error, please visit: https://www.seleniumhq.org/exceptions/no_such_element.html
Build info: version: &apos;3.141.59&apos;, revision: &apos;e82be7d358&apos;, time: &apos;2018-11-14T08:17:03&apos;
System info: host: &apos;ATMECSINLT-038&apos;, ip: &apos;55.55.52.193&apos;, os.name: &apos;Windows 10&apos;, os.arch: &apos;amd64&apos;, os.version: &apos;10.0&apos;, java.version: &apos;12.0.1&apos;
Driver info: org.openqa.selenium.ie.InternetExplorerDriver
Capabilities {acceptInsecureCerts: false, browserName: internet explorer, browserVersion: 11, javascriptEnabled: true, pageLoadStrategy: normal, platform: WINDOWS, platformName: WINDOWS, proxy: Proxy(), se:ieOptions: {browserAttachTimeout: 0, elementScrollBehavior: 0, enablePersistentHover: true, ie.browserCommandLineSwitches: , ie.ensureCleanSession: false, ie.fileUploadDialogTimeout: 3000, ie.forceCreateProcessApi: false, ignoreProtectedModeSettings: false, ignoreZoomSetting: false, initialBrowserUrl: http://www.atmecs.com/, nativeEvents: true, requireWindowFocus: false}, setWindowRect: true, timeouts: {implicit: 0, pageLoad: 300000, script: 30000}}
Session ID: 4034daae-feb3-46e8-9e46-35edac142bb0
*** Element info: {Using=xpath, value=//div[@id=&apos;footer&apos;]//a[contains(text(),&apos;NOC Services&apos;)]}
	at org.openqa.selenium.remote.http.W3CHttpResponseCodec.createException(W3CHttpResponseCodec.java:187)
	at org.openqa.selenium.remote.http.W3CHttpResponseCodec.decode(W3CHttpResponseCodec.java:122)
	at org.openqa.selenium.remote.http.W3CHttpResponseCodec.decode(W3CHttpResponseCodec.java:49)
	at org.openqa.selenium.remote.HttpCommandExecutor.execute(HttpCommandExecutor.java:158)
	at org.openqa.selenium.remote.service.DriverCommandExecutor.execute(DriverCommandExecutor.java:83)
	at org.openqa.selenium.remote.RemoteWebDriver.execute(RemoteWebDriver.java:552)
	at org.openqa.selenium.remote.RemoteWebDriver.findElement(RemoteWebDriver.java:323)
	at org.openqa.selenium.remote.RemoteWebDriver.findElementByXPath(RemoteWebDriver.java:428)
	at org.openqa.selenium.By$ByXPath.findElement(By.java:353)
	at org.openqa.selenium.remote.RemoteWebDriver.findElement(RemoteWebDriver.java:315)
	at com.atmecs.helpers.WebUtility.getText(WebUtility.java:104)
	at com.atmecs.pages.HomePage.ValidateAnchors(HomePage.java:61)
	at com.atmecs.testScripts.ValidateAnchors.isInfrastructureAnchorPresent(ValidateAnchors.java:55)
	at java.base/java.util.concurrent.FutureTask.run(FutureTask.java:264)
	at java.base/java.util.concurrent.ThreadPoolExecutor.runWorker(ThreadPoolExecutor.java:1128)
	at java.base/java.util.concurrent.ThreadPoolExecutor$Worker.run(ThreadPoolExecutor.java:628)
	at java.base/java.lang.Thread.run(Thread.java:835)
... Removed 20 stack frames</pre></div><a href='#' onClick='toggleBox("stack-trace1613272617", this, "Click to show all stack frames", "Click to hide stack frames")'>Click to show all stack frames</a>
<div class='stack-trace' id='stack-trace1613272617'><pre>org.openqa.selenium.NoSuchElementException: Unable to find element with xpath == //div[@id=&apos;footer&apos;]//a[contains(text(),&apos;NOC Services&apos;)]
For documentation on this error, please visit: https://www.seleniumhq.org/exceptions/no_such_element.html
Build info: version: &apos;3.141.59&apos;, revision: &apos;e82be7d358&apos;, time: &apos;2018-11-14T08:17:03&apos;
System info: host: &apos;ATMECSINLT-038&apos;, ip: &apos;55.55.52.193&apos;, os.name: &apos;Windows 10&apos;, os.arch: &apos;amd64&apos;, os.version: &apos;10.0&apos;, java.version: &apos;12.0.1&apos;
Driver info: org.openqa.selenium.ie.InternetExplorerDriver
Capabilities {acceptInsecureCerts: false, browserName: internet explorer, browserVersion: 11, javascriptEnabled: true, pageLoadStrategy: normal, platform: WINDOWS, platformName: WINDOWS, proxy: Proxy(), se:ieOptions: {browserAttachTimeout: 0, elementScrollBehavior: 0, enablePersistentHover: true, ie.browserCommandLineSwitches: , ie.ensureCleanSession: false, ie.fileUploadDialogTimeout: 3000, ie.forceCreateProcessApi: false, ignoreProtectedModeSettings: false, ignoreZoomSetting: false, initialBrowserUrl: http://www.atmecs.com/, nativeEvents: true, requireWindowFocus: false}, setWindowRect: true, timeouts: {implicit: 0, pageLoad: 300000, script: 30000}}
Session ID: 4034daae-feb3-46e8-9e46-35edac142bb0
*** Element info: {Using=xpath, value=//div[@id=&apos;footer&apos;]//a[contains(text(),&apos;NOC Services&apos;)]}
	at jdk.internal.reflect.GeneratedConstructorAccessor52.newInstance(Unknown Source)
	at java.base/jdk.internal.reflect.DelegatingConstructorAccessorImpl.newInstance(DelegatingConstructorAccessorImpl.java:45)
	at java.base/java.lang.reflect.Constructor.newInstanceWithCaller(Constructor.java:500)
	at java.base/java.lang.reflect.Constructor.newInstance(Constructor.java:481)
	at org.openqa.selenium.remote.http.W3CHttpResponseCodec.createException(W3CHttpResponseCodec.java:187)
	at org.openqa.selenium.remote.http.W3CHttpResponseCodec.decode(W3CHttpResponseCodec.java:122)
	at org.openqa.selenium.remote.http.W3CHttpResponseCodec.decode(W3CHttpResponseCodec.java:49)
	at org.openqa.selenium.remote.HttpCommandExecutor.execute(HttpCommandExecutor.java:158)
	at org.openqa.selenium.remote.service.DriverCommandExecutor.execute(DriverCommandExecutor.java:83)
	at org.openqa.selenium.remote.RemoteWebDriver.execute(RemoteWebDriver.java:552)
	at org.openqa.selenium.remote.RemoteWebDriver.findElement(RemoteWebDriver.java:323)
	at org.openqa.selenium.remote.RemoteWebDriver.findElementByXPath(RemoteWebDriver.java:428)
	at org.openqa.selenium.By$ByXPath.findElement(By.java:353)
	at org.openqa.selenium.remote.RemoteWebDriver.findElement(RemoteWebDriver.java:315)
	at com.atmecs.helpers.WebUtility.getText(WebUtility.java:104)
	at com.atmecs.pages.HomePage.ValidateAnchors(HomePage.java:61)
	at com.atmecs.testScripts.ValidateAnchors.isInfrastructureAnchorPresent(ValidateAnchors.java:55)
	at java.base/jdk.internal.reflect.NativeMethodAccessorImpl.invoke0(Native Method)
	at java.base/jdk.internal.reflect.NativeMethodAccessorImpl.invoke(NativeMethodAccessorImpl.java:62)
	at java.base/jdk.internal.reflect.DelegatingMethodAccessorImpl.invoke(DelegatingMethodAccessorImpl.java:43)
	at java.base/java.lang.reflect.Method.invoke(Method.java:567)
	at org.testng.internal.MethodInvocationHelper.invokeMethod(MethodInvocationHelper.java:124)
	at org.testng.internal.Invoker.invokeMethod(Invoker.java:583)
	at org.testng.internal.Invoker.invokeTestMethod(Invoker.java:719)
	at org.testng.internal.Invoker.invokeTestMethods(Invoker.java:989)
	at org.testng.internal.TestMethodWorker.invokeTestMethods(TestMethodWorker.java:125)
	at org.testng.internal.TestMethodWorker.run(TestMethodWorker.java:109)
	at org.testng.TestRunner.privateRun(TestRunner.java:648)
	at org.testng.TestRunner.run(TestRunner.java:505)
	at org.testng.SuiteRunner.runTest(SuiteRunner.java:455)
	at org.testng.SuiteRunner.access$000(SuiteRunner.java:40)
	at org.testng.SuiteRunner$SuiteWorker.run(SuiteRunner.java:489)
	at org.testng.internal.thread.ThreadUtil$1.call(ThreadUtil.java:52)
	at java.base/java.util.concurrent.FutureTask.run(FutureTask.java:264)
	at java.base/java.util.concurrent.ThreadPoolExecutor.runWorker(ThreadPoolExecutor.java:1128)
	at java.base/java.util.concurrent.ThreadPoolExecutor$Worker.run(ThreadPoolExecutor.java:628)
	at java.base/java.lang.Thread.run(Thread.java:835)
</pre></div></td>
<td>6</td>
<td>com.atmecs.testScripts.ValidateAnchors@43301423</td></tr>
<tr>
<td title='com.atmecs.testScripts.ValidateAnchors.isInfrastructureAnchorPresent()'><b>isInfrastructureAnchorPresent</b><br>Test class: com.atmecs.testScripts.ValidateAnchors<br>Parameters: Data Center Management</td>
<td><div><pre>org.openqa.selenium.NoSuchElementException: Unable to find element with xpath == //div[@id=&apos;footer&apos;]//a[contains(text(),&apos;Data Center Management&apos;)]
For documentation on this error, please visit: https://www.seleniumhq.org/exceptions/no_such_element.html
Build info: version: &apos;3.141.59&apos;, revision: &apos;e82be7d358&apos;, time: &apos;2018-11-14T08:17:03&apos;
System info: host: &apos;ATMECSINLT-038&apos;, ip: &apos;55.55.52.193&apos;, os.name: &apos;Windows 10&apos;, os.arch: &apos;amd64&apos;, os.version: &apos;10.0&apos;, java.version: &apos;12.0.1&apos;
Driver info: org.openqa.selenium.ie.InternetExplorerDriver
Capabilities {acceptInsecureCerts: false, browserName: internet explorer, browserVersion: 11, javascriptEnabled: true, pageLoadStrategy: normal, platform: WINDOWS, platformName: WINDOWS, proxy: Proxy(), se:ieOptions: {browserAttachTimeout: 0, elementScrollBehavior: 0, enablePersistentHover: true, ie.browserCommandLineSwitches: , ie.ensureCleanSession: false, ie.fileUploadDialogTimeout: 3000, ie.forceCreateProcessApi: false, ignoreProtectedModeSettings: false, ignoreZoomSetting: false, initialBrowserUrl: http://www.atmecs.com/, nativeEvents: true, requireWindowFocus: false}, setWindowRect: true, timeouts: {implicit: 0, pageLoad: 300000, script: 30000}}
Session ID: 4034daae-feb3-46e8-9e46-35edac142bb0
*** Element info: {Using=xpath, value=//div[@id=&apos;footer&apos;]//a[contains(text(),&apos;Data Center Management&apos;)]}
	at org.openqa.selenium.remote.http.W3CHttpResponseCodec.createException(W3CHttpResponseCodec.java:187)
	at org.openqa.selenium.remote.http.W3CHttpResponseCodec.decode(W3CHttpResponseCodec.java:122)
	at org.openqa.selenium.remote.http.W3CHttpResponseCodec.decode(W3CHttpResponseCodec.java:49)
	at org.openqa.selenium.remote.HttpCommandExecutor.execute(HttpCommandExecutor.java:158)
	at org.openqa.selenium.remote.service.DriverCommandExecutor.execute(DriverCommandExecutor.java:83)
	at org.openqa.selenium.remote.RemoteWebDriver.execute(RemoteWebDriver.java:552)
	at org.openqa.selenium.remote.RemoteWebDriver.findElement(RemoteWebDriver.java:323)
	at org.openqa.selenium.remote.RemoteWebDriver.findElementByXPath(RemoteWebDriver.java:428)
	at org.openqa.selenium.By$ByXPath.findElement(By.java:353)
	at org.openqa.selenium.remote.RemoteWebDriver.findElement(RemoteWebDriver.java:315)
	at com.atmecs.helpers.WebUtility.getText(WebUtility.java:104)
	at com.atmecs.pages.HomePage.ValidateAnchors(HomePage.java:61)
	at com.atmecs.testScripts.ValidateAnchors.isInfrastructureAnchorPresent(ValidateAnchors.java:55)
	at java.base/java.util.concurrent.FutureTask.run(FutureTask.java:264)
	at java.base/java.util.concurrent.ThreadPoolExecutor.runWorker(ThreadPoolExecutor.java:1128)
	at java.base/java.util.concurrent.ThreadPoolExecutor$Worker.run(ThreadPoolExecutor.java:628)
	at java.base/java.lang.Thread.run(Thread.java:835)
... Removed 19 stack frames</pre></div><a href='#' onClick='toggleBox("stack-trace116565772", this, "Click to show all stack frames", "Click to hide stack frames")'>Click to show all stack frames</a>
<div class='stack-trace' id='stack-trace116565772'><pre>org.openqa.selenium.NoSuchElementException: Unable to find element with xpath == //div[@id=&apos;footer&apos;]//a[contains(text(),&apos;Data Center Management&apos;)]
For documentation on this error, please visit: https://www.seleniumhq.org/exceptions/no_such_element.html
Build info: version: &apos;3.141.59&apos;, revision: &apos;e82be7d358&apos;, time: &apos;2018-11-14T08:17:03&apos;
System info: host: &apos;ATMECSINLT-038&apos;, ip: &apos;55.55.52.193&apos;, os.name: &apos;Windows 10&apos;, os.arch: &apos;amd64&apos;, os.version: &apos;10.0&apos;, java.version: &apos;12.0.1&apos;
Driver info: org.openqa.selenium.ie.InternetExplorerDriver
Capabilities {acceptInsecureCerts: false, browserName: internet explorer, browserVersion: 11, javascriptEnabled: true, pageLoadStrategy: normal, platform: WINDOWS, platformName: WINDOWS, proxy: Proxy(), se:ieOptions: {browserAttachTimeout: 0, elementScrollBehavior: 0, enablePersistentHover: true, ie.browserCommandLineSwitches: , ie.ensureCleanSession: false, ie.fileUploadDialogTimeout: 3000, ie.forceCreateProcessApi: false, ignoreProtectedModeSettings: false, ignoreZoomSetting: false, initialBrowserUrl: http://www.atmecs.com/, nativeEvents: true, requireWindowFocus: false}, setWindowRect: true, timeouts: {implicit: 0, pageLoad: 300000, script: 30000}}
Session ID: 4034daae-feb3-46e8-9e46-35edac142bb0
*** Element info: {Using=xpath, value=//div[@id=&apos;footer&apos;]//a[contains(text(),&apos;Data Center Management&apos;)]}
	at jdk.internal.reflect.GeneratedConstructorAccessor52.newInstance(Unknown Source)
	at java.base/jdk.internal.reflect.DelegatingConstructorAccessorImpl.newInstance(DelegatingConstructorAccessorImpl.java:45)
	at java.base/java.lang.reflect.Constructor.newInstanceWithCaller(Constructor.java:500)
	at java.base/java.lang.reflect.Constructor.newInstance(Constructor.java:481)
	at org.openqa.selenium.remote.http.W3CHttpResponseCodec.createException(W3CHttpResponseCodec.java:187)
	at org.openqa.selenium.remote.http.W3CHttpResponseCodec.decode(W3CHttpResponseCodec.java:122)
	at org.openqa.selenium.remote.http.W3CHttpResponseCodec.decode(W3CHttpResponseCodec.java:49)
	at org.openqa.selenium.remote.HttpCommandExecutor.execute(HttpCommandExecutor.java:158)
	at org.openqa.selenium.remote.service.DriverCommandExecutor.execute(DriverCommandExecutor.java:83)
	at org.openqa.selenium.remote.RemoteWebDriver.execute(RemoteWebDriver.java:552)
	at org.openqa.selenium.remote.RemoteWebDriver.findElement(RemoteWebDriver.java:323)
	at org.openqa.selenium.remote.RemoteWebDriver.findElementByXPath(RemoteWebDriver.java:428)
	at org.openqa.selenium.By$ByXPath.findElement(By.java:353)
	at org.openqa.selenium.remote.RemoteWebDriver.findElement(RemoteWebDriver.java:315)
	at com.atmecs.helpers.WebUtility.getText(WebUtility.java:104)
	at com.atmecs.pages.HomePage.ValidateAnchors(HomePage.java:61)
	at com.atmecs.testScripts.ValidateAnchors.isInfrastructureAnchorPresent(ValidateAnchors.java:55)
	at jdk.internal.reflect.GeneratedMethodAccessor17.invoke(Unknown Source)
	at java.base/jdk.internal.reflect.DelegatingMethodAccessorImpl.invoke(DelegatingMethodAccessorImpl.java:43)
	at java.base/java.lang.reflect.Method.invoke(Method.java:567)
	at org.testng.internal.MethodInvocationHelper.invokeMethod(MethodInvocationHelper.java:124)
	at org.testng.internal.Invoker.invokeMethod(Invoker.java:583)
	at org.testng.internal.Invoker.invokeTestMethod(Invoker.java:719)
	at org.testng.internal.Invoker.invokeTestMethods(Invoker.java:989)
	at org.testng.internal.TestMethodWorker.invokeTestMethods(TestMethodWorker.java:125)
	at org.testng.internal.TestMethodWorker.run(TestMethodWorker.java:109)
	at org.testng.TestRunner.privateRun(TestRunner.java:648)
	at org.testng.TestRunner.run(TestRunner.java:505)
	at org.testng.SuiteRunner.runTest(SuiteRunner.java:455)
	at org.testng.SuiteRunner.access$000(SuiteRunner.java:40)
	at org.testng.SuiteRunner$SuiteWorker.run(SuiteRunner.java:489)
	at org.testng.internal.thread.ThreadUtil$1.call(ThreadUtil.java:52)
	at java.base/java.util.concurrent.FutureTask.run(FutureTask.java:264)
	at java.base/java.util.concurrent.ThreadPoolExecutor.runWorker(ThreadPoolExecutor.java:1128)
	at java.base/java.util.concurrent.ThreadPoolExecutor$Worker.run(ThreadPoolExecutor.java:628)
	at java.base/java.lang.Thread.run(Thread.java:835)
</pre></div></td>
<td>6</td>
<td>com.atmecs.testScripts.ValidateAnchors@43301423</td></tr>
<tr>
<td title='com.atmecs.testScripts.InsightsValidation.validateBreadCrumb()'><b>validateBreadCrumb</b><br>Test class: com.atmecs.testScripts.InsightsValidation</td>
<td><div><pre>org.openqa.selenium.NoSuchElementException: Unable to find element with xpath == (//span[@class=&apos;breadcrumb&apos;])[1]
For documentation on this error, please visit: https://www.seleniumhq.org/exceptions/no_such_element.html
Build info: version: &apos;3.141.59&apos;, revision: &apos;e82be7d358&apos;, time: &apos;2018-11-14T08:17:03&apos;
System info: host: &apos;ATMECSINLT-038&apos;, ip: &apos;55.55.52.193&apos;, os.name: &apos;Windows 10&apos;, os.arch: &apos;amd64&apos;, os.version: &apos;10.0&apos;, java.version: &apos;12.0.1&apos;
Driver info: org.openqa.selenium.ie.InternetExplorerDriver
Capabilities {acceptInsecureCerts: false, browserName: internet explorer, browserVersion: 11, javascriptEnabled: true, pageLoadStrategy: normal, platform: WINDOWS, platformName: WINDOWS, proxy: Proxy(), se:ieOptions: {browserAttachTimeout: 0, elementScrollBehavior: 0, enablePersistentHover: true, ie.browserCommandLineSwitches: , ie.ensureCleanSession: false, ie.fileUploadDialogTimeout: 3000, ie.forceCreateProcessApi: false, ignoreProtectedModeSettings: false, ignoreZoomSetting: false, initialBrowserUrl: http://www.atmecs.com/, nativeEvents: true, requireWindowFocus: false}, setWindowRect: true, timeouts: {implicit: 0, pageLoad: 300000, script: 30000}}
Session ID: d5b77591-da4e-432a-8456-53f35694b7a4
*** Element info: {Using=xpath, value=(//span[@class=&apos;breadcrumb&apos;])[1]}
	at org.openqa.selenium.remote.http.W3CHttpResponseCodec.createException(W3CHttpResponseCodec.java:187)
	at org.openqa.selenium.remote.http.W3CHttpResponseCodec.decode(W3CHttpResponseCodec.java:122)
	at org.openqa.selenium.remote.http.W3CHttpResponseCodec.decode(W3CHttpResponseCodec.java:49)
	at org.openqa.selenium.remote.HttpCommandExecutor.execute(HttpCommandExecutor.java:158)
	at org.openqa.selenium.remote.service.DriverCommandExecutor.execute(DriverCommandExecutor.java:83)
	at org.openqa.selenium.remote.RemoteWebDriver.execute(RemoteWebDriver.java:552)
	at org.openqa.selenium.remote.RemoteWebDriver.findElement(RemoteWebDriver.java:323)
	at org.openqa.selenium.remote.RemoteWebDriver.findElementByXPath(RemoteWebDriver.java:428)
	at org.openqa.selenium.By$ByXPath.findElement(By.java:353)
	at org.openqa.selenium.remote.RemoteWebDriver.findElement(RemoteWebDriver.java:315)
	at com.atmecs.helpers.WebUtility.getText(WebUtility.java:104)
	at com.atmecs.pages.InsightPage.validateBreadcrumb(InsightPage.java:60)
	at com.atmecs.testScripts.InsightsValidation.validateBreadCrumb(InsightsValidation.java:78)
	at java.base/java.util.concurrent.FutureTask.run(FutureTask.java:264)
	at java.base/java.util.concurrent.ThreadPoolExecutor.runWorker(ThreadPoolExecutor.java:1128)
	at java.base/java.util.concurrent.ThreadPoolExecutor$Worker.run(ThreadPoolExecutor.java:628)
	at java.base/java.lang.Thread.run(Thread.java:835)
... Removed 20 stack frames</pre></div><a href='#' onClick='toggleBox("stack-trace481823714", this, "Click to show all stack frames", "Click to hide stack frames")'>Click to show all stack frames</a>
<div class='stack-trace' id='stack-trace481823714'><pre>org.openqa.selenium.NoSuchElementException: Unable to find element with xpath == (//span[@class=&apos;breadcrumb&apos;])[1]
For documentation on this error, please visit: https://www.seleniumhq.org/exceptions/no_such_element.html
Build info: version: &apos;3.141.59&apos;, revision: &apos;e82be7d358&apos;, time: &apos;2018-11-14T08:17:03&apos;
System info: host: &apos;ATMECSINLT-038&apos;, ip: &apos;55.55.52.193&apos;, os.name: &apos;Windows 10&apos;, os.arch: &apos;amd64&apos;, os.version: &apos;10.0&apos;, java.version: &apos;12.0.1&apos;
Driver info: org.openqa.selenium.ie.InternetExplorerDriver
Capabilities {acceptInsecureCerts: false, browserName: internet explorer, browserVersion: 11, javascriptEnabled: true, pageLoadStrategy: normal, platform: WINDOWS, platformName: WINDOWS, proxy: Proxy(), se:ieOptions: {browserAttachTimeout: 0, elementScrollBehavior: 0, enablePersistentHover: true, ie.browserCommandLineSwitches: , ie.ensureCleanSession: false, ie.fileUploadDialogTimeout: 3000, ie.forceCreateProcessApi: false, ignoreProtectedModeSettings: false, ignoreZoomSetting: false, initialBrowserUrl: http://www.atmecs.com/, nativeEvents: true, requireWindowFocus: false}, setWindowRect: true, timeouts: {implicit: 0, pageLoad: 300000, script: 30000}}
Session ID: d5b77591-da4e-432a-8456-53f35694b7a4
*** Element info: {Using=xpath, value=(//span[@class=&apos;breadcrumb&apos;])[1]}
	at jdk.internal.reflect.GeneratedConstructorAccessor52.newInstance(Unknown Source)
	at java.base/jdk.internal.reflect.DelegatingConstructorAccessorImpl.newInstance(DelegatingConstructorAccessorImpl.java:45)
	at java.base/java.lang.reflect.Constructor.newInstanceWithCaller(Constructor.java:500)
	at java.base/java.lang.reflect.Constructor.newInstance(Constructor.java:481)
	at org.openqa.selenium.remote.http.W3CHttpResponseCodec.createException(W3CHttpResponseCodec.java:187)
	at org.openqa.selenium.remote.http.W3CHttpResponseCodec.decode(W3CHttpResponseCodec.java:122)
	at org.openqa.selenium.remote.http.W3CHttpResponseCodec.decode(W3CHttpResponseCodec.java:49)
	at org.openqa.selenium.remote.HttpCommandExecutor.execute(HttpCommandExecutor.java:158)
	at org.openqa.selenium.remote.service.DriverCommandExecutor.execute(DriverCommandExecutor.java:83)
	at org.openqa.selenium.remote.RemoteWebDriver.execute(RemoteWebDriver.java:552)
	at org.openqa.selenium.remote.RemoteWebDriver.findElement(RemoteWebDriver.java:323)
	at org.openqa.selenium.remote.RemoteWebDriver.findElementByXPath(RemoteWebDriver.java:428)
	at org.openqa.selenium.By$ByXPath.findElement(By.java:353)
	at org.openqa.selenium.remote.RemoteWebDriver.findElement(RemoteWebDriver.java:315)
	at com.atmecs.helpers.WebUtility.getText(WebUtility.java:104)
	at com.atmecs.pages.InsightPage.validateBreadcrumb(InsightPage.java:60)
	at com.atmecs.testScripts.InsightsValidation.validateBreadCrumb(InsightsValidation.java:78)
	at java.base/jdk.internal.reflect.NativeMethodAccessorImpl.invoke0(Native Method)
	at java.base/jdk.internal.reflect.NativeMethodAccessorImpl.invoke(NativeMethodAccessorImpl.java:62)
	at java.base/jdk.internal.reflect.DelegatingMethodAccessorImpl.invoke(DelegatingMethodAccessorImpl.java:43)
	at java.base/java.lang.reflect.Method.invoke(Method.java:567)
	at org.testng.internal.MethodInvocationHelper.invokeMethod(MethodInvocationHelper.java:124)
	at org.testng.internal.Invoker.invokeMethod(Invoker.java:583)
	at org.testng.internal.Invoker.invokeTestMethod(Invoker.java:719)
	at org.testng.internal.Invoker.invokeTestMethods(Invoker.java:989)
	at org.testng.internal.TestMethodWorker.invokeTestMethods(TestMethodWorker.java:125)
	at org.testng.internal.TestMethodWorker.run(TestMethodWorker.java:109)
	at org.testng.TestRunner.privateRun(TestRunner.java:648)
	at org.testng.TestRunner.run(TestRunner.java:505)
	at org.testng.SuiteRunner.runTest(SuiteRunner.java:455)
	at org.testng.SuiteRunner.access$000(SuiteRunner.java:40)
	at org.testng.SuiteRunner$SuiteWorker.run(SuiteRunner.java:489)
	at org.testng.internal.thread.ThreadUtil$1.call(ThreadUtil.java:52)
	at java.base/java.util.concurrent.FutureTask.run(FutureTask.java:264)
	at java.base/java.util.concurrent.ThreadPoolExecutor.runWorker(ThreadPoolExecutor.java:1128)
	at java.base/java.util.concurrent.ThreadPoolExecutor$Worker.run(ThreadPoolExecutor.java:628)
	at java.base/java.lang.Thread.run(Thread.java:835)
</pre></div></td>
<td>6</td>
<td>com.atmecs.testScripts.InsightsValidation@2f112965</td></tr>
<tr>
<td title='com.atmecs.testScripts.InsightsValidation.validateDate()'><b>validateDate</b><br>Test class: com.atmecs.testScripts.InsightsValidation</td>
<td><div><pre>org.openqa.selenium.NoSuchElementException: Unable to find element with xpath == //time[contains(.,&apos;March 15, 2019&apos;)]
For documentation on this error, please visit: https://www.seleniumhq.org/exceptions/no_such_element.html
Build info: version: &apos;3.141.59&apos;, revision: &apos;e82be7d358&apos;, time: &apos;2018-11-14T08:17:03&apos;
System info: host: &apos;ATMECSINLT-038&apos;, ip: &apos;55.55.52.193&apos;, os.name: &apos;Windows 10&apos;, os.arch: &apos;amd64&apos;, os.version: &apos;10.0&apos;, java.version: &apos;12.0.1&apos;
Driver info: org.openqa.selenium.ie.InternetExplorerDriver
Capabilities {acceptInsecureCerts: false, browserName: internet explorer, browserVersion: 11, javascriptEnabled: true, pageLoadStrategy: normal, platform: WINDOWS, platformName: WINDOWS, proxy: Proxy(), se:ieOptions: {browserAttachTimeout: 0, elementScrollBehavior: 0, enablePersistentHover: true, ie.browserCommandLineSwitches: , ie.ensureCleanSession: false, ie.fileUploadDialogTimeout: 3000, ie.forceCreateProcessApi: false, ignoreProtectedModeSettings: false, ignoreZoomSetting: false, initialBrowserUrl: http://www.atmecs.com/, nativeEvents: true, requireWindowFocus: false}, setWindowRect: true, timeouts: {implicit: 0, pageLoad: 300000, script: 30000}}
Session ID: d5b77591-da4e-432a-8456-53f35694b7a4
*** Element info: {Using=xpath, value=//time[contains(.,&apos;March 15, 2019&apos;)]}
	at org.openqa.selenium.remote.http.W3CHttpResponseCodec.createException(W3CHttpResponseCodec.java:187)
	at org.openqa.selenium.remote.http.W3CHttpResponseCodec.decode(W3CHttpResponseCodec.java:122)
	at org.openqa.selenium.remote.http.W3CHttpResponseCodec.decode(W3CHttpResponseCodec.java:49)
	at org.openqa.selenium.remote.HttpCommandExecutor.execute(HttpCommandExecutor.java:158)
	at org.openqa.selenium.remote.service.DriverCommandExecutor.execute(DriverCommandExecutor.java:83)
	at org.openqa.selenium.remote.RemoteWebDriver.execute(RemoteWebDriver.java:552)
	at org.openqa.selenium.remote.RemoteWebDriver.findElement(RemoteWebDriver.java:323)
	at org.openqa.selenium.remote.RemoteWebDriver.findElementByXPath(RemoteWebDriver.java:428)
	at org.openqa.selenium.By$ByXPath.findElement(By.java:353)
	at org.openqa.selenium.remote.RemoteWebDriver.findElement(RemoteWebDriver.java:315)
	at com.atmecs.helpers.WebUtility.getText(WebUtility.java:104)
	at com.atmecs.testflow.BlogPageFlow.getDate(BlogPageFlow.java:54)
	at com.atmecs.pages.InsightPage.validateDateDifference(InsightPage.java:41)
	at com.atmecs.testScripts.InsightsValidation.validateDate(InsightsValidation.java:58)
	at java.base/java.util.concurrent.FutureTask.run(FutureTask.java:264)
	at java.base/java.util.concurrent.ThreadPoolExecutor.runWorker(ThreadPoolExecutor.java:1128)
	at java.base/java.util.concurrent.ThreadPoolExecutor$Worker.run(ThreadPoolExecutor.java:628)
	at java.base/java.lang.Thread.run(Thread.java:835)
... Removed 20 stack frames</pre></div><a href='#' onClick='toggleBox("stack-trace1265938458", this, "Click to show all stack frames", "Click to hide stack frames")'>Click to show all stack frames</a>
<div class='stack-trace' id='stack-trace1265938458'><pre>org.openqa.selenium.NoSuchElementException: Unable to find element with xpath == //time[contains(.,&apos;March 15, 2019&apos;)]
For documentation on this error, please visit: https://www.seleniumhq.org/exceptions/no_such_element.html
Build info: version: &apos;3.141.59&apos;, revision: &apos;e82be7d358&apos;, time: &apos;2018-11-14T08:17:03&apos;
System info: host: &apos;ATMECSINLT-038&apos;, ip: &apos;55.55.52.193&apos;, os.name: &apos;Windows 10&apos;, os.arch: &apos;amd64&apos;, os.version: &apos;10.0&apos;, java.version: &apos;12.0.1&apos;
Driver info: org.openqa.selenium.ie.InternetExplorerDriver
Capabilities {acceptInsecureCerts: false, browserName: internet explorer, browserVersion: 11, javascriptEnabled: true, pageLoadStrategy: normal, platform: WINDOWS, platformName: WINDOWS, proxy: Proxy(), se:ieOptions: {browserAttachTimeout: 0, elementScrollBehavior: 0, enablePersistentHover: true, ie.browserCommandLineSwitches: , ie.ensureCleanSession: false, ie.fileUploadDialogTimeout: 3000, ie.forceCreateProcessApi: false, ignoreProtectedModeSettings: false, ignoreZoomSetting: false, initialBrowserUrl: http://www.atmecs.com/, nativeEvents: true, requireWindowFocus: false}, setWindowRect: true, timeouts: {implicit: 0, pageLoad: 300000, script: 30000}}
Session ID: d5b77591-da4e-432a-8456-53f35694b7a4
*** Element info: {Using=xpath, value=//time[contains(.,&apos;March 15, 2019&apos;)]}
	at jdk.internal.reflect.GeneratedConstructorAccessor52.newInstance(Unknown Source)
	at java.base/jdk.internal.reflect.DelegatingConstructorAccessorImpl.newInstance(DelegatingConstructorAccessorImpl.java:45)
	at java.base/java.lang.reflect.Constructor.newInstanceWithCaller(Constructor.java:500)
	at java.base/java.lang.reflect.Constructor.newInstance(Constructor.java:481)
	at org.openqa.selenium.remote.http.W3CHttpResponseCodec.createException(W3CHttpResponseCodec.java:187)
	at org.openqa.selenium.remote.http.W3CHttpResponseCodec.decode(W3CHttpResponseCodec.java:122)
	at org.openqa.selenium.remote.http.W3CHttpResponseCodec.decode(W3CHttpResponseCodec.java:49)
	at org.openqa.selenium.remote.HttpCommandExecutor.execute(HttpCommandExecutor.java:158)
	at org.openqa.selenium.remote.service.DriverCommandExecutor.execute(DriverCommandExecutor.java:83)
	at org.openqa.selenium.remote.RemoteWebDriver.execute(RemoteWebDriver.java:552)
	at org.openqa.selenium.remote.RemoteWebDriver.findElement(RemoteWebDriver.java:323)
	at org.openqa.selenium.remote.RemoteWebDriver.findElementByXPath(RemoteWebDriver.java:428)
	at org.openqa.selenium.By$ByXPath.findElement(By.java:353)
	at org.openqa.selenium.remote.RemoteWebDriver.findElement(RemoteWebDriver.java:315)
	at com.atmecs.helpers.WebUtility.getText(WebUtility.java:104)
	at com.atmecs.testflow.BlogPageFlow.getDate(BlogPageFlow.java:54)
	at com.atmecs.pages.InsightPage.validateDateDifference(InsightPage.java:41)
	at com.atmecs.testScripts.InsightsValidation.validateDate(InsightsValidation.java:58)
	at java.base/jdk.internal.reflect.NativeMethodAccessorImpl.invoke0(Native Method)
	at java.base/jdk.internal.reflect.NativeMethodAccessorImpl.invoke(NativeMethodAccessorImpl.java:62)
	at java.base/jdk.internal.reflect.DelegatingMethodAccessorImpl.invoke(DelegatingMethodAccessorImpl.java:43)
	at java.base/java.lang.reflect.Method.invoke(Method.java:567)
	at org.testng.internal.MethodInvocationHelper.invokeMethod(MethodInvocationHelper.java:124)
	at org.testng.internal.Invoker.invokeMethod(Invoker.java:583)
	at org.testng.internal.Invoker.invokeTestMethod(Invoker.java:719)
	at org.testng.internal.Invoker.invokeTestMethods(Invoker.java:989)
	at org.testng.internal.TestMethodWorker.invokeTestMethods(TestMethodWorker.java:125)
	at org.testng.internal.TestMethodWorker.run(TestMethodWorker.java:109)
	at org.testng.TestRunner.privateRun(TestRunner.java:648)
	at org.testng.TestRunner.run(TestRunner.java:505)
	at org.testng.SuiteRunner.runTest(SuiteRunner.java:455)
	at org.testng.SuiteRunner.access$000(SuiteRunner.java:40)
	at org.testng.SuiteRunner$SuiteWorker.run(SuiteRunner.java:489)
	at org.testng.internal.thread.ThreadUtil$1.call(ThreadUtil.java:52)
	at java.base/java.util.concurrent.FutureTask.run(FutureTask.java:264)
	at java.base/java.util.concurrent.ThreadPoolExecutor.runWorker(ThreadPoolExecutor.java:1128)
	at java.base/java.util.concurrent.ThreadPoolExecutor$Worker.run(ThreadPoolExecutor.java:628)
	at java.base/java.lang.Thread.run(Thread.java:835)
</pre></div></td>
<td>6</td>
<td>com.atmecs.testScripts.InsightsValidation@2f112965</td></tr>
<tr>
<td title='com.atmecs.testScripts.InsightsValidation.validateErrorMsg()'><b>validateErrorMsg</b><br>Test class: com.atmecs.testScripts.InsightsValidation</td>
<td><div><pre>org.openqa.selenium.NoSuchElementException: Unable to find element with xpath == (//div[@id=&apos;respond&apos;]//form//p[@class=&apos;form-submit&apos;]//input)[1]
For documentation on this error, please visit: https://www.seleniumhq.org/exceptions/no_such_element.html
Build info: version: &apos;3.141.59&apos;, revision: &apos;e82be7d358&apos;, time: &apos;2018-11-14T08:17:03&apos;
System info: host: &apos;ATMECSINLT-038&apos;, ip: &apos;55.55.52.193&apos;, os.name: &apos;Windows 10&apos;, os.arch: &apos;amd64&apos;, os.version: &apos;10.0&apos;, java.version: &apos;12.0.1&apos;
Driver info: org.openqa.selenium.ie.InternetExplorerDriver
Capabilities {acceptInsecureCerts: false, browserName: internet explorer, browserVersion: 11, javascriptEnabled: true, pageLoadStrategy: normal, platform: WINDOWS, platformName: WINDOWS, proxy: Proxy(), se:ieOptions: {browserAttachTimeout: 0, elementScrollBehavior: 0, enablePersistentHover: true, ie.browserCommandLineSwitches: , ie.ensureCleanSession: false, ie.fileUploadDialogTimeout: 3000, ie.forceCreateProcessApi: false, ignoreProtectedModeSettings: false, ignoreZoomSetting: false, initialBrowserUrl: http://www.atmecs.com/, nativeEvents: true, requireWindowFocus: false}, setWindowRect: true, timeouts: {implicit: 0, pageLoad: 300000, script: 30000}}
Session ID: d5b77591-da4e-432a-8456-53f35694b7a4
*** Element info: {Using=xpath, value=(//div[@id=&apos;respond&apos;]//form//p[@class=&apos;form-submit&apos;]//input)[1]}
	at org.openqa.selenium.remote.http.W3CHttpResponseCodec.createException(W3CHttpResponseCodec.java:187)
	at org.openqa.selenium.remote.http.W3CHttpResponseCodec.decode(W3CHttpResponseCodec.java:122)
	at org.openqa.selenium.remote.http.W3CHttpResponseCodec.decode(W3CHttpResponseCodec.java:49)
	at org.openqa.selenium.remote.HttpCommandExecutor.execute(HttpCommandExecutor.java:158)
	at org.openqa.selenium.remote.service.DriverCommandExecutor.execute(DriverCommandExecutor.java:83)
	at org.openqa.selenium.remote.RemoteWebDriver.execute(RemoteWebDriver.java:552)
	at org.openqa.selenium.remote.RemoteWebDriver.findElement(RemoteWebDriver.java:323)
	at org.openqa.selenium.remote.RemoteWebDriver.findElementByXPath(RemoteWebDriver.java:428)
	at org.openqa.selenium.By$ByXPath.findElement(By.java:353)
	at org.openqa.selenium.remote.RemoteWebDriver.findElement(RemoteWebDriver.java:315)
	at com.atmecs.helpers.WebUtility$1.apply(WebUtility.java:49)
	at com.atmecs.helpers.WebUtility$1.apply(WebUtility.java:1)
	at org.openqa.selenium.support.ui.FluentWait.until(FluentWait.java:249)
	at com.atmecs.helpers.WebUtility.clickElement(WebUtility.java:47)
	at com.atmecs.testflow.BlogPageFlow.clickSubmit(BlogPageFlow.java:43)
	at com.atmecs.testScripts.InsightsValidation.validateErrorMsg(InsightsValidation.java:86)
	at java.base/java.util.concurrent.FutureTask.run(FutureTask.java:264)
	at java.base/java.util.concurrent.ThreadPoolExecutor.runWorker(ThreadPoolExecutor.java:1128)
	at java.base/java.util.concurrent.ThreadPoolExecutor$Worker.run(ThreadPoolExecutor.java:628)
	at java.base/java.lang.Thread.run(Thread.java:835)
... Removed 20 stack frames</pre></div><a href='#' onClick='toggleBox("stack-trace1864613038", this, "Click to show all stack frames", "Click to hide stack frames")'>Click to show all stack frames</a>
<div class='stack-trace' id='stack-trace1864613038'><pre>org.openqa.selenium.NoSuchElementException: Unable to find element with xpath == (//div[@id=&apos;respond&apos;]//form//p[@class=&apos;form-submit&apos;]//input)[1]
For documentation on this error, please visit: https://www.seleniumhq.org/exceptions/no_such_element.html
Build info: version: &apos;3.141.59&apos;, revision: &apos;e82be7d358&apos;, time: &apos;2018-11-14T08:17:03&apos;
System info: host: &apos;ATMECSINLT-038&apos;, ip: &apos;55.55.52.193&apos;, os.name: &apos;Windows 10&apos;, os.arch: &apos;amd64&apos;, os.version: &apos;10.0&apos;, java.version: &apos;12.0.1&apos;
Driver info: org.openqa.selenium.ie.InternetExplorerDriver
Capabilities {acceptInsecureCerts: false, browserName: internet explorer, browserVersion: 11, javascriptEnabled: true, pageLoadStrategy: normal, platform: WINDOWS, platformName: WINDOWS, proxy: Proxy(), se:ieOptions: {browserAttachTimeout: 0, elementScrollBehavior: 0, enablePersistentHover: true, ie.browserCommandLineSwitches: , ie.ensureCleanSession: false, ie.fileUploadDialogTimeout: 3000, ie.forceCreateProcessApi: false, ignoreProtectedModeSettings: false, ignoreZoomSetting: false, initialBrowserUrl: http://www.atmecs.com/, nativeEvents: true, requireWindowFocus: false}, setWindowRect: true, timeouts: {implicit: 0, pageLoad: 300000, script: 30000}}
Session ID: d5b77591-da4e-432a-8456-53f35694b7a4
*** Element info: {Using=xpath, value=(//div[@id=&apos;respond&apos;]//form//p[@class=&apos;form-submit&apos;]//input)[1]}
	at jdk.internal.reflect.GeneratedConstructorAccessor52.newInstance(Unknown Source)
	at java.base/jdk.internal.reflect.DelegatingConstructorAccessorImpl.newInstance(DelegatingConstructorAccessorImpl.java:45)
	at java.base/java.lang.reflect.Constructor.newInstanceWithCaller(Constructor.java:500)
	at java.base/java.lang.reflect.Constructor.newInstance(Constructor.java:481)
	at org.openqa.selenium.remote.http.W3CHttpResponseCodec.createException(W3CHttpResponseCodec.java:187)
	at org.openqa.selenium.remote.http.W3CHttpResponseCodec.decode(W3CHttpResponseCodec.java:122)
	at org.openqa.selenium.remote.http.W3CHttpResponseCodec.decode(W3CHttpResponseCodec.java:49)
	at org.openqa.selenium.remote.HttpCommandExecutor.execute(HttpCommandExecutor.java:158)
	at org.openqa.selenium.remote.service.DriverCommandExecutor.execute(DriverCommandExecutor.java:83)
	at org.openqa.selenium.remote.RemoteWebDriver.execute(RemoteWebDriver.java:552)
	at org.openqa.selenium.remote.RemoteWebDriver.findElement(RemoteWebDriver.java:323)
	at org.openqa.selenium.remote.RemoteWebDriver.findElementByXPath(RemoteWebDriver.java:428)
	at org.openqa.selenium.By$ByXPath.findElement(By.java:353)
	at org.openqa.selenium.remote.RemoteWebDriver.findElement(RemoteWebDriver.java:315)
	at com.atmecs.helpers.WebUtility$1.apply(WebUtility.java:49)
	at com.atmecs.helpers.WebUtility$1.apply(WebUtility.java:1)
	at org.openqa.selenium.support.ui.FluentWait.until(FluentWait.java:249)
	at com.atmecs.helpers.WebUtility.clickElement(WebUtility.java:47)
	at com.atmecs.testflow.BlogPageFlow.clickSubmit(BlogPageFlow.java:43)
	at com.atmecs.testScripts.InsightsValidation.validateErrorMsg(InsightsValidation.java:86)
	at java.base/jdk.internal.reflect.NativeMethodAccessorImpl.invoke0(Native Method)
	at java.base/jdk.internal.reflect.NativeMethodAccessorImpl.invoke(NativeMethodAccessorImpl.java:62)
	at java.base/jdk.internal.reflect.DelegatingMethodAccessorImpl.invoke(DelegatingMethodAccessorImpl.java:43)
	at java.base/java.lang.reflect.Method.invoke(Method.java:567)
	at org.testng.internal.MethodInvocationHelper.invokeMethod(MethodInvocationHelper.java:124)
	at org.testng.internal.Invoker.invokeMethod(Invoker.java:583)
	at org.testng.internal.Invoker.invokeTestMethod(Invoker.java:719)
	at org.testng.internal.Invoker.invokeTestMethods(Invoker.java:989)
	at org.testng.internal.TestMethodWorker.invokeTestMethods(TestMethodWorker.java:125)
	at org.testng.internal.TestMethodWorker.run(TestMethodWorker.java:109)
	at org.testng.TestRunner.privateRun(TestRunner.java:648)
	at org.testng.TestRunner.run(TestRunner.java:505)
	at org.testng.SuiteRunner.runTest(SuiteRunner.java:455)
	at org.testng.SuiteRunner.access$000(SuiteRunner.java:40)
	at org.testng.SuiteRunner$SuiteWorker.run(SuiteRunner.java:489)
	at org.testng.internal.thread.ThreadUtil$1.call(ThreadUtil.java:52)
	at java.base/java.util.concurrent.FutureTask.run(FutureTask.java:264)
	at java.base/java.util.concurrent.ThreadPoolExecutor.runWorker(ThreadPoolExecutor.java:1128)
	at java.base/java.util.concurrent.ThreadPoolExecutor$Worker.run(ThreadPoolExecutor.java:628)
	at java.base/java.lang.Thread.run(Thread.java:835)
</pre></div></td>
<td>7</td>
<td>com.atmecs.testScripts.InsightsValidation@2f112965</td></tr>
<tr>
<td title='com.atmecs.testScripts.InsightsValidation.validateTitle()'><b>validateTitle</b><br>Test class: com.atmecs.testScripts.InsightsValidation</td>
<td><div><pre>org.openqa.selenium.NoSuchElementException: Unable to find element with xpath == //h1[contains(@class,&apos;page-title&apos;)]
For documentation on this error, please visit: https://www.seleniumhq.org/exceptions/no_such_element.html
Build info: version: &apos;3.141.59&apos;, revision: &apos;e82be7d358&apos;, time: &apos;2018-11-14T08:17:03&apos;
System info: host: &apos;ATMECSINLT-038&apos;, ip: &apos;55.55.52.193&apos;, os.name: &apos;Windows 10&apos;, os.arch: &apos;amd64&apos;, os.version: &apos;10.0&apos;, java.version: &apos;12.0.1&apos;
Driver info: org.openqa.selenium.ie.InternetExplorerDriver
Capabilities {acceptInsecureCerts: false, browserName: internet explorer, browserVersion: 11, javascriptEnabled: true, pageLoadStrategy: normal, platform: WINDOWS, platformName: WINDOWS, proxy: Proxy(), se:ieOptions: {browserAttachTimeout: 0, elementScrollBehavior: 0, enablePersistentHover: true, ie.browserCommandLineSwitches: , ie.ensureCleanSession: false, ie.fileUploadDialogTimeout: 3000, ie.forceCreateProcessApi: false, ignoreProtectedModeSettings: false, ignoreZoomSetting: false, initialBrowserUrl: http://www.atmecs.com/, nativeEvents: true, requireWindowFocus: false}, setWindowRect: true, timeouts: {implicit: 0, pageLoad: 300000, script: 30000}}
Session ID: d5b77591-da4e-432a-8456-53f35694b7a4
*** Element info: {Using=xpath, value=//h1[contains(@class,&apos;page-title&apos;)]}
	at org.openqa.selenium.remote.http.W3CHttpResponseCodec.createException(W3CHttpResponseCodec.java:187)
	at org.openqa.selenium.remote.http.W3CHttpResponseCodec.decode(W3CHttpResponseCodec.java:122)
	at org.openqa.selenium.remote.http.W3CHttpResponseCodec.decode(W3CHttpResponseCodec.java:49)
	at org.openqa.selenium.remote.HttpCommandExecutor.execute(HttpCommandExecutor.java:158)
	at org.openqa.selenium.remote.service.DriverCommandExecutor.execute(DriverCommandExecutor.java:83)
	at org.openqa.selenium.remote.RemoteWebDriver.execute(RemoteWebDriver.java:552)
	at org.openqa.selenium.remote.RemoteWebDriver.findElement(RemoteWebDriver.java:323)
	at org.openqa.selenium.remote.RemoteWebDriver.findElementByXPath(RemoteWebDriver.java:428)
	at org.openqa.selenium.By$ByXPath.findElement(By.java:353)
	at org.openqa.selenium.remote.RemoteWebDriver.findElement(RemoteWebDriver.java:315)
	at com.atmecs.helpers.WebUtility.getText(WebUtility.java:104)
	at com.atmecs.pages.InsightPage.validateBlogTitle(InsightPage.java:51)
	at com.atmecs.testScripts.InsightsValidation.validateTitle(InsightsValidation.java:68)
	at java.base/java.util.concurrent.FutureTask.run(FutureTask.java:264)
	at java.base/java.util.concurrent.ThreadPoolExecutor.runWorker(ThreadPoolExecutor.java:1128)
	at java.base/java.util.concurrent.ThreadPoolExecutor$Worker.run(ThreadPoolExecutor.java:628)
	at java.base/java.lang.Thread.run(Thread.java:835)
... Removed 20 stack frames</pre></div><a href='#' onClick='toggleBox("stack-trace919580711", this, "Click to show all stack frames", "Click to hide stack frames")'>Click to show all stack frames</a>
<div class='stack-trace' id='stack-trace919580711'><pre>org.openqa.selenium.NoSuchElementException: Unable to find element with xpath == //h1[contains(@class,&apos;page-title&apos;)]
For documentation on this error, please visit: https://www.seleniumhq.org/exceptions/no_such_element.html
Build info: version: &apos;3.141.59&apos;, revision: &apos;e82be7d358&apos;, time: &apos;2018-11-14T08:17:03&apos;
System info: host: &apos;ATMECSINLT-038&apos;, ip: &apos;55.55.52.193&apos;, os.name: &apos;Windows 10&apos;, os.arch: &apos;amd64&apos;, os.version: &apos;10.0&apos;, java.version: &apos;12.0.1&apos;
Driver info: org.openqa.selenium.ie.InternetExplorerDriver
Capabilities {acceptInsecureCerts: false, browserName: internet explorer, browserVersion: 11, javascriptEnabled: true, pageLoadStrategy: normal, platform: WINDOWS, platformName: WINDOWS, proxy: Proxy(), se:ieOptions: {browserAttachTimeout: 0, elementScrollBehavior: 0, enablePersistentHover: true, ie.browserCommandLineSwitches: , ie.ensureCleanSession: false, ie.fileUploadDialogTimeout: 3000, ie.forceCreateProcessApi: false, ignoreProtectedModeSettings: false, ignoreZoomSetting: false, initialBrowserUrl: http://www.atmecs.com/, nativeEvents: true, requireWindowFocus: false}, setWindowRect: true, timeouts: {implicit: 0, pageLoad: 300000, script: 30000}}
Session ID: d5b77591-da4e-432a-8456-53f35694b7a4
*** Element info: {Using=xpath, value=//h1[contains(@class,&apos;page-title&apos;)]}
	at jdk.internal.reflect.GeneratedConstructorAccessor52.newInstance(Unknown Source)
	at java.base/jdk.internal.reflect.DelegatingConstructorAccessorImpl.newInstance(DelegatingConstructorAccessorImpl.java:45)
	at java.base/java.lang.reflect.Constructor.newInstanceWithCaller(Constructor.java:500)
	at java.base/java.lang.reflect.Constructor.newInstance(Constructor.java:481)
	at org.openqa.selenium.remote.http.W3CHttpResponseCodec.createException(W3CHttpResponseCodec.java:187)
	at org.openqa.selenium.remote.http.W3CHttpResponseCodec.decode(W3CHttpResponseCodec.java:122)
	at org.openqa.selenium.remote.http.W3CHttpResponseCodec.decode(W3CHttpResponseCodec.java:49)
	at org.openqa.selenium.remote.HttpCommandExecutor.execute(HttpCommandExecutor.java:158)
	at org.openqa.selenium.remote.service.DriverCommandExecutor.execute(DriverCommandExecutor.java:83)
	at org.openqa.selenium.remote.RemoteWebDriver.execute(RemoteWebDriver.java:552)
	at org.openqa.selenium.remote.RemoteWebDriver.findElement(RemoteWebDriver.java:323)
	at org.openqa.selenium.remote.RemoteWebDriver.findElementByXPath(RemoteWebDriver.java:428)
	at org.openqa.selenium.By$ByXPath.findElement(By.java:353)
	at org.openqa.selenium.remote.RemoteWebDriver.findElement(RemoteWebDriver.java:315)
	at com.atmecs.helpers.WebUtility.getText(WebUtility.java:104)
	at com.atmecs.pages.InsightPage.validateBlogTitle(InsightPage.java:51)
	at com.atmecs.testScripts.InsightsValidation.validateTitle(InsightsValidation.java:68)
	at java.base/jdk.internal.reflect.NativeMethodAccessorImpl.invoke0(Native Method)
	at java.base/jdk.internal.reflect.NativeMethodAccessorImpl.invoke(NativeMethodAccessorImpl.java:62)
	at java.base/jdk.internal.reflect.DelegatingMethodAccessorImpl.invoke(DelegatingMethodAccessorImpl.java:43)
	at java.base/java.lang.reflect.Method.invoke(Method.java:567)
	at org.testng.internal.MethodInvocationHelper.invokeMethod(MethodInvocationHelper.java:124)
	at org.testng.internal.Invoker.invokeMethod(Invoker.java:583)
	at org.testng.internal.Invoker.invokeTestMethod(Invoker.java:719)
	at org.testng.internal.Invoker.invokeTestMethods(Invoker.java:989)
	at org.testng.internal.TestMethodWorker.invokeTestMethods(TestMethodWorker.java:125)
	at org.testng.internal.TestMethodWorker.run(TestMethodWorker.java:109)
	at org.testng.TestRunner.privateRun(TestRunner.java:648)
	at org.testng.TestRunner.run(TestRunner.java:505)
	at org.testng.SuiteRunner.runTest(SuiteRunner.java:455)
	at org.testng.SuiteRunner.access$000(SuiteRunner.java:40)
	at org.testng.SuiteRunner$SuiteWorker.run(SuiteRunner.java:489)
	at org.testng.internal.thread.ThreadUtil$1.call(ThreadUtil.java:52)
	at java.base/java.util.concurrent.FutureTask.run(FutureTask.java:264)
	at java.base/java.util.concurrent.ThreadPoolExecutor.runWorker(ThreadPoolExecutor.java:1128)
	at java.base/java.util.concurrent.ThreadPoolExecutor$Worker.run(ThreadPoolExecutor.java:628)
	at java.base/java.lang.Thread.run(Thread.java:835)
</pre></div></td>
<td>6</td>
<td>com.atmecs.testScripts.InsightsValidation@2f112965</td></tr>
</table><p>
<table width='100%' border='1' class='invocation-passed'>
<tr><td colspan='4' align='center'><b>PASSED TESTS</b></td></tr>
<tr><td><b>Test method</b></td>
<td width="30%"><b>Exception</b></td>
<td width="10%"><b>Time (seconds)</b></td>
<td><b>Instance</b></td>
</tr>
<tr>
<td title='com.atmecs.testScripts.HomePagetestscripts.clickContactUs()'><b>clickContactUs</b><br>Test class: com.atmecs.testScripts.HomePagetestscripts</td>
<td></td>
<td>6</td>
<td>com.atmecs.testScripts.HomePagetestscripts@3c9d0b9d</td></tr>
<tr>
<td title='com.atmecs.testScripts.HomePagetestscripts.clickHeaderAboutUs()'><b>clickHeaderAboutUs</b><br>Test class: com.atmecs.testScripts.HomePagetestscripts</td>
<td></td>
<td>4</td>
<td>com.atmecs.testScripts.HomePagetestscripts@3c9d0b9d</td></tr>
<tr>
<td title='com.atmecs.testScripts.HomePagetestscripts.clickHeaderCareers()'><b>clickHeaderCareers</b><br>Test class: com.atmecs.testScripts.HomePagetestscripts</td>
<td></td>
<td>6</td>
<td>com.atmecs.testScripts.HomePagetestscripts@3c9d0b9d</td></tr>
<tr>
<td title='com.atmecs.testScripts.HomePagetestscripts.clickHeaderMedia()'><b>clickHeaderMedia</b><br>Test class: com.atmecs.testScripts.HomePagetestscripts</td>
<td></td>
<td>0</td>
<td>com.atmecs.testScripts.HomePagetestscripts@3c9d0b9d</td></tr>
<tr>
<td title='com.atmecs.testScripts.HomePagetestscripts.clickHeaderPartners()'><b>clickHeaderPartners</b><br>Test class: com.atmecs.testScripts.HomePagetestscripts</td>
<td></td>
<td>0</td>
<td>com.atmecs.testScripts.HomePagetestscripts@3c9d0b9d</td></tr>
<tr>
<td title='com.atmecs.testScripts.HomePagetestscripts.clickHeaderServices()'><b>clickHeaderServices</b><br>Test class: com.atmecs.testScripts.HomePagetestscripts</td>
<td></td>
<td>8</td>
<td>com.atmecs.testScripts.HomePagetestscripts@3c9d0b9d</td></tr>
<tr>
<td title='com.atmecs.testScripts.HomePagetestscripts.clickInsights()'><b>clickInsights</b><br>Test class: com.atmecs.testScripts.HomePagetestscripts</td>
<td></td>
<td>0</td>
<td>com.atmecs.testScripts.HomePagetestscripts@3c9d0b9d</td></tr>
<tr>
<td title='com.atmecs.testScripts.HomePageMoreInfotestscripts.clickMoreInfo()'><b>clickMoreInfo</b><br>Test class: com.atmecs.testScripts.HomePageMoreInfotestscripts<br>Parameters: Artificial Intelligence/Machine Learing | Leap at the possibilities of AI/ML, Home › Services › Digital Life › Artificial Intelligence / Machine Learning</td>
<td></td>
<td>7</td>
<td>com.atmecs.testScripts.HomePageMoreInfotestscripts@1a04f701</td></tr>
<tr>
<td title='com.atmecs.testScripts.HomePageMoreInfotestscripts.clickMoreInfo()'><b>clickMoreInfo</b><br>Test class: com.atmecs.testScripts.HomePageMoreInfotestscripts<br>Parameters: Mixed Reality | We engineer the technology. You achieve the unreal., Home › Services › Digital Life › Augmented Reality / Virtual Reality</td>
<td></td>
<td>6</td>
<td>com.atmecs.testScripts.HomePageMoreInfotestscripts@1a04f701</td></tr>
<tr>
<td title='com.atmecs.testScripts.HomePageMoreInfotestscripts.clickMoreInfo()'><b>clickMoreInfo</b><br>Test class: com.atmecs.testScripts.HomePageMoreInfotestscripts<br>Parameters: Internet of Things | Reform your customer experience with IoT Data, Home › Services › Digital Life › Internet of Things</td>
<td></td>
<td>6</td>
<td>com.atmecs.testScripts.HomePageMoreInfotestscripts@1a04f701</td></tr>
<tr>
<td title='com.atmecs.testScripts.HomePagetestscripts.homePageRedirection()'><b>homePageRedirection</b><br>Test class: com.atmecs.testScripts.HomePagetestscripts</td>
<td></td>
<td>0</td>
<td>com.atmecs.testScripts.HomePagetestscripts@3c9d0b9d</td></tr>
<tr>
<td title='com.atmecs.testScripts.ValidateAnchors.isDigitalLifeAnchorPresent()'><b>isDigitalLifeAnchorPresent</b><br>Test class: com.atmecs.testScripts.ValidateAnchors<br>Parameters: Artificial Intelligence / Machine Learning</td>
<td></td>
<td>0</td>
<td>com.atmecs.testScripts.ValidateAnchors@43301423</td></tr>
<tr>
<td title='com.atmecs.testScripts.ValidateAnchors.isDigitalLifeAnchorPresent()'><b>isDigitalLifeAnchorPresent</b><br>Test class: com.atmecs.testScripts.ValidateAnchors<br>Parameters: Augmented Reality / Virtual Reality</td>
<td></td>
<td>0</td>
<td>com.atmecs.testScripts.ValidateAnchors@43301423</td></tr>
<tr>
<td title='com.atmecs.testScripts.ValidateAnchors.isDigitalLifeAnchorPresent()'><b>isDigitalLifeAnchorPresent</b><br>Test class: com.atmecs.testScripts.ValidateAnchors<br>Parameters: Internet of Things</td>
<td></td>
<td>0</td>
<td>com.atmecs.testScripts.ValidateAnchors@43301423</td></tr>
<tr>
<td title='com.atmecs.testScripts.ValidateAnchors.isDigitalLifeAnchorPresent()'><b>isDigitalLifeAnchorPresent</b><br>Test class: com.atmecs.testScripts.ValidateAnchors<br>Parameters: Blockchain</td>
<td></td>
<td>0</td>
<td>com.atmecs.testScripts.ValidateAnchors@43301423</td></tr>
<tr>
<td title='com.atmecs.testScripts.ValidateAnchors.isDigitalLifeAnchorPresent()'><b>isDigitalLifeAnchorPresent</b><br>Test class: com.atmecs.testScripts.ValidateAnchors<br>Parameters: Robotic Process Automation & ChatBOTs</td>
<td></td>
<td>0</td>
<td>com.atmecs.testScripts.ValidateAnchors@43301423</td></tr>
<tr>
<td title='com.atmecs.testScripts.ValidateAnchors.isDigitalLifeAnchorPresent()'><b>isDigitalLifeAnchorPresent</b><br>Test class: com.atmecs.testScripts.ValidateAnchors<br>Parameters: null</td>
<td></td>
<td>0</td>
<td>com.atmecs.testScripts.ValidateAnchors@43301423</td></tr>
<tr>
<td title='com.atmecs.testScripts.ValidateAnchors.isInfrastructureAnchorPresent()'><b>isInfrastructureAnchorPresent</b><br>Test class: com.atmecs.testScripts.ValidateAnchors<br>Parameters: null</td>
<td></td>
<td>0</td>
<td>com.atmecs.testScripts.ValidateAnchors@43301423</td></tr>
<tr>
<td title='com.atmecs.testScripts.ValidateAnchors.moveToDigitalLife()'><b>moveToDigitalLife</b><br>Test class: com.atmecs.testScripts.ValidateAnchors</td>
<td></td>
<td>5</td>
<td>com.atmecs.testScripts.ValidateAnchors@43301423</td></tr>
<tr>
<td title='com.atmecs.testScripts.ValidateAnchors.moveToInfrastructure()'><b>moveToInfrastructure</b><br>Test class: com.atmecs.testScripts.ValidateAnchors</td>
<td></td>
<td>5</td>
<td>com.atmecs.testScripts.ValidateAnchors@43301423</td></tr>
<tr>
<td title='com.atmecs.testScripts.HomePagetestscripts.validatefooterForAboutUs()'><b>validatefooterForAboutUs</b><br>Test class: com.atmecs.testScripts.HomePagetestscripts<br>Parameters: Home</td>
<td></td>
<td>0</td>
<td>com.atmecs.testScripts.HomePagetestscripts@3c9d0b9d</td></tr>
<tr>
<td title='com.atmecs.testScripts.HomePagetestscripts.validatefooterForAboutUs()'><b>validatefooterForAboutUs</b><br>Test class: com.atmecs.testScripts.HomePagetestscripts<br>Parameters: About Us</td>
<td></td>
<td>0</td>
<td>com.atmecs.testScripts.HomePagetestscripts@3c9d0b9d</td></tr>
<tr>
<td title='com.atmecs.testScripts.HomePagetestscripts.validatefooterForAboutUs()'><b>validatefooterForAboutUs</b><br>Test class: com.atmecs.testScripts.HomePagetestscripts<br>Parameters: Services</td>
<td></td>
<td>0</td>
<td>com.atmecs.testScripts.HomePagetestscripts@3c9d0b9d</td></tr>
<tr>
<td title='com.atmecs.testScripts.HomePagetestscripts.validatefooterForAboutUs()'><b>validatefooterForAboutUs</b><br>Test class: com.atmecs.testScripts.HomePagetestscripts<br>Parameters: Partners</td>
<td></td>
<td>0</td>
<td>com.atmecs.testScripts.HomePagetestscripts@3c9d0b9d</td></tr>
<tr>
<td title='com.atmecs.testScripts.HomePagetestscripts.validatefooterForAboutUs()'><b>validatefooterForAboutUs</b><br>Test class: com.atmecs.testScripts.HomePagetestscripts<br>Parameters: Case Studies old</td>
<td></td>
<td>0</td>
<td>com.atmecs.testScripts.HomePagetestscripts@3c9d0b9d</td></tr>
<tr>
<td title='com.atmecs.testScripts.HomePagetestscripts.validatefooterForAboutUs()'><b>validatefooterForAboutUs</b><br>Test class: com.atmecs.testScripts.HomePagetestscripts<br>Parameters: News</td>
<td></td>
<td>1</td>
<td>com.atmecs.testScripts.HomePagetestscripts@3c9d0b9d</td></tr>
<tr>
<td title='com.atmecs.testScripts.HomePagetestscripts.validatefooterForAboutUs()'><b>validatefooterForAboutUs</b><br>Test class: com.atmecs.testScripts.HomePagetestscripts<br>Parameters: Careers</td>
<td></td>
<td>0</td>
<td>com.atmecs.testScripts.HomePagetestscripts@3c9d0b9d</td></tr>
<tr>
<td title='com.atmecs.testScripts.HomePagetestscripts.validatefooterForAboutUs()'><b>validatefooterForAboutUs</b><br>Test class: com.atmecs.testScripts.HomePagetestscripts<br>Parameters: Contact Us</td>
<td></td>
<td>0</td>
<td>com.atmecs.testScripts.HomePagetestscripts@3c9d0b9d</td></tr>
<tr>
<td title='com.atmecs.testScripts.HomePagetestscripts.validatefooterForAboutUs()'><b>validatefooterForAboutUs</b><br>Test class: com.atmecs.testScripts.HomePagetestscripts<br>Parameters: Artificial Intelligence / Machine Learning</td>
<td></td>
<td>0</td>
<td>com.atmecs.testScripts.HomePagetestscripts@3c9d0b9d</td></tr>
<tr>
<td title='com.atmecs.testScripts.HomePagetestscripts.validatefooterForAboutUs()'><b>validatefooterForAboutUs</b><br>Test class: com.atmecs.testScripts.HomePagetestscripts<br>Parameters: Augmented Reality / Virtual Reality</td>
<td></td>
<td>0</td>
<td>com.atmecs.testScripts.HomePagetestscripts@3c9d0b9d</td></tr>
<tr>
<td title='com.atmecs.testScripts.HomePagetestscripts.validatefooterForAboutUs()'><b>validatefooterForAboutUs</b><br>Test class: com.atmecs.testScripts.HomePagetestscripts<br>Parameters: Quality Engineering</td>
<td></td>
<td>0</td>
<td>com.atmecs.testScripts.HomePagetestscripts@3c9d0b9d</td></tr>
<tr>
<td title='com.atmecs.testScripts.HomePagetestscripts.validatefooterForAboutUs()'><b>validatefooterForAboutUs</b><br>Test class: com.atmecs.testScripts.HomePagetestscripts<br>Parameters: Blockchain</td>
<td></td>
<td>0</td>
<td>com.atmecs.testScripts.HomePagetestscripts@3c9d0b9d</td></tr>
<tr>
<td title='com.atmecs.testScripts.HomePagetestscripts.validatefooterForAboutUs()'><b>validatefooterForAboutUs</b><br>Test class: com.atmecs.testScripts.HomePagetestscripts<br>Parameters: Robotic Process Automation & ChatBOTs</td>
<td></td>
<td>0</td>
<td>com.atmecs.testScripts.HomePagetestscripts@3c9d0b9d</td></tr>
<tr>
<td title='com.atmecs.testScripts.HomePagetestscripts.validatefooterForAboutUs()'><b>validatefooterForAboutUs</b><br>Test class: com.atmecs.testScripts.HomePagetestscripts<br>Parameters: Cloud Services</td>
<td></td>
<td>0</td>
<td>com.atmecs.testScripts.HomePagetestscripts@3c9d0b9d</td></tr>
<tr>
<td title='com.atmecs.testScripts.HomePagetestscripts.validatefooterForAboutUs()'><b>validatefooterForAboutUs</b><br>Test class: com.atmecs.testScripts.HomePagetestscripts<br>Parameters: Enterprise Analytics</td>
<td></td>
<td>0</td>
<td>com.atmecs.testScripts.HomePagetestscripts@3c9d0b9d</td></tr>
<tr>
<td title='com.atmecs.testScripts.HomePagetestscripts.validatefooterForAboutUs()'><b>validatefooterForAboutUs</b><br>Test class: com.atmecs.testScripts.HomePagetestscripts<br>Parameters: Internet of Things</td>
<td></td>
<td>0</td>
<td>com.atmecs.testScripts.HomePagetestscripts@3c9d0b9d</td></tr>
<tr>
<td title='com.atmecs.testScripts.HomePagetestscripts.validatefooterForAboutUs()'><b>validatefooterForAboutUs</b><br>Test class: com.atmecs.testScripts.HomePagetestscripts<br>Parameters: Mobile Computing</td>
<td></td>
<td>0</td>
<td>com.atmecs.testScripts.HomePagetestscripts@3c9d0b9d</td></tr>
<tr>
<td title='com.atmecs.testScripts.HomePagetestscripts.validatefooterForAboutUs()'><b>validatefooterForAboutUs</b><br>Test class: com.atmecs.testScripts.HomePagetestscripts<br>Parameters: Product Engineering</td>
<td></td>
<td>0</td>
<td>com.atmecs.testScripts.HomePagetestscripts@3c9d0b9d</td></tr>
<tr>
<td title='com.atmecs.testScripts.HomePagetestscripts.validatefooterForAboutUs()'><b>validatefooterForAboutUs</b><br>Test class: com.atmecs.testScripts.HomePagetestscripts<br>Parameters: Automation Engineer</td>
<td></td>
<td>0</td>
<td>com.atmecs.testScripts.HomePagetestscripts@3c9d0b9d</td></tr>
<tr>
<td title='com.atmecs.testScripts.HomePagetestscripts.validatefooterForAboutUs()'><b>validatefooterForAboutUs</b><br>Test class: com.atmecs.testScripts.HomePagetestscripts<br>Parameters: DevOps Engineer</td>
<td></td>
<td>0</td>
<td>com.atmecs.testScripts.HomePagetestscripts@3c9d0b9d</td></tr>
<tr>
<td title='com.atmecs.testScripts.HomePagetestscripts.validatefooterForAboutUs()'><b>validatefooterForAboutUs</b><br>Test class: com.atmecs.testScripts.HomePagetestscripts<br>Parameters: Senior .NET Engineer</td>
<td></td>
<td>0</td>
<td>com.atmecs.testScripts.HomePagetestscripts@3c9d0b9d</td></tr>
<tr>
<td title='com.atmecs.testScripts.HomePagetestscripts.validatefooterForAboutUs()'><b>validatefooterForAboutUs</b><br>Test class: com.atmecs.testScripts.HomePagetestscripts<br>Parameters: Senior Java/J2EE Engineer</td>
<td></td>
<td>0</td>
<td>com.atmecs.testScripts.HomePagetestscripts@3c9d0b9d</td></tr>
<tr>
<td title='com.atmecs.testScripts.HomePagetestscripts.validatefooterForAboutUs()'><b>validatefooterForAboutUs</b><br>Test class: com.atmecs.testScripts.HomePagetestscripts<br>Parameters: US Headquarters</td>
<td></td>
<td>0</td>
<td>com.atmecs.testScripts.HomePagetestscripts@3c9d0b9d</td></tr>
<tr>
<td title='com.atmecs.testScripts.HomePagetestscripts.validatefooterForAboutUs()'><b>validatefooterForAboutUs</b><br>Test class: com.atmecs.testScripts.HomePagetestscripts<br>Parameters: US R&D Center</td>
<td></td>
<td>0</td>
<td>com.atmecs.testScripts.HomePagetestscripts@3c9d0b9d</td></tr>
<tr>
<td title='com.atmecs.testScripts.HomePagetestscripts.validatefooterForAboutUs()'><b>validatefooterForAboutUs</b><br>Test class: com.atmecs.testScripts.HomePagetestscripts<br>Parameters: India – Hyderabad</td>
<td></td>
<td>0</td>
<td>com.atmecs.testScripts.HomePagetestscripts@3c9d0b9d</td></tr>
<tr>
<td title='com.atmecs.testScripts.HomePagetestscripts.validatefooterForAboutUs()'><b>validatefooterForAboutUs</b><br>Test class: com.atmecs.testScripts.HomePagetestscripts<br>Parameters: India – Bangalore</td>
<td></td>
<td>0</td>
<td>com.atmecs.testScripts.HomePagetestscripts@3c9d0b9d</td></tr>
<tr>
<td title='com.atmecs.testScripts.HomePagetestscripts.validatefooterForAboutUs()'><b>validatefooterForAboutUs</b><br>Test class: com.atmecs.testScripts.HomePagetestscripts<br>Parameters: India – Chennai</td>
<td></td>
<td>0</td>
<td>com.atmecs.testScripts.HomePagetestscripts@3c9d0b9d</td></tr>
<tr>
<td title='com.atmecs.testScripts.HomePagetestscripts.validatefooterForAboutUs()'><b>validatefooterForAboutUs</b><br>Test class: com.atmecs.testScripts.HomePagetestscripts<br>Parameters: info@atmecs.com</td>
<td></td>
<td>0</td>
<td>com.atmecs.testScripts.HomePagetestscripts@3c9d0b9d</td></tr>
<tr>
<td title='com.atmecs.testScripts.HomePagetestscripts.validatefooterForAboutUs()'><b>validatefooterForAboutUs</b><br>Test class: com.atmecs.testScripts.HomePagetestscripts<br>Parameters: Europe – Ireland</td>
<td></td>
<td>0</td>
<td>com.atmecs.testScripts.HomePagetestscripts@3c9d0b9d</td></tr>
<tr>
<td title='com.atmecs.testScripts.HomePagetestscripts.validatefooterForAboutUs()'><b>validatefooterForAboutUs</b><br>Test class: com.atmecs.testScripts.HomePagetestscripts<br>Parameters: null</td>
<td></td>
<td>0</td>
<td>com.atmecs.testScripts.HomePagetestscripts@3c9d0b9d</td></tr>
<tr>
<td title='com.atmecs.testScripts.HomePagetestscripts.validatefooterForCareers()'><b>validatefooterForCareers</b><br>Test class: com.atmecs.testScripts.HomePagetestscripts<br>Parameters: Home</td>
<td></td>
<td>0</td>
<td>com.atmecs.testScripts.HomePagetestscripts@3c9d0b9d</td></tr>
<tr>
<td title='com.atmecs.testScripts.HomePagetestscripts.validatefooterForCareers()'><b>validatefooterForCareers</b><br>Test class: com.atmecs.testScripts.HomePagetestscripts<br>Parameters: About Us</td>
<td></td>
<td>0</td>
<td>com.atmecs.testScripts.HomePagetestscripts@3c9d0b9d</td></tr>
<tr>
<td title='com.atmecs.testScripts.HomePagetestscripts.validatefooterForCareers()'><b>validatefooterForCareers</b><br>Test class: com.atmecs.testScripts.HomePagetestscripts<br>Parameters: Services</td>
<td></td>
<td>0</td>
<td>com.atmecs.testScripts.HomePagetestscripts@3c9d0b9d</td></tr>
<tr>
<td title='com.atmecs.testScripts.HomePagetestscripts.validatefooterForCareers()'><b>validatefooterForCareers</b><br>Test class: com.atmecs.testScripts.HomePagetestscripts<br>Parameters: Partners</td>
<td></td>
<td>0</td>
<td>com.atmecs.testScripts.HomePagetestscripts@3c9d0b9d</td></tr>
<tr>
<td title='com.atmecs.testScripts.HomePagetestscripts.validatefooterForCareers()'><b>validatefooterForCareers</b><br>Test class: com.atmecs.testScripts.HomePagetestscripts<br>Parameters: Case Studies old</td>
<td></td>
<td>0</td>
<td>com.atmecs.testScripts.HomePagetestscripts@3c9d0b9d</td></tr>
<tr>
<td title='com.atmecs.testScripts.HomePagetestscripts.validatefooterForCareers()'><b>validatefooterForCareers</b><br>Test class: com.atmecs.testScripts.HomePagetestscripts<br>Parameters: News</td>
<td></td>
<td>0</td>
<td>com.atmecs.testScripts.HomePagetestscripts@3c9d0b9d</td></tr>
<tr>
<td title='com.atmecs.testScripts.HomePagetestscripts.validatefooterForCareers()'><b>validatefooterForCareers</b><br>Test class: com.atmecs.testScripts.HomePagetestscripts<br>Parameters: Careers</td>
<td></td>
<td>0</td>
<td>com.atmecs.testScripts.HomePagetestscripts@3c9d0b9d</td></tr>
<tr>
<td title='com.atmecs.testScripts.HomePagetestscripts.validatefooterForCareers()'><b>validatefooterForCareers</b><br>Test class: com.atmecs.testScripts.HomePagetestscripts<br>Parameters: Contact Us</td>
<td></td>
<td>0</td>
<td>com.atmecs.testScripts.HomePagetestscripts@3c9d0b9d</td></tr>
<tr>
<td title='com.atmecs.testScripts.HomePagetestscripts.validatefooterForCareers()'><b>validatefooterForCareers</b><br>Test class: com.atmecs.testScripts.HomePagetestscripts<br>Parameters: Artificial Intelligence / Machine Learning</td>
<td></td>
<td>0</td>
<td>com.atmecs.testScripts.HomePagetestscripts@3c9d0b9d</td></tr>
<tr>
<td title='com.atmecs.testScripts.HomePagetestscripts.validatefooterForCareers()'><b>validatefooterForCareers</b><br>Test class: com.atmecs.testScripts.HomePagetestscripts<br>Parameters: Augmented Reality / Virtual Reality</td>
<td></td>
<td>0</td>
<td>com.atmecs.testScripts.HomePagetestscripts@3c9d0b9d</td></tr>
<tr>
<td title='com.atmecs.testScripts.HomePagetestscripts.validatefooterForCareers()'><b>validatefooterForCareers</b><br>Test class: com.atmecs.testScripts.HomePagetestscripts<br>Parameters: Quality Engineering</td>
<td></td>
<td>0</td>
<td>com.atmecs.testScripts.HomePagetestscripts@3c9d0b9d</td></tr>
<tr>
<td title='com.atmecs.testScripts.HomePagetestscripts.validatefooterForCareers()'><b>validatefooterForCareers</b><br>Test class: com.atmecs.testScripts.HomePagetestscripts<br>Parameters: Blockchain</td>
<td></td>
<td>0</td>
<td>com.atmecs.testScripts.HomePagetestscripts@3c9d0b9d</td></tr>
<tr>
<td title='com.atmecs.testScripts.HomePagetestscripts.validatefooterForCareers()'><b>validatefooterForCareers</b><br>Test class: com.atmecs.testScripts.HomePagetestscripts<br>Parameters: Robotic Process Automation & ChatBOTs</td>
<td></td>
<td>0</td>
<td>com.atmecs.testScripts.HomePagetestscripts@3c9d0b9d</td></tr>
<tr>
<td title='com.atmecs.testScripts.HomePagetestscripts.validatefooterForCareers()'><b>validatefooterForCareers</b><br>Test class: com.atmecs.testScripts.HomePagetestscripts<br>Parameters: Cloud Services</td>
<td></td>
<td>0</td>
<td>com.atmecs.testScripts.HomePagetestscripts@3c9d0b9d</td></tr>
<tr>
<td title='com.atmecs.testScripts.HomePagetestscripts.validatefooterForCareers()'><b>validatefooterForCareers</b><br>Test class: com.atmecs.testScripts.HomePagetestscripts<br>Parameters: Enterprise Analytics</td>
<td></td>
<td>0</td>
<td>com.atmecs.testScripts.HomePagetestscripts@3c9d0b9d</td></tr>
<tr>
<td title='com.atmecs.testScripts.HomePagetestscripts.validatefooterForCareers()'><b>validatefooterForCareers</b><br>Test class: com.atmecs.testScripts.HomePagetestscripts<br>Parameters: Internet of Things</td>
<td></td>
<td>0</td>
<td>com.atmecs.testScripts.HomePagetestscripts@3c9d0b9d</td></tr>
<tr>
<td title='com.atmecs.testScripts.HomePagetestscripts.validatefooterForCareers()'><b>validatefooterForCareers</b><br>Test class: com.atmecs.testScripts.HomePagetestscripts<br>Parameters: Mobile Computing</td>
<td></td>
<td>0</td>
<td>com.atmecs.testScripts.HomePagetestscripts@3c9d0b9d</td></tr>
<tr>
<td title='com.atmecs.testScripts.HomePagetestscripts.validatefooterForCareers()'><b>validatefooterForCareers</b><br>Test class: com.atmecs.testScripts.HomePagetestscripts<br>Parameters: Product Engineering</td>
<td></td>
<td>0</td>
<td>com.atmecs.testScripts.HomePagetestscripts@3c9d0b9d</td></tr>
<tr>
<td title='com.atmecs.testScripts.HomePagetestscripts.validatefooterForCareers()'><b>validatefooterForCareers</b><br>Test class: com.atmecs.testScripts.HomePagetestscripts<br>Parameters: Automation Engineer</td>
<td></td>
<td>0</td>
<td>com.atmecs.testScripts.HomePagetestscripts@3c9d0b9d</td></tr>
<tr>
<td title='com.atmecs.testScripts.HomePagetestscripts.validatefooterForCareers()'><b>validatefooterForCareers</b><br>Test class: com.atmecs.testScripts.HomePagetestscripts<br>Parameters: DevOps Engineer</td>
<td></td>
<td>0</td>
<td>com.atmecs.testScripts.HomePagetestscripts@3c9d0b9d</td></tr>
<tr>
<td title='com.atmecs.testScripts.HomePagetestscripts.validatefooterForCareers()'><b>validatefooterForCareers</b><br>Test class: com.atmecs.testScripts.HomePagetestscripts<br>Parameters: Senior .NET Engineer</td>
<td></td>
<td>0</td>
<td>com.atmecs.testScripts.HomePagetestscripts@3c9d0b9d</td></tr>
<tr>
<td title='com.atmecs.testScripts.HomePagetestscripts.validatefooterForCareers()'><b>validatefooterForCareers</b><br>Test class: com.atmecs.testScripts.HomePagetestscripts<br>Parameters: Senior Java/J2EE Engineer</td>
<td></td>
<td>1</td>
<td>com.atmecs.testScripts.HomePagetestscripts@3c9d0b9d</td></tr>
<tr>
<td title='com.atmecs.testScripts.HomePagetestscripts.validatefooterForCareers()'><b>validatefooterForCareers</b><br>Test class: com.atmecs.testScripts.HomePagetestscripts<br>Parameters: US Headquarters</td>
<td></td>
<td>0</td>
<td>com.atmecs.testScripts.HomePagetestscripts@3c9d0b9d</td></tr>
<tr>
<td title='com.atmecs.testScripts.HomePagetestscripts.validatefooterForCareers()'><b>validatefooterForCareers</b><br>Test class: com.atmecs.testScripts.HomePagetestscripts<br>Parameters: US R&D Center</td>
<td></td>
<td>0</td>
<td>com.atmecs.testScripts.HomePagetestscripts@3c9d0b9d</td></tr>
<tr>
<td title='com.atmecs.testScripts.HomePagetestscripts.validatefooterForCareers()'><b>validatefooterForCareers</b><br>Test class: com.atmecs.testScripts.HomePagetestscripts<br>Parameters: India – Hyderabad</td>
<td></td>
<td>0</td>
<td>com.atmecs.testScripts.HomePagetestscripts@3c9d0b9d</td></tr>
<tr>
<td title='com.atmecs.testScripts.HomePagetestscripts.validatefooterForCareers()'><b>validatefooterForCareers</b><br>Test class: com.atmecs.testScripts.HomePagetestscripts<br>Parameters: India – Bangalore</td>
<td></td>
<td>0</td>
<td>com.atmecs.testScripts.HomePagetestscripts@3c9d0b9d</td></tr>
<tr>
<td title='com.atmecs.testScripts.HomePagetestscripts.validatefooterForCareers()'><b>validatefooterForCareers</b><br>Test class: com.atmecs.testScripts.HomePagetestscripts<br>Parameters: India – Chennai</td>
<td></td>
<td>0</td>
<td>com.atmecs.testScripts.HomePagetestscripts@3c9d0b9d</td></tr>
<tr>
<td title='com.atmecs.testScripts.HomePagetestscripts.validatefooterForCareers()'><b>validatefooterForCareers</b><br>Test class: com.atmecs.testScripts.HomePagetestscripts<br>Parameters: info@atmecs.com</td>
<td></td>
<td>0</td>
<td>com.atmecs.testScripts.HomePagetestscripts@3c9d0b9d</td></tr>
<tr>
<td title='com.atmecs.testScripts.HomePagetestscripts.validatefooterForCareers()'><b>validatefooterForCareers</b><br>Test class: com.atmecs.testScripts.HomePagetestscripts<br>Parameters: Europe – Ireland</td>
<td></td>
<td>0</td>
<td>com.atmecs.testScripts.HomePagetestscripts@3c9d0b9d</td></tr>
<tr>
<td title='com.atmecs.testScripts.HomePagetestscripts.validatefooterForCareers()'><b>validatefooterForCareers</b><br>Test class: com.atmecs.testScripts.HomePagetestscripts<br>Parameters: null</td>
<td></td>
<td>0</td>
<td>com.atmecs.testScripts.HomePagetestscripts@3c9d0b9d</td></tr>
<tr>
<td title='com.atmecs.testScripts.HomePagetestscripts.validatefooterForContacts()'><b>validatefooterForContacts</b><br>Test class: com.atmecs.testScripts.HomePagetestscripts<br>Parameters: Home</td>
<td></td>
<td>0</td>
<td>com.atmecs.testScripts.HomePagetestscripts@3c9d0b9d</td></tr>
<tr>
<td title='com.atmecs.testScripts.HomePagetestscripts.validatefooterForContacts()'><b>validatefooterForContacts</b><br>Test class: com.atmecs.testScripts.HomePagetestscripts<br>Parameters: About Us</td>
<td></td>
<td>0</td>
<td>com.atmecs.testScripts.HomePagetestscripts@3c9d0b9d</td></tr>
<tr>
<td title='com.atmecs.testScripts.HomePagetestscripts.validatefooterForContacts()'><b>validatefooterForContacts</b><br>Test class: com.atmecs.testScripts.HomePagetestscripts<br>Parameters: Services</td>
<td></td>
<td>0</td>
<td>com.atmecs.testScripts.HomePagetestscripts@3c9d0b9d</td></tr>
<tr>
<td title='com.atmecs.testScripts.HomePagetestscripts.validatefooterForContacts()'><b>validatefooterForContacts</b><br>Test class: com.atmecs.testScripts.HomePagetestscripts<br>Parameters: Partners</td>
<td></td>
<td>0</td>
<td>com.atmecs.testScripts.HomePagetestscripts@3c9d0b9d</td></tr>
<tr>
<td title='com.atmecs.testScripts.HomePagetestscripts.validatefooterForContacts()'><b>validatefooterForContacts</b><br>Test class: com.atmecs.testScripts.HomePagetestscripts<br>Parameters: Case Studies old</td>
<td></td>
<td>0</td>
<td>com.atmecs.testScripts.HomePagetestscripts@3c9d0b9d</td></tr>
<tr>
<td title='com.atmecs.testScripts.HomePagetestscripts.validatefooterForContacts()'><b>validatefooterForContacts</b><br>Test class: com.atmecs.testScripts.HomePagetestscripts<br>Parameters: News</td>
<td></td>
<td>0</td>
<td>com.atmecs.testScripts.HomePagetestscripts@3c9d0b9d</td></tr>
<tr>
<td title='com.atmecs.testScripts.HomePagetestscripts.validatefooterForContacts()'><b>validatefooterForContacts</b><br>Test class: com.atmecs.testScripts.HomePagetestscripts<br>Parameters: Careers</td>
<td></td>
<td>0</td>
<td>com.atmecs.testScripts.HomePagetestscripts@3c9d0b9d</td></tr>
<tr>
<td title='com.atmecs.testScripts.HomePagetestscripts.validatefooterForContacts()'><b>validatefooterForContacts</b><br>Test class: com.atmecs.testScripts.HomePagetestscripts<br>Parameters: Contact Us</td>
<td></td>
<td>0</td>
<td>com.atmecs.testScripts.HomePagetestscripts@3c9d0b9d</td></tr>
<tr>
<td title='com.atmecs.testScripts.HomePagetestscripts.validatefooterForContacts()'><b>validatefooterForContacts</b><br>Test class: com.atmecs.testScripts.HomePagetestscripts<br>Parameters: Artificial Intelligence / Machine Learning</td>
<td></td>
<td>0</td>
<td>com.atmecs.testScripts.HomePagetestscripts@3c9d0b9d</td></tr>
<tr>
<td title='com.atmecs.testScripts.HomePagetestscripts.validatefooterForContacts()'><b>validatefooterForContacts</b><br>Test class: com.atmecs.testScripts.HomePagetestscripts<br>Parameters: Augmented Reality / Virtual Reality</td>
<td></td>
<td>0</td>
<td>com.atmecs.testScripts.HomePagetestscripts@3c9d0b9d</td></tr>
<tr>
<td title='com.atmecs.testScripts.HomePagetestscripts.validatefooterForContacts()'><b>validatefooterForContacts</b><br>Test class: com.atmecs.testScripts.HomePagetestscripts<br>Parameters: Quality Engineering</td>
<td></td>
<td>0</td>
<td>com.atmecs.testScripts.HomePagetestscripts@3c9d0b9d</td></tr>
<tr>
<td title='com.atmecs.testScripts.HomePagetestscripts.validatefooterForContacts()'><b>validatefooterForContacts</b><br>Test class: com.atmecs.testScripts.HomePagetestscripts<br>Parameters: Blockchain</td>
<td></td>
<td>0</td>
<td>com.atmecs.testScripts.HomePagetestscripts@3c9d0b9d</td></tr>
<tr>
<td title='com.atmecs.testScripts.HomePagetestscripts.validatefooterForContacts()'><b>validatefooterForContacts</b><br>Test class: com.atmecs.testScripts.HomePagetestscripts<br>Parameters: Robotic Process Automation & ChatBOTs</td>
<td></td>
<td>0</td>
<td>com.atmecs.testScripts.HomePagetestscripts@3c9d0b9d</td></tr>
<tr>
<td title='com.atmecs.testScripts.HomePagetestscripts.validatefooterForContacts()'><b>validatefooterForContacts</b><br>Test class: com.atmecs.testScripts.HomePagetestscripts<br>Parameters: Cloud Services</td>
<td></td>
<td>0</td>
<td>com.atmecs.testScripts.HomePagetestscripts@3c9d0b9d</td></tr>
<tr>
<td title='com.atmecs.testScripts.HomePagetestscripts.validatefooterForContacts()'><b>validatefooterForContacts</b><br>Test class: com.atmecs.testScripts.HomePagetestscripts<br>Parameters: Enterprise Analytics</td>
<td></td>
<td>0</td>
<td>com.atmecs.testScripts.HomePagetestscripts@3c9d0b9d</td></tr>
<tr>
<td title='com.atmecs.testScripts.HomePagetestscripts.validatefooterForContacts()'><b>validatefooterForContacts</b><br>Test class: com.atmecs.testScripts.HomePagetestscripts<br>Parameters: Internet of Things</td>
<td></td>
<td>0</td>
<td>com.atmecs.testScripts.HomePagetestscripts@3c9d0b9d</td></tr>
<tr>
<td title='com.atmecs.testScripts.HomePagetestscripts.validatefooterForContacts()'><b>validatefooterForContacts</b><br>Test class: com.atmecs.testScripts.HomePagetestscripts<br>Parameters: Mobile Computing</td>
<td></td>
<td>0</td>
<td>com.atmecs.testScripts.HomePagetestscripts@3c9d0b9d</td></tr>
<tr>
<td title='com.atmecs.testScripts.HomePagetestscripts.validatefooterForContacts()'><b>validatefooterForContacts</b><br>Test class: com.atmecs.testScripts.HomePagetestscripts<br>Parameters: Product Engineering</td>
<td></td>
<td>0</td>
<td>com.atmecs.testScripts.HomePagetestscripts@3c9d0b9d</td></tr>
<tr>
<td title='com.atmecs.testScripts.HomePagetestscripts.validatefooterForContacts()'><b>validatefooterForContacts</b><br>Test class: com.atmecs.testScripts.HomePagetestscripts<br>Parameters: Automation Engineer</td>
<td></td>
<td>0</td>
<td>com.atmecs.testScripts.HomePagetestscripts@3c9d0b9d</td></tr>
<tr>
<td title='com.atmecs.testScripts.HomePagetestscripts.validatefooterForContacts()'><b>validatefooterForContacts</b><br>Test class: com.atmecs.testScripts.HomePagetestscripts<br>Parameters: DevOps Engineer</td>
<td></td>
<td>0</td>
<td>com.atmecs.testScripts.HomePagetestscripts@3c9d0b9d</td></tr>
<tr>
<td title='com.atmecs.testScripts.HomePagetestscripts.validatefooterForContacts()'><b>validatefooterForContacts</b><br>Test class: com.atmecs.testScripts.HomePagetestscripts<br>Parameters: Senior .NET Engineer</td>
<td></td>
<td>0</td>
<td>com.atmecs.testScripts.HomePagetestscripts@3c9d0b9d</td></tr>
<tr>
<td title='com.atmecs.testScripts.HomePagetestscripts.validatefooterForContacts()'><b>validatefooterForContacts</b><br>Test class: com.atmecs.testScripts.HomePagetestscripts<br>Parameters: Senior Java/J2EE Engineer</td>
<td></td>
<td>0</td>
<td>com.atmecs.testScripts.HomePagetestscripts@3c9d0b9d</td></tr>
<tr>
<td title='com.atmecs.testScripts.HomePagetestscripts.validatefooterForContacts()'><b>validatefooterForContacts</b><br>Test class: com.atmecs.testScripts.HomePagetestscripts<br>Parameters: US Headquarters</td>
<td></td>
<td>0</td>
<td>com.atmecs.testScripts.HomePagetestscripts@3c9d0b9d</td></tr>
<tr>
<td title='com.atmecs.testScripts.HomePagetestscripts.validatefooterForContacts()'><b>validatefooterForContacts</b><br>Test class: com.atmecs.testScripts.HomePagetestscripts<br>Parameters: US R&D Center</td>
<td></td>
<td>0</td>
<td>com.atmecs.testScripts.HomePagetestscripts@3c9d0b9d</td></tr>
<tr>
<td title='com.atmecs.testScripts.HomePagetestscripts.validatefooterForContacts()'><b>validatefooterForContacts</b><br>Test class: com.atmecs.testScripts.HomePagetestscripts<br>Parameters: India – Hyderabad</td>
<td></td>
<td>0</td>
<td>com.atmecs.testScripts.HomePagetestscripts@3c9d0b9d</td></tr>
<tr>
<td title='com.atmecs.testScripts.HomePagetestscripts.validatefooterForContacts()'><b>validatefooterForContacts</b><br>Test class: com.atmecs.testScripts.HomePagetestscripts<br>Parameters: India – Bangalore</td>
<td></td>
<td>0</td>
<td>com.atmecs.testScripts.HomePagetestscripts@3c9d0b9d</td></tr>
<tr>
<td title='com.atmecs.testScripts.HomePagetestscripts.validatefooterForContacts()'><b>validatefooterForContacts</b><br>Test class: com.atmecs.testScripts.HomePagetestscripts<br>Parameters: India – Chennai</td>
<td></td>
<td>0</td>
<td>com.atmecs.testScripts.HomePagetestscripts@3c9d0b9d</td></tr>
<tr>
<td title='com.atmecs.testScripts.HomePagetestscripts.validatefooterForContacts()'><b>validatefooterForContacts</b><br>Test class: com.atmecs.testScripts.HomePagetestscripts<br>Parameters: info@atmecs.com</td>
<td></td>
<td>0</td>
<td>com.atmecs.testScripts.HomePagetestscripts@3c9d0b9d</td></tr>
<tr>
<td title='com.atmecs.testScripts.HomePagetestscripts.validatefooterForContacts()'><b>validatefooterForContacts</b><br>Test class: com.atmecs.testScripts.HomePagetestscripts<br>Parameters: Europe – Ireland</td>
<td></td>
<td>0</td>
<td>com.atmecs.testScripts.HomePagetestscripts@3c9d0b9d</td></tr>
<tr>
<td title='com.atmecs.testScripts.HomePagetestscripts.validatefooterForContacts()'><b>validatefooterForContacts</b><br>Test class: com.atmecs.testScripts.HomePagetestscripts<br>Parameters: null</td>
<td></td>
<td>0</td>
<td>com.atmecs.testScripts.HomePagetestscripts@3c9d0b9d</td></tr>
<tr>
<td title='com.atmecs.testScripts.HomePagetestscripts.validatefooterForInsights()'><b>validatefooterForInsights</b><br>Test class: com.atmecs.testScripts.HomePagetestscripts<br>Parameters: Home</td>
<td></td>
<td>0</td>
<td>com.atmecs.testScripts.HomePagetestscripts@3c9d0b9d</td></tr>
<tr>
<td title='com.atmecs.testScripts.HomePagetestscripts.validatefooterForInsights()'><b>validatefooterForInsights</b><br>Test class: com.atmecs.testScripts.HomePagetestscripts<br>Parameters: About Us</td>
<td></td>
<td>0</td>
<td>com.atmecs.testScripts.HomePagetestscripts@3c9d0b9d</td></tr>
<tr>
<td title='com.atmecs.testScripts.HomePagetestscripts.validatefooterForInsights()'><b>validatefooterForInsights</b><br>Test class: com.atmecs.testScripts.HomePagetestscripts<br>Parameters: Services</td>
<td></td>
<td>0</td>
<td>com.atmecs.testScripts.HomePagetestscripts@3c9d0b9d</td></tr>
<tr>
<td title='com.atmecs.testScripts.HomePagetestscripts.validatefooterForInsights()'><b>validatefooterForInsights</b><br>Test class: com.atmecs.testScripts.HomePagetestscripts<br>Parameters: Partners</td>
<td></td>
<td>0</td>
<td>com.atmecs.testScripts.HomePagetestscripts@3c9d0b9d</td></tr>
<tr>
<td title='com.atmecs.testScripts.HomePagetestscripts.validatefooterForInsights()'><b>validatefooterForInsights</b><br>Test class: com.atmecs.testScripts.HomePagetestscripts<br>Parameters: Case Studies old</td>
<td></td>
<td>0</td>
<td>com.atmecs.testScripts.HomePagetestscripts@3c9d0b9d</td></tr>
<tr>
<td title='com.atmecs.testScripts.HomePagetestscripts.validatefooterForInsights()'><b>validatefooterForInsights</b><br>Test class: com.atmecs.testScripts.HomePagetestscripts<br>Parameters: News</td>
<td></td>
<td>0</td>
<td>com.atmecs.testScripts.HomePagetestscripts@3c9d0b9d</td></tr>
<tr>
<td title='com.atmecs.testScripts.HomePagetestscripts.validatefooterForInsights()'><b>validatefooterForInsights</b><br>Test class: com.atmecs.testScripts.HomePagetestscripts<br>Parameters: Careers</td>
<td></td>
<td>0</td>
<td>com.atmecs.testScripts.HomePagetestscripts@3c9d0b9d</td></tr>
<tr>
<td title='com.atmecs.testScripts.HomePagetestscripts.validatefooterForInsights()'><b>validatefooterForInsights</b><br>Test class: com.atmecs.testScripts.HomePagetestscripts<br>Parameters: Contact Us</td>
<td></td>
<td>0</td>
<td>com.atmecs.testScripts.HomePagetestscripts@3c9d0b9d</td></tr>
<tr>
<td title='com.atmecs.testScripts.HomePagetestscripts.validatefooterForInsights()'><b>validatefooterForInsights</b><br>Test class: com.atmecs.testScripts.HomePagetestscripts<br>Parameters: Artificial Intelligence / Machine Learning</td>
<td></td>
<td>0</td>
<td>com.atmecs.testScripts.HomePagetestscripts@3c9d0b9d</td></tr>
<tr>
<td title='com.atmecs.testScripts.HomePagetestscripts.validatefooterForInsights()'><b>validatefooterForInsights</b><br>Test class: com.atmecs.testScripts.HomePagetestscripts<br>Parameters: Augmented Reality / Virtual Reality</td>
<td></td>
<td>0</td>
<td>com.atmecs.testScripts.HomePagetestscripts@3c9d0b9d</td></tr>
<tr>
<td title='com.atmecs.testScripts.HomePagetestscripts.validatefooterForInsights()'><b>validatefooterForInsights</b><br>Test class: com.atmecs.testScripts.HomePagetestscripts<br>Parameters: Quality Engineering</td>
<td></td>
<td>0</td>
<td>com.atmecs.testScripts.HomePagetestscripts@3c9d0b9d</td></tr>
<tr>
<td title='com.atmecs.testScripts.HomePagetestscripts.validatefooterForInsights()'><b>validatefooterForInsights</b><br>Test class: com.atmecs.testScripts.HomePagetestscripts<br>Parameters: Blockchain</td>
<td></td>
<td>0</td>
<td>com.atmecs.testScripts.HomePagetestscripts@3c9d0b9d</td></tr>
<tr>
<td title='com.atmecs.testScripts.HomePagetestscripts.validatefooterForInsights()'><b>validatefooterForInsights</b><br>Test class: com.atmecs.testScripts.HomePagetestscripts<br>Parameters: Robotic Process Automation & ChatBOTs</td>
<td></td>
<td>0</td>
<td>com.atmecs.testScripts.HomePagetestscripts@3c9d0b9d</td></tr>
<tr>
<td title='com.atmecs.testScripts.HomePagetestscripts.validatefooterForInsights()'><b>validatefooterForInsights</b><br>Test class: com.atmecs.testScripts.HomePagetestscripts<br>Parameters: Cloud Services</td>
<td></td>
<td>0</td>
<td>com.atmecs.testScripts.HomePagetestscripts@3c9d0b9d</td></tr>
<tr>
<td title='com.atmecs.testScripts.HomePagetestscripts.validatefooterForInsights()'><b>validatefooterForInsights</b><br>Test class: com.atmecs.testScripts.HomePagetestscripts<br>Parameters: Enterprise Analytics</td>
<td></td>
<td>0</td>
<td>com.atmecs.testScripts.HomePagetestscripts@3c9d0b9d</td></tr>
<tr>
<td title='com.atmecs.testScripts.HomePagetestscripts.validatefooterForInsights()'><b>validatefooterForInsights</b><br>Test class: com.atmecs.testScripts.HomePagetestscripts<br>Parameters: Internet of Things</td>
<td></td>
<td>0</td>
<td>com.atmecs.testScripts.HomePagetestscripts@3c9d0b9d</td></tr>
<tr>
<td title='com.atmecs.testScripts.HomePagetestscripts.validatefooterForInsights()'><b>validatefooterForInsights</b><br>Test class: com.atmecs.testScripts.HomePagetestscripts<br>Parameters: Mobile Computing</td>
<td></td>
<td>0</td>
<td>com.atmecs.testScripts.HomePagetestscripts@3c9d0b9d</td></tr>
<tr>
<td title='com.atmecs.testScripts.HomePagetestscripts.validatefooterForInsights()'><b>validatefooterForInsights</b><br>Test class: com.atmecs.testScripts.HomePagetestscripts<br>Parameters: Product Engineering</td>
<td></td>
<td>0</td>
<td>com.atmecs.testScripts.HomePagetestscripts@3c9d0b9d</td></tr>
<tr>
<td title='com.atmecs.testScripts.HomePagetestscripts.validatefooterForInsights()'><b>validatefooterForInsights</b><br>Test class: com.atmecs.testScripts.HomePagetestscripts<br>Parameters: Automation Engineer</td>
<td></td>
<td>0</td>
<td>com.atmecs.testScripts.HomePagetestscripts@3c9d0b9d</td></tr>
<tr>
<td title='com.atmecs.testScripts.HomePagetestscripts.validatefooterForInsights()'><b>validatefooterForInsights</b><br>Test class: com.atmecs.testScripts.HomePagetestscripts<br>Parameters: DevOps Engineer</td>
<td></td>
<td>0</td>
<td>com.atmecs.testScripts.HomePagetestscripts@3c9d0b9d</td></tr>
<tr>
<td title='com.atmecs.testScripts.HomePagetestscripts.validatefooterForInsights()'><b>validatefooterForInsights</b><br>Test class: com.atmecs.testScripts.HomePagetestscripts<br>Parameters: Senior .NET Engineer</td>
<td></td>
<td>0</td>
<td>com.atmecs.testScripts.HomePagetestscripts@3c9d0b9d</td></tr>
<tr>
<td title='com.atmecs.testScripts.HomePagetestscripts.validatefooterForInsights()'><b>validatefooterForInsights</b><br>Test class: com.atmecs.testScripts.HomePagetestscripts<br>Parameters: Senior Java/J2EE Engineer</td>
<td></td>
<td>0</td>
<td>com.atmecs.testScripts.HomePagetestscripts@3c9d0b9d</td></tr>
<tr>
<td title='com.atmecs.testScripts.HomePagetestscripts.validatefooterForInsights()'><b>validatefooterForInsights</b><br>Test class: com.atmecs.testScripts.HomePagetestscripts<br>Parameters: US Headquarters</td>
<td></td>
<td>0</td>
<td>com.atmecs.testScripts.HomePagetestscripts@3c9d0b9d</td></tr>
<tr>
<td title='com.atmecs.testScripts.HomePagetestscripts.validatefooterForInsights()'><b>validatefooterForInsights</b><br>Test class: com.atmecs.testScripts.HomePagetestscripts<br>Parameters: US R&D Center</td>
<td></td>
<td>0</td>
<td>com.atmecs.testScripts.HomePagetestscripts@3c9d0b9d</td></tr>
<tr>
<td title='com.atmecs.testScripts.HomePagetestscripts.validatefooterForInsights()'><b>validatefooterForInsights</b><br>Test class: com.atmecs.testScripts.HomePagetestscripts<br>Parameters: India – Hyderabad</td>
<td></td>
<td>0</td>
<td>com.atmecs.testScripts.HomePagetestscripts@3c9d0b9d</td></tr>
<tr>
<td title='com.atmecs.testScripts.HomePagetestscripts.validatefooterForInsights()'><b>validatefooterForInsights</b><br>Test class: com.atmecs.testScripts.HomePagetestscripts<br>Parameters: India – Bangalore</td>
<td></td>
<td>0</td>
<td>com.atmecs.testScripts.HomePagetestscripts@3c9d0b9d</td></tr>
<tr>
<td title='com.atmecs.testScripts.HomePagetestscripts.validatefooterForInsights()'><b>validatefooterForInsights</b><br>Test class: com.atmecs.testScripts.HomePagetestscripts<br>Parameters: India – Chennai</td>
<td></td>
<td>0</td>
<td>com.atmecs.testScripts.HomePagetestscripts@3c9d0b9d</td></tr>
<tr>
<td title='com.atmecs.testScripts.HomePagetestscripts.validatefooterForInsights()'><b>validatefooterForInsights</b><br>Test class: com.atmecs.testScripts.HomePagetestscripts<br>Parameters: info@atmecs.com</td>
<td></td>
<td>0</td>
<td>com.atmecs.testScripts.HomePagetestscripts@3c9d0b9d</td></tr>
<tr>
<td title='com.atmecs.testScripts.HomePagetestscripts.validatefooterForInsights()'><b>validatefooterForInsights</b><br>Test class: com.atmecs.testScripts.HomePagetestscripts<br>Parameters: Europe – Ireland</td>
<td></td>
<td>0</td>
<td>com.atmecs.testScripts.HomePagetestscripts@3c9d0b9d</td></tr>
<tr>
<td title='com.atmecs.testScripts.HomePagetestscripts.validatefooterForInsights()'><b>validatefooterForInsights</b><br>Test class: com.atmecs.testScripts.HomePagetestscripts<br>Parameters: null</td>
<td></td>
<td>0</td>
<td>com.atmecs.testScripts.HomePagetestscripts@3c9d0b9d</td></tr>
<tr>
<td title='com.atmecs.testScripts.HomePagetestscripts.validatefooterForMedia()'><b>validatefooterForMedia</b><br>Test class: com.atmecs.testScripts.HomePagetestscripts<br>Parameters: Home</td>
<td></td>
<td>0</td>
<td>com.atmecs.testScripts.HomePagetestscripts@3c9d0b9d</td></tr>
<tr>
<td title='com.atmecs.testScripts.HomePagetestscripts.validatefooterForMedia()'><b>validatefooterForMedia</b><br>Test class: com.atmecs.testScripts.HomePagetestscripts<br>Parameters: About Us</td>
<td></td>
<td>0</td>
<td>com.atmecs.testScripts.HomePagetestscripts@3c9d0b9d</td></tr>
<tr>
<td title='com.atmecs.testScripts.HomePagetestscripts.validatefooterForMedia()'><b>validatefooterForMedia</b><br>Test class: com.atmecs.testScripts.HomePagetestscripts<br>Parameters: Services</td>
<td></td>
<td>0</td>
<td>com.atmecs.testScripts.HomePagetestscripts@3c9d0b9d</td></tr>
<tr>
<td title='com.atmecs.testScripts.HomePagetestscripts.validatefooterForMedia()'><b>validatefooterForMedia</b><br>Test class: com.atmecs.testScripts.HomePagetestscripts<br>Parameters: Partners</td>
<td></td>
<td>0</td>
<td>com.atmecs.testScripts.HomePagetestscripts@3c9d0b9d</td></tr>
<tr>
<td title='com.atmecs.testScripts.HomePagetestscripts.validatefooterForMedia()'><b>validatefooterForMedia</b><br>Test class: com.atmecs.testScripts.HomePagetestscripts<br>Parameters: Case Studies old</td>
<td></td>
<td>0</td>
<td>com.atmecs.testScripts.HomePagetestscripts@3c9d0b9d</td></tr>
<tr>
<td title='com.atmecs.testScripts.HomePagetestscripts.validatefooterForMedia()'><b>validatefooterForMedia</b><br>Test class: com.atmecs.testScripts.HomePagetestscripts<br>Parameters: News</td>
<td></td>
<td>0</td>
<td>com.atmecs.testScripts.HomePagetestscripts@3c9d0b9d</td></tr>
<tr>
<td title='com.atmecs.testScripts.HomePagetestscripts.validatefooterForMedia()'><b>validatefooterForMedia</b><br>Test class: com.atmecs.testScripts.HomePagetestscripts<br>Parameters: Careers</td>
<td></td>
<td>0</td>
<td>com.atmecs.testScripts.HomePagetestscripts@3c9d0b9d</td></tr>
<tr>
<td title='com.atmecs.testScripts.HomePagetestscripts.validatefooterForMedia()'><b>validatefooterForMedia</b><br>Test class: com.atmecs.testScripts.HomePagetestscripts<br>Parameters: Contact Us</td>
<td></td>
<td>0</td>
<td>com.atmecs.testScripts.HomePagetestscripts@3c9d0b9d</td></tr>
<tr>
<td title='com.atmecs.testScripts.HomePagetestscripts.validatefooterForMedia()'><b>validatefooterForMedia</b><br>Test class: com.atmecs.testScripts.HomePagetestscripts<br>Parameters: Artificial Intelligence / Machine Learning</td>
<td></td>
<td>0</td>
<td>com.atmecs.testScripts.HomePagetestscripts@3c9d0b9d</td></tr>
<tr>
<td title='com.atmecs.testScripts.HomePagetestscripts.validatefooterForMedia()'><b>validatefooterForMedia</b><br>Test class: com.atmecs.testScripts.HomePagetestscripts<br>Parameters: Augmented Reality / Virtual Reality</td>
<td></td>
<td>0</td>
<td>com.atmecs.testScripts.HomePagetestscripts@3c9d0b9d</td></tr>
<tr>
<td title='com.atmecs.testScripts.HomePagetestscripts.validatefooterForMedia()'><b>validatefooterForMedia</b><br>Test class: com.atmecs.testScripts.HomePagetestscripts<br>Parameters: Quality Engineering</td>
<td></td>
<td>0</td>
<td>com.atmecs.testScripts.HomePagetestscripts@3c9d0b9d</td></tr>
<tr>
<td title='com.atmecs.testScripts.HomePagetestscripts.validatefooterForMedia()'><b>validatefooterForMedia</b><br>Test class: com.atmecs.testScripts.HomePagetestscripts<br>Parameters: Blockchain</td>
<td></td>
<td>0</td>
<td>com.atmecs.testScripts.HomePagetestscripts@3c9d0b9d</td></tr>
<tr>
<td title='com.atmecs.testScripts.HomePagetestscripts.validatefooterForMedia()'><b>validatefooterForMedia</b><br>Test class: com.atmecs.testScripts.HomePagetestscripts<br>Parameters: Robotic Process Automation & ChatBOTs</td>
<td></td>
<td>0</td>
<td>com.atmecs.testScripts.HomePagetestscripts@3c9d0b9d</td></tr>
<tr>
<td title='com.atmecs.testScripts.HomePagetestscripts.validatefooterForMedia()'><b>validatefooterForMedia</b><br>Test class: com.atmecs.testScripts.HomePagetestscripts<br>Parameters: Cloud Services</td>
<td></td>
<td>0</td>
<td>com.atmecs.testScripts.HomePagetestscripts@3c9d0b9d</td></tr>
<tr>
<td title='com.atmecs.testScripts.HomePagetestscripts.validatefooterForMedia()'><b>validatefooterForMedia</b><br>Test class: com.atmecs.testScripts.HomePagetestscripts<br>Parameters: Enterprise Analytics</td>
<td></td>
<td>0</td>
<td>com.atmecs.testScripts.HomePagetestscripts@3c9d0b9d</td></tr>
<tr>
<td title='com.atmecs.testScripts.HomePagetestscripts.validatefooterForMedia()'><b>validatefooterForMedia</b><br>Test class: com.atmecs.testScripts.HomePagetestscripts<br>Parameters: Internet of Things</td>
<td></td>
<td>0</td>
<td>com.atmecs.testScripts.HomePagetestscripts@3c9d0b9d</td></tr>
<tr>
<td title='com.atmecs.testScripts.HomePagetestscripts.validatefooterForMedia()'><b>validatefooterForMedia</b><br>Test class: com.atmecs.testScripts.HomePagetestscripts<br>Parameters: Mobile Computing</td>
<td></td>
<td>0</td>
<td>com.atmecs.testScripts.HomePagetestscripts@3c9d0b9d</td></tr>
<tr>
<td title='com.atmecs.testScripts.HomePagetestscripts.validatefooterForMedia()'><b>validatefooterForMedia</b><br>Test class: com.atmecs.testScripts.HomePagetestscripts<br>Parameters: Product Engineering</td>
<td></td>
<td>0</td>
<td>com.atmecs.testScripts.HomePagetestscripts@3c9d0b9d</td></tr>
<tr>
<td title='com.atmecs.testScripts.HomePagetestscripts.validatefooterForMedia()'><b>validatefooterForMedia</b><br>Test class: com.atmecs.testScripts.HomePagetestscripts<br>Parameters: Automation Engineer</td>
<td></td>
<td>0</td>
<td>com.atmecs.testScripts.HomePagetestscripts@3c9d0b9d</td></tr>
<tr>
<td title='com.atmecs.testScripts.HomePagetestscripts.validatefooterForMedia()'><b>validatefooterForMedia</b><br>Test class: com.atmecs.testScripts.HomePagetestscripts<br>Parameters: DevOps Engineer</td>
<td></td>
<td>0</td>
<td>com.atmecs.testScripts.HomePagetestscripts@3c9d0b9d</td></tr>
<tr>
<td title='com.atmecs.testScripts.HomePagetestscripts.validatefooterForMedia()'><b>validatefooterForMedia</b><br>Test class: com.atmecs.testScripts.HomePagetestscripts<br>Parameters: Senior .NET Engineer</td>
<td></td>
<td>0</td>
<td>com.atmecs.testScripts.HomePagetestscripts@3c9d0b9d</td></tr>
<tr>
<td title='com.atmecs.testScripts.HomePagetestscripts.validatefooterForMedia()'><b>validatefooterForMedia</b><br>Test class: com.atmecs.testScripts.HomePagetestscripts<br>Parameters: Senior Java/J2EE Engineer</td>
<td></td>
<td>0</td>
<td>com.atmecs.testScripts.HomePagetestscripts@3c9d0b9d</td></tr>
<tr>
<td title='com.atmecs.testScripts.HomePagetestscripts.validatefooterForMedia()'><b>validatefooterForMedia</b><br>Test class: com.atmecs.testScripts.HomePagetestscripts<br>Parameters: US Headquarters</td>
<td></td>
<td>0</td>
<td>com.atmecs.testScripts.HomePagetestscripts@3c9d0b9d</td></tr>
<tr>
<td title='com.atmecs.testScripts.HomePagetestscripts.validatefooterForMedia()'><b>validatefooterForMedia</b><br>Test class: com.atmecs.testScripts.HomePagetestscripts<br>Parameters: US R&D Center</td>
<td></td>
<td>0</td>
<td>com.atmecs.testScripts.HomePagetestscripts@3c9d0b9d</td></tr>
<tr>
<td title='com.atmecs.testScripts.HomePagetestscripts.validatefooterForMedia()'><b>validatefooterForMedia</b><br>Test class: com.atmecs.testScripts.HomePagetestscripts<br>Parameters: India – Hyderabad</td>
<td></td>
<td>0</td>
<td>com.atmecs.testScripts.HomePagetestscripts@3c9d0b9d</td></tr>
<tr>
<td title='com.atmecs.testScripts.HomePagetestscripts.validatefooterForMedia()'><b>validatefooterForMedia</b><br>Test class: com.atmecs.testScripts.HomePagetestscripts<br>Parameters: India – Bangalore</td>
<td></td>
<td>0</td>
<td>com.atmecs.testScripts.HomePagetestscripts@3c9d0b9d</td></tr>
<tr>
<td title='com.atmecs.testScripts.HomePagetestscripts.validatefooterForMedia()'><b>validatefooterForMedia</b><br>Test class: com.atmecs.testScripts.HomePagetestscripts<br>Parameters: India – Chennai</td>
<td></td>
<td>0</td>
<td>com.atmecs.testScripts.HomePagetestscripts@3c9d0b9d</td></tr>
<tr>
<td title='com.atmecs.testScripts.HomePagetestscripts.validatefooterForMedia()'><b>validatefooterForMedia</b><br>Test class: com.atmecs.testScripts.HomePagetestscripts<br>Parameters: info@atmecs.com</td>
<td></td>
<td>0</td>
<td>com.atmecs.testScripts.HomePagetestscripts@3c9d0b9d</td></tr>
<tr>
<td title='com.atmecs.testScripts.HomePagetestscripts.validatefooterForMedia()'><b>validatefooterForMedia</b><br>Test class: com.atmecs.testScripts.HomePagetestscripts<br>Parameters: Europe – Ireland</td>
<td></td>
<td>0</td>
<td>com.atmecs.testScripts.HomePagetestscripts@3c9d0b9d</td></tr>
<tr>
<td title='com.atmecs.testScripts.HomePagetestscripts.validatefooterForMedia()'><b>validatefooterForMedia</b><br>Test class: com.atmecs.testScripts.HomePagetestscripts<br>Parameters: null</td>
<td></td>
<td>0</td>
<td>com.atmecs.testScripts.HomePagetestscripts@3c9d0b9d</td></tr>
<tr>
<td title='com.atmecs.testScripts.HomePagetestscripts.validatefooterForPartner()'><b>validatefooterForPartner</b><br>Test class: com.atmecs.testScripts.HomePagetestscripts<br>Parameters: Home</td>
<td></td>
<td>0</td>
<td>com.atmecs.testScripts.HomePagetestscripts@3c9d0b9d</td></tr>
<tr>
<td title='com.atmecs.testScripts.HomePagetestscripts.validatefooterForPartner()'><b>validatefooterForPartner</b><br>Test class: com.atmecs.testScripts.HomePagetestscripts<br>Parameters: About Us</td>
<td></td>
<td>0</td>
<td>com.atmecs.testScripts.HomePagetestscripts@3c9d0b9d</td></tr>
<tr>
<td title='com.atmecs.testScripts.HomePagetestscripts.validatefooterForPartner()'><b>validatefooterForPartner</b><br>Test class: com.atmecs.testScripts.HomePagetestscripts<br>Parameters: Services</td>
<td></td>
<td>0</td>
<td>com.atmecs.testScripts.HomePagetestscripts@3c9d0b9d</td></tr>
<tr>
<td title='com.atmecs.testScripts.HomePagetestscripts.validatefooterForPartner()'><b>validatefooterForPartner</b><br>Test class: com.atmecs.testScripts.HomePagetestscripts<br>Parameters: Partners</td>
<td></td>
<td>0</td>
<td>com.atmecs.testScripts.HomePagetestscripts@3c9d0b9d</td></tr>
<tr>
<td title='com.atmecs.testScripts.HomePagetestscripts.validatefooterForPartner()'><b>validatefooterForPartner</b><br>Test class: com.atmecs.testScripts.HomePagetestscripts<br>Parameters: Case Studies old</td>
<td></td>
<td>0</td>
<td>com.atmecs.testScripts.HomePagetestscripts@3c9d0b9d</td></tr>
<tr>
<td title='com.atmecs.testScripts.HomePagetestscripts.validatefooterForPartner()'><b>validatefooterForPartner</b><br>Test class: com.atmecs.testScripts.HomePagetestscripts<br>Parameters: News</td>
<td></td>
<td>0</td>
<td>com.atmecs.testScripts.HomePagetestscripts@3c9d0b9d</td></tr>
<tr>
<td title='com.atmecs.testScripts.HomePagetestscripts.validatefooterForPartner()'><b>validatefooterForPartner</b><br>Test class: com.atmecs.testScripts.HomePagetestscripts<br>Parameters: Careers</td>
<td></td>
<td>0</td>
<td>com.atmecs.testScripts.HomePagetestscripts@3c9d0b9d</td></tr>
<tr>
<td title='com.atmecs.testScripts.HomePagetestscripts.validatefooterForPartner()'><b>validatefooterForPartner</b><br>Test class: com.atmecs.testScripts.HomePagetestscripts<br>Parameters: Contact Us</td>
<td></td>
<td>0</td>
<td>com.atmecs.testScripts.HomePagetestscripts@3c9d0b9d</td></tr>
<tr>
<td title='com.atmecs.testScripts.HomePagetestscripts.validatefooterForPartner()'><b>validatefooterForPartner</b><br>Test class: com.atmecs.testScripts.HomePagetestscripts<br>Parameters: Artificial Intelligence / Machine Learning</td>
<td></td>
<td>1</td>
<td>com.atmecs.testScripts.HomePagetestscripts@3c9d0b9d</td></tr>
<tr>
<td title='com.atmecs.testScripts.HomePagetestscripts.validatefooterForPartner()'><b>validatefooterForPartner</b><br>Test class: com.atmecs.testScripts.HomePagetestscripts<br>Parameters: Augmented Reality / Virtual Reality</td>
<td></td>
<td>0</td>
<td>com.atmecs.testScripts.HomePagetestscripts@3c9d0b9d</td></tr>
<tr>
<td title='com.atmecs.testScripts.HomePagetestscripts.validatefooterForPartner()'><b>validatefooterForPartner</b><br>Test class: com.atmecs.testScripts.HomePagetestscripts<br>Parameters: Quality Engineering</td>
<td></td>
<td>0</td>
<td>com.atmecs.testScripts.HomePagetestscripts@3c9d0b9d</td></tr>
<tr>
<td title='com.atmecs.testScripts.HomePagetestscripts.validatefooterForPartner()'><b>validatefooterForPartner</b><br>Test class: com.atmecs.testScripts.HomePagetestscripts<br>Parameters: Blockchain</td>
<td></td>
<td>0</td>
<td>com.atmecs.testScripts.HomePagetestscripts@3c9d0b9d</td></tr>
<tr>
<td title='com.atmecs.testScripts.HomePagetestscripts.validatefooterForPartner()'><b>validatefooterForPartner</b><br>Test class: com.atmecs.testScripts.HomePagetestscripts<br>Parameters: Robotic Process Automation & ChatBOTs</td>
<td></td>
<td>0</td>
<td>com.atmecs.testScripts.HomePagetestscripts@3c9d0b9d</td></tr>
<tr>
<td title='com.atmecs.testScripts.HomePagetestscripts.validatefooterForPartner()'><b>validatefooterForPartner</b><br>Test class: com.atmecs.testScripts.HomePagetestscripts<br>Parameters: Cloud Services</td>
<td></td>
<td>0</td>
<td>com.atmecs.testScripts.HomePagetestscripts@3c9d0b9d</td></tr>
<tr>
<td title='com.atmecs.testScripts.HomePagetestscripts.validatefooterForPartner()'><b>validatefooterForPartner</b><br>Test class: com.atmecs.testScripts.HomePagetestscripts<br>Parameters: Enterprise Analytics</td>
<td></td>
<td>0</td>
<td>com.atmecs.testScripts.HomePagetestscripts@3c9d0b9d</td></tr>
<tr>
<td title='com.atmecs.testScripts.HomePagetestscripts.validatefooterForPartner()'><b>validatefooterForPartner</b><br>Test class: com.atmecs.testScripts.HomePagetestscripts<br>Parameters: Internet of Things</td>
<td></td>
<td>0</td>
<td>com.atmecs.testScripts.HomePagetestscripts@3c9d0b9d</td></tr>
<tr>
<td title='com.atmecs.testScripts.HomePagetestscripts.validatefooterForPartner()'><b>validatefooterForPartner</b><br>Test class: com.atmecs.testScripts.HomePagetestscripts<br>Parameters: Mobile Computing</td>
<td></td>
<td>0</td>
<td>com.atmecs.testScripts.HomePagetestscripts@3c9d0b9d</td></tr>
<tr>
<td title='com.atmecs.testScripts.HomePagetestscripts.validatefooterForPartner()'><b>validatefooterForPartner</b><br>Test class: com.atmecs.testScripts.HomePagetestscripts<br>Parameters: Product Engineering</td>
<td></td>
<td>0</td>
<td>com.atmecs.testScripts.HomePagetestscripts@3c9d0b9d</td></tr>
<tr>
<td title='com.atmecs.testScripts.HomePagetestscripts.validatefooterForPartner()'><b>validatefooterForPartner</b><br>Test class: com.atmecs.testScripts.HomePagetestscripts<br>Parameters: Automation Engineer</td>
<td></td>
<td>0</td>
<td>com.atmecs.testScripts.HomePagetestscripts@3c9d0b9d</td></tr>
<tr>
<td title='com.atmecs.testScripts.HomePagetestscripts.validatefooterForPartner()'><b>validatefooterForPartner</b><br>Test class: com.atmecs.testScripts.HomePagetestscripts<br>Parameters: DevOps Engineer</td>
<td></td>
<td>0</td>
<td>com.atmecs.testScripts.HomePagetestscripts@3c9d0b9d</td></tr>
<tr>
<td title='com.atmecs.testScripts.HomePagetestscripts.validatefooterForPartner()'><b>validatefooterForPartner</b><br>Test class: com.atmecs.testScripts.HomePagetestscripts<br>Parameters: Senior .NET Engineer</td>
<td></td>
<td>0</td>
<td>com.atmecs.testScripts.HomePagetestscripts@3c9d0b9d</td></tr>
<tr>
<td title='com.atmecs.testScripts.HomePagetestscripts.validatefooterForPartner()'><b>validatefooterForPartner</b><br>Test class: com.atmecs.testScripts.HomePagetestscripts<br>Parameters: Senior Java/J2EE Engineer</td>
<td></td>
<td>0</td>
<td>com.atmecs.testScripts.HomePagetestscripts@3c9d0b9d</td></tr>
<tr>
<td title='com.atmecs.testScripts.HomePagetestscripts.validatefooterForPartner()'><b>validatefooterForPartner</b><br>Test class: com.atmecs.testScripts.HomePagetestscripts<br>Parameters: US Headquarters</td>
<td></td>
<td>0</td>
<td>com.atmecs.testScripts.HomePagetestscripts@3c9d0b9d</td></tr>
<tr>
<td title='com.atmecs.testScripts.HomePagetestscripts.validatefooterForPartner()'><b>validatefooterForPartner</b><br>Test class: com.atmecs.testScripts.HomePagetestscripts<br>Parameters: US R&D Center</td>
<td></td>
<td>0</td>
<td>com.atmecs.testScripts.HomePagetestscripts@3c9d0b9d</td></tr>
<tr>
<td title='com.atmecs.testScripts.HomePagetestscripts.validatefooterForPartner()'><b>validatefooterForPartner</b><br>Test class: com.atmecs.testScripts.HomePagetestscripts<br>Parameters: India – Hyderabad</td>
<td></td>
<td>0</td>
<td>com.atmecs.testScripts.HomePagetestscripts@3c9d0b9d</td></tr>
<tr>
<td title='com.atmecs.testScripts.HomePagetestscripts.validatefooterForPartner()'><b>validatefooterForPartner</b><br>Test class: com.atmecs.testScripts.HomePagetestscripts<br>Parameters: India – Bangalore</td>
<td></td>
<td>0</td>
<td>com.atmecs.testScripts.HomePagetestscripts@3c9d0b9d</td></tr>
<tr>
<td title='com.atmecs.testScripts.HomePagetestscripts.validatefooterForPartner()'><b>validatefooterForPartner</b><br>Test class: com.atmecs.testScripts.HomePagetestscripts<br>Parameters: India – Chennai</td>
<td></td>
<td>0</td>
<td>com.atmecs.testScripts.HomePagetestscripts@3c9d0b9d</td></tr>
<tr>
<td title='com.atmecs.testScripts.HomePagetestscripts.validatefooterForPartner()'><b>validatefooterForPartner</b><br>Test class: com.atmecs.testScripts.HomePagetestscripts<br>Parameters: info@atmecs.com</td>
<td></td>
<td>0</td>
<td>com.atmecs.testScripts.HomePagetestscripts@3c9d0b9d</td></tr>
<tr>
<td title='com.atmecs.testScripts.HomePagetestscripts.validatefooterForPartner()'><b>validatefooterForPartner</b><br>Test class: com.atmecs.testScripts.HomePagetestscripts<br>Parameters: Europe – Ireland</td>
<td></td>
<td>0</td>
<td>com.atmecs.testScripts.HomePagetestscripts@3c9d0b9d</td></tr>
<tr>
<td title='com.atmecs.testScripts.HomePagetestscripts.validatefooterForPartner()'><b>validatefooterForPartner</b><br>Test class: com.atmecs.testScripts.HomePagetestscripts<br>Parameters: null</td>
<td></td>
<td>0</td>
<td>com.atmecs.testScripts.HomePagetestscripts@3c9d0b9d</td></tr>
<tr>
<td title='com.atmecs.testScripts.HomePagetestscripts.validatefooterForServices()'><b>validatefooterForServices</b><br>Test class: com.atmecs.testScripts.HomePagetestscripts<br>Parameters: Home</td>
<td></td>
<td>0</td>
<td>com.atmecs.testScripts.HomePagetestscripts@3c9d0b9d</td></tr>
<tr>
<td title='com.atmecs.testScripts.HomePagetestscripts.validatefooterForServices()'><b>validatefooterForServices</b><br>Test class: com.atmecs.testScripts.HomePagetestscripts<br>Parameters: About Us</td>
<td></td>
<td>0</td>
<td>com.atmecs.testScripts.HomePagetestscripts@3c9d0b9d</td></tr>
<tr>
<td title='com.atmecs.testScripts.HomePagetestscripts.validatefooterForServices()'><b>validatefooterForServices</b><br>Test class: com.atmecs.testScripts.HomePagetestscripts<br>Parameters: Services</td>
<td></td>
<td>0</td>
<td>com.atmecs.testScripts.HomePagetestscripts@3c9d0b9d</td></tr>
<tr>
<td title='com.atmecs.testScripts.HomePagetestscripts.validatefooterForServices()'><b>validatefooterForServices</b><br>Test class: com.atmecs.testScripts.HomePagetestscripts<br>Parameters: Partners</td>
<td></td>
<td>0</td>
<td>com.atmecs.testScripts.HomePagetestscripts@3c9d0b9d</td></tr>
<tr>
<td title='com.atmecs.testScripts.HomePagetestscripts.validatefooterForServices()'><b>validatefooterForServices</b><br>Test class: com.atmecs.testScripts.HomePagetestscripts<br>Parameters: Case Studies old</td>
<td></td>
<td>0</td>
<td>com.atmecs.testScripts.HomePagetestscripts@3c9d0b9d</td></tr>
<tr>
<td title='com.atmecs.testScripts.HomePagetestscripts.validatefooterForServices()'><b>validatefooterForServices</b><br>Test class: com.atmecs.testScripts.HomePagetestscripts<br>Parameters: News</td>
<td></td>
<td>0</td>
<td>com.atmecs.testScripts.HomePagetestscripts@3c9d0b9d</td></tr>
<tr>
<td title='com.atmecs.testScripts.HomePagetestscripts.validatefooterForServices()'><b>validatefooterForServices</b><br>Test class: com.atmecs.testScripts.HomePagetestscripts<br>Parameters: Careers</td>
<td></td>
<td>0</td>
<td>com.atmecs.testScripts.HomePagetestscripts@3c9d0b9d</td></tr>
<tr>
<td title='com.atmecs.testScripts.HomePagetestscripts.validatefooterForServices()'><b>validatefooterForServices</b><br>Test class: com.atmecs.testScripts.HomePagetestscripts<br>Parameters: Contact Us</td>
<td></td>
<td>0</td>
<td>com.atmecs.testScripts.HomePagetestscripts@3c9d0b9d</td></tr>
<tr>
<td title='com.atmecs.testScripts.HomePagetestscripts.validatefooterForServices()'><b>validatefooterForServices</b><br>Test class: com.atmecs.testScripts.HomePagetestscripts<br>Parameters: Artificial Intelligence / Machine Learning</td>
<td></td>
<td>0</td>
<td>com.atmecs.testScripts.HomePagetestscripts@3c9d0b9d</td></tr>
<tr>
<td title='com.atmecs.testScripts.HomePagetestscripts.validatefooterForServices()'><b>validatefooterForServices</b><br>Test class: com.atmecs.testScripts.HomePagetestscripts<br>Parameters: Augmented Reality / Virtual Reality</td>
<td></td>
<td>0</td>
<td>com.atmecs.testScripts.HomePagetestscripts@3c9d0b9d</td></tr>
<tr>
<td title='com.atmecs.testScripts.HomePagetestscripts.validatefooterForServices()'><b>validatefooterForServices</b><br>Test class: com.atmecs.testScripts.HomePagetestscripts<br>Parameters: Quality Engineering</td>
<td></td>
<td>0</td>
<td>com.atmecs.testScripts.HomePagetestscripts@3c9d0b9d</td></tr>
<tr>
<td title='com.atmecs.testScripts.HomePagetestscripts.validatefooterForServices()'><b>validatefooterForServices</b><br>Test class: com.atmecs.testScripts.HomePagetestscripts<br>Parameters: Blockchain</td>
<td></td>
<td>0</td>
<td>com.atmecs.testScripts.HomePagetestscripts@3c9d0b9d</td></tr>
<tr>
<td title='com.atmecs.testScripts.HomePagetestscripts.validatefooterForServices()'><b>validatefooterForServices</b><br>Test class: com.atmecs.testScripts.HomePagetestscripts<br>Parameters: Robotic Process Automation & ChatBOTs</td>
<td></td>
<td>0</td>
<td>com.atmecs.testScripts.HomePagetestscripts@3c9d0b9d</td></tr>
<tr>
<td title='com.atmecs.testScripts.HomePagetestscripts.validatefooterForServices()'><b>validatefooterForServices</b><br>Test class: com.atmecs.testScripts.HomePagetestscripts<br>Parameters: Cloud Services</td>
<td></td>
<td>0</td>
<td>com.atmecs.testScripts.HomePagetestscripts@3c9d0b9d</td></tr>
<tr>
<td title='com.atmecs.testScripts.HomePagetestscripts.validatefooterForServices()'><b>validatefooterForServices</b><br>Test class: com.atmecs.testScripts.HomePagetestscripts<br>Parameters: Enterprise Analytics</td>
<td></td>
<td>0</td>
<td>com.atmecs.testScripts.HomePagetestscripts@3c9d0b9d</td></tr>
<tr>
<td title='com.atmecs.testScripts.HomePagetestscripts.validatefooterForServices()'><b>validatefooterForServices</b><br>Test class: com.atmecs.testScripts.HomePagetestscripts<br>Parameters: Internet of Things</td>
<td></td>
<td>0</td>
<td>com.atmecs.testScripts.HomePagetestscripts@3c9d0b9d</td></tr>
<tr>
<td title='com.atmecs.testScripts.HomePagetestscripts.validatefooterForServices()'><b>validatefooterForServices</b><br>Test class: com.atmecs.testScripts.HomePagetestscripts<br>Parameters: Mobile Computing</td>
<td></td>
<td>0</td>
<td>com.atmecs.testScripts.HomePagetestscripts@3c9d0b9d</td></tr>
<tr>
<td title='com.atmecs.testScripts.HomePagetestscripts.validatefooterForServices()'><b>validatefooterForServices</b><br>Test class: com.atmecs.testScripts.HomePagetestscripts<br>Parameters: Product Engineering</td>
<td></td>
<td>0</td>
<td>com.atmecs.testScripts.HomePagetestscripts@3c9d0b9d</td></tr>
<tr>
<td title='com.atmecs.testScripts.HomePagetestscripts.validatefooterForServices()'><b>validatefooterForServices</b><br>Test class: com.atmecs.testScripts.HomePagetestscripts<br>Parameters: Automation Engineer</td>
<td></td>
<td>0</td>
<td>com.atmecs.testScripts.HomePagetestscripts@3c9d0b9d</td></tr>
<tr>
<td title='com.atmecs.testScripts.HomePagetestscripts.validatefooterForServices()'><b>validatefooterForServices</b><br>Test class: com.atmecs.testScripts.HomePagetestscripts<br>Parameters: DevOps Engineer</td>
<td></td>
<td>0</td>
<td>com.atmecs.testScripts.HomePagetestscripts@3c9d0b9d</td></tr>
<tr>
<td title='com.atmecs.testScripts.HomePagetestscripts.validatefooterForServices()'><b>validatefooterForServices</b><br>Test class: com.atmecs.testScripts.HomePagetestscripts<br>Parameters: Senior .NET Engineer</td>
<td></td>
<td>0</td>
<td>com.atmecs.testScripts.HomePagetestscripts@3c9d0b9d</td></tr>
<tr>
<td title='com.atmecs.testScripts.HomePagetestscripts.validatefooterForServices()'><b>validatefooterForServices</b><br>Test class: com.atmecs.testScripts.HomePagetestscripts<br>Parameters: Senior Java/J2EE Engineer</td>
<td></td>
<td>0</td>
<td>com.atmecs.testScripts.HomePagetestscripts@3c9d0b9d</td></tr>
<tr>
<td title='com.atmecs.testScripts.HomePagetestscripts.validatefooterForServices()'><b>validatefooterForServices</b><br>Test class: com.atmecs.testScripts.HomePagetestscripts<br>Parameters: US Headquarters</td>
<td></td>
<td>1</td>
<td>com.atmecs.testScripts.HomePagetestscripts@3c9d0b9d</td></tr>
<tr>
<td title='com.atmecs.testScripts.HomePagetestscripts.validatefooterForServices()'><b>validatefooterForServices</b><br>Test class: com.atmecs.testScripts.HomePagetestscripts<br>Parameters: US R&D Center</td>
<td></td>
<td>0</td>
<td>com.atmecs.testScripts.HomePagetestscripts@3c9d0b9d</td></tr>
<tr>
<td title='com.atmecs.testScripts.HomePagetestscripts.validatefooterForServices()'><b>validatefooterForServices</b><br>Test class: com.atmecs.testScripts.HomePagetestscripts<br>Parameters: India – Hyderabad</td>
<td></td>
<td>0</td>
<td>com.atmecs.testScripts.HomePagetestscripts@3c9d0b9d</td></tr>
<tr>
<td title='com.atmecs.testScripts.HomePagetestscripts.validatefooterForServices()'><b>validatefooterForServices</b><br>Test class: com.atmecs.testScripts.HomePagetestscripts<br>Parameters: India – Bangalore</td>
<td></td>
<td>0</td>
<td>com.atmecs.testScripts.HomePagetestscripts@3c9d0b9d</td></tr>
<tr>
<td title='com.atmecs.testScripts.HomePagetestscripts.validatefooterForServices()'><b>validatefooterForServices</b><br>Test class: com.atmecs.testScripts.HomePagetestscripts<br>Parameters: India – Chennai</td>
<td></td>
<td>0</td>
<td>com.atmecs.testScripts.HomePagetestscripts@3c9d0b9d</td></tr>
<tr>
<td title='com.atmecs.testScripts.HomePagetestscripts.validatefooterForServices()'><b>validatefooterForServices</b><br>Test class: com.atmecs.testScripts.HomePagetestscripts<br>Parameters: info@atmecs.com</td>
<td></td>
<td>0</td>
<td>com.atmecs.testScripts.HomePagetestscripts@3c9d0b9d</td></tr>
<tr>
<td title='com.atmecs.testScripts.HomePagetestscripts.validatefooterForServices()'><b>validatefooterForServices</b><br>Test class: com.atmecs.testScripts.HomePagetestscripts<br>Parameters: Europe – Ireland</td>
<td></td>
<td>0</td>
<td>com.atmecs.testScripts.HomePagetestscripts@3c9d0b9d</td></tr>
<tr>
<td title='com.atmecs.testScripts.HomePagetestscripts.validatefooterForServices()'><b>validatefooterForServices</b><br>Test class: com.atmecs.testScripts.HomePagetestscripts<br>Parameters: null</td>
<td></td>
<td>0</td>
<td>com.atmecs.testScripts.HomePagetestscripts@3c9d0b9d</td></tr>
</table><p>
</body>
</html>