<?xml version="1.0" encoding="UTF-8"?>
<testng-results ignored="0" total="729" passed="701" failed="28" skipped="0">
  <reporter-output>
  </reporter-output>
  <suite started-at="2019-10-22T15:35:39Z" name="Test-class Suite" finished-at="2019-10-22T15:41:06Z" duration-ms="326510">
    <groups>
    </groups>
    <test started-at="2019-10-22T15:35:39Z" name="Test2" finished-at="2019-10-22T15:39:13Z" duration-ms="213567">
      <class name="com.atmecs.testScripts.HomePageMoreInfotestscripts">
        <test-method is-config="true" signature="intitailizeBrowser(java.lang.String)[pri:0, instance:com.atmecs.testScripts.HomePageMoreInfotestscripts@25d250c6]" started-at="2019-10-22T15:38:15Z" name="intitailizeBrowser" finished-at="2019-10-22T15:38:30Z" duration-ms="14777" status="PASS">
          <params>
            <param index="0">
              <value>
                <![CDATA[firefox]]>
              </value>
            </param>
          </params>
          <reporter-output>
          </reporter-output>
        </test-method> <!-- intitailizeBrowser -->
        <test-method is-config="true" signature="initializeVariable()[pri:0, instance:com.atmecs.testScripts.HomePageMoreInfotestscripts@25d250c6]" started-at="2019-10-22T15:38:30Z" name="initializeVariable" finished-at="2019-10-22T15:38:30Z" duration-ms="4" status="PASS">
          <reporter-output>
          </reporter-output>
        </test-method> <!-- initializeVariable -->
        <test-method signature="clickExplorenow()[pri:27, instance:com.atmecs.testScripts.HomePageMoreInfotestscripts@25d250c6]" started-at="2019-10-22T15:38:30Z" name="clickExplorenow" finished-at="2019-10-22T15:38:37Z" duration-ms="6803" status="PASS">
          <reporter-output>
          </reporter-output>
        </test-method> <!-- clickExplorenow -->
        <test-method signature="clickMoreInfo(java.lang.String, java.lang.String)[pri:28, instance:com.atmecs.testScripts.HomePageMoreInfotestscripts@25d250c6]" started-at="2019-10-22T15:38:37Z" name="clickMoreInfo" data-provider="breadcrumbAndTitle" finished-at="2019-10-22T15:38:43Z" duration-ms="6389" status="PASS">
          <params>
            <param index="0">
              <value>
                <![CDATA[Artificial Intelligence/Machine Learing | Leap at the possibilities of AI/ML]]>
              </value>
            </param>
            <param index="1">
              <value>
                <![CDATA[Home › Services › Digital Life › Artificial Intelligence / Machine Learning]]>
              </value>
            </param>
          </params>
          <reporter-output>
          </reporter-output>
        </test-method> <!-- clickMoreInfo -->
        <test-method signature="clickMoreInfo(java.lang.String, java.lang.String)[pri:28, instance:com.atmecs.testScripts.HomePageMoreInfotestscripts@25d250c6]" started-at="2019-10-22T15:38:43Z" name="clickMoreInfo" data-provider="breadcrumbAndTitle" finished-at="2019-10-22T15:38:49Z" duration-ms="6013" status="PASS">
          <params>
            <param index="0">
              <value>
                <![CDATA[Mixed Reality | We engineer the technology. You achieve the unreal.]]>
              </value>
            </param>
            <param index="1">
              <value>
                <![CDATA[Home › Services › Digital Life › Augmented Reality / Virtual Reality]]>
              </value>
            </param>
          </params>
          <reporter-output>
          </reporter-output>
        </test-method> <!-- clickMoreInfo -->
        <test-method signature="clickMoreInfo(java.lang.String, java.lang.String)[pri:28, instance:com.atmecs.testScripts.HomePageMoreInfotestscripts@25d250c6]" started-at="2019-10-22T15:38:49Z" name="clickMoreInfo" data-provider="breadcrumbAndTitle" finished-at="2019-10-22T15:38:54Z" duration-ms="5385" status="PASS">
          <params>
            <param index="0">
              <value>
                <![CDATA[Internet of Things | Reform your customer experience with IoT Data]]>
              </value>
            </param>
            <param index="1">
              <value>
                <![CDATA[Home › Services › Digital Life › Internet of Things]]>
              </value>
            </param>
          </params>
          <reporter-output>
          </reporter-output>
        </test-method> <!-- clickMoreInfo -->
        <test-method signature="clickMoreInfo(java.lang.String, java.lang.String)[pri:28, instance:com.atmecs.testScripts.HomePageMoreInfotestscripts@25d250c6]" started-at="2019-10-22T15:38:54Z" name="clickMoreInfo" data-provider="breadcrumbAndTitle" finished-at="2019-10-22T15:39:01Z" duration-ms="6424" status="PASS">
          <params>
            <param index="0">
              <value>
                <![CDATA[RPA & ChatBOTs | Pave way for digital transformation with RPA]]>
              </value>
            </param>
            <param index="1">
              <value>
                <![CDATA[Home › Services › Digital Life › Robotic Process Automation & ChatBOTs]]>
              </value>
            </param>
          </params>
          <reporter-output>
          </reporter-output>
        </test-method> <!-- clickMoreInfo -->
        <test-method signature="clickMoreInfo(java.lang.String, java.lang.String)[pri:28, instance:com.atmecs.testScripts.HomePageMoreInfotestscripts@25d250c6]" started-at="2019-10-22T15:39:01Z" name="clickMoreInfo" data-provider="breadcrumbAndTitle" finished-at="2019-10-22T15:39:11Z" duration-ms="9904" status="PASS">
          <params>
            <param index="0">
              <value>
                <![CDATA[Blockchain | ATMECS, Inc.]]>
              </value>
            </param>
            <param index="1">
              <value>
                <![CDATA[Home › Services › Digital Life › Blockchain]]>
              </value>
            </param>
          </params>
          <reporter-output>
          </reporter-output>
        </test-method> <!-- clickMoreInfo -->
        <test-method is-config="true" signature="tearResource()[pri:0, instance:com.atmecs.testScripts.HomePageMoreInfotestscripts@25d250c6]" started-at="2019-10-22T15:39:11Z" name="tearResource" finished-at="2019-10-22T15:39:13Z" duration-ms="1950" status="PASS">
          <reporter-output>
          </reporter-output>
        </test-method> <!-- tearResource -->
      </class> <!-- com.atmecs.testScripts.HomePageMoreInfotestscripts -->
      <class name="com.atmecs.testScripts.InsightsValidation">
        <test-method is-config="true" signature="intitailizeBrowser(java.lang.String)[pri:0, instance:com.atmecs.testScripts.InsightsValidation@45b9a632]" started-at="2019-10-22T15:37:29Z" name="intitailizeBrowser" finished-at="2019-10-22T15:37:44Z" duration-ms="15248" status="PASS">
          <params>
            <param index="0">
              <value>
                <![CDATA[firefox]]>
              </value>
            </param>
          </params>
          <reporter-output>
          </reporter-output>
        </test-method> <!-- intitailizeBrowser -->
        <test-method is-config="true" signature="initializeVariable()[pri:0, instance:com.atmecs.testScripts.InsightsValidation@45b9a632]" started-at="2019-10-22T15:37:44Z" name="initializeVariable" finished-at="2019-10-22T15:37:44Z" duration-ms="5" status="PASS">
          <reporter-output>
          </reporter-output>
        </test-method> <!-- initializeVariable -->
        <test-method signature="anchorRedirection()[pri:20, instance:com.atmecs.testScripts.InsightsValidation@45b9a632]" started-at="2019-10-22T15:37:44Z" name="anchorRedirection" finished-at="2019-10-22T15:37:47Z" duration-ms="2375" status="FAIL">
          <exception class="org.openqa.selenium.ElementNotInteractableException">
            <message>
              <![CDATA[Element <a href="http://www.atmecs.com/blogs/"> could not be scrolled into view
Build info: version: '3.141.59', revision: 'e82be7d358', time: '2018-11-14T08:17:03'
System info: host: 'ATMECSINLT-038', ip: '55.55.52.193', os.name: 'Windows 10', os.arch: 'amd64', os.version: '10.0', java.version: '12.0.1'
Driver info: org.openqa.selenium.firefox.FirefoxDriver
Capabilities {acceptInsecureCerts: true, browserName: firefox, browserVersion: 69.0.3, javascriptEnabled: true, moz:accessibilityChecks: false, moz:buildID: 20191009172106, moz:geckodriverVersion: 0.24.0, moz:headless: false, moz:processID: 21512, moz:profile: C:\Users\saurabh.chauhan\Ap..., moz:shutdownTimeout: 60000, moz:useNonSpecCompliantPointerOrigin: false, moz:webdriverClick: true, pageLoadStrategy: normal, platform: WINDOWS, platformName: WINDOWS, platformVersion: 10.0, rotatable: false, setWindowRect: true, strictFileInteractability: false, timeouts: {implicit: 0, pageLoad: 300000, script: 30000}, unhandledPromptBehavior: dismiss and notify}
Session ID: f7ac479f-92f6-4806-beb0-097e01879dd3]]>
            </message>
            <full-stacktrace>
              <![CDATA[org.openqa.selenium.ElementNotInteractableException: Element <a href="http://www.atmecs.com/blogs/"> could not be scrolled into view
Build info: version: '3.141.59', revision: 'e82be7d358', time: '2018-11-14T08:17:03'
System info: host: 'ATMECSINLT-038', ip: '55.55.52.193', os.name: 'Windows 10', os.arch: 'amd64', os.version: '10.0', java.version: '12.0.1'
Driver info: org.openqa.selenium.firefox.FirefoxDriver
Capabilities {acceptInsecureCerts: true, browserName: firefox, browserVersion: 69.0.3, javascriptEnabled: true, moz:accessibilityChecks: false, moz:buildID: 20191009172106, moz:geckodriverVersion: 0.24.0, moz:headless: false, moz:processID: 21512, moz:profile: C:\Users\saurabh.chauhan\Ap..., moz:shutdownTimeout: 60000, moz:useNonSpecCompliantPointerOrigin: false, moz:webdriverClick: true, pageLoadStrategy: normal, platform: WINDOWS, platformName: WINDOWS, platformVersion: 10.0, rotatable: false, setWindowRect: true, strictFileInteractability: false, timeouts: {implicit: 0, pageLoad: 300000, script: 30000}, unhandledPromptBehavior: dismiss and notify}
Session ID: f7ac479f-92f6-4806-beb0-097e01879dd3
at java.base/jdk.internal.reflect.NativeConstructorAccessorImpl.newInstance0(Native Method)
at java.base/jdk.internal.reflect.NativeConstructorAccessorImpl.newInstance(NativeConstructorAccessorImpl.java:62)
at java.base/jdk.internal.reflect.DelegatingConstructorAccessorImpl.newInstance(DelegatingConstructorAccessorImpl.java:45)
at java.base/java.lang.reflect.Constructor.newInstanceWithCaller(Constructor.java:500)
at java.base/java.lang.reflect.Constructor.newInstance(Constructor.java:481)
at org.openqa.selenium.remote.http.W3CHttpResponseCodec.createException(W3CHttpResponseCodec.java:187)
at org.openqa.selenium.remote.http.W3CHttpResponseCodec.decode(W3CHttpResponseCodec.java:122)
at org.openqa.selenium.remote.http.W3CHttpResponseCodec.decode(W3CHttpResponseCodec.java:49)
at org.openqa.selenium.remote.HttpCommandExecutor.execute(HttpCommandExecutor.java:158)
at org.openqa.selenium.remote.service.DriverCommandExecutor.execute(DriverCommandExecutor.java:83)
at org.openqa.selenium.remote.RemoteWebDriver.execute(RemoteWebDriver.java:552)
at org.openqa.selenium.remote.RemoteWebElement.execute(RemoteWebElement.java:285)
at org.openqa.selenium.remote.RemoteWebElement.click(RemoteWebElement.java:84)
at com.atmecs.helpers.WebUtility$1.apply(WebUtility.java:50)
at com.atmecs.helpers.WebUtility$1.apply(WebUtility.java:1)
at org.openqa.selenium.support.ui.FluentWait.until(FluentWait.java:249)
at com.atmecs.helpers.WebUtility.clickElement(WebUtility.java:47)
at com.atmecs.testflow.BlogPageFlow.clickHeader(BlogPageFlow.java:34)
at com.atmecs.testScripts.InsightsValidation.anchorRedirection(InsightsValidation.java:46)
at java.base/jdk.internal.reflect.NativeMethodAccessorImpl.invoke0(Native Method)
at java.base/jdk.internal.reflect.NativeMethodAccessorImpl.invoke(NativeMethodAccessorImpl.java:62)
at java.base/jdk.internal.reflect.DelegatingMethodAccessorImpl.invoke(DelegatingMethodAccessorImpl.java:43)
at java.base/java.lang.reflect.Method.invoke(Method.java:567)
at org.testng.internal.MethodInvocationHelper.invokeMethod(MethodInvocationHelper.java:124)
at org.testng.internal.Invoker.invokeMethod(Invoker.java:583)
at org.testng.internal.Invoker.invokeTestMethod(Invoker.java:719)
at org.testng.internal.Invoker.invokeTestMethods(Invoker.java:989)
at org.testng.internal.TestMethodWorker.invokeTestMethods(TestMethodWorker.java:125)
at org.testng.internal.TestMethodWorker.run(TestMethodWorker.java:109)
at org.testng.TestRunner.privateRun(TestRunner.java:648)
at org.testng.TestRunner.run(TestRunner.java:505)
at org.testng.SuiteRunner.runTest(SuiteRunner.java:455)
at org.testng.SuiteRunner.access$000(SuiteRunner.java:40)
at org.testng.SuiteRunner$SuiteWorker.run(SuiteRunner.java:489)
at org.testng.internal.thread.ThreadUtil$1.call(ThreadUtil.java:52)
at java.base/java.util.concurrent.FutureTask.run(FutureTask.java:264)
at java.base/java.util.concurrent.ThreadPoolExecutor.runWorker(ThreadPoolExecutor.java:1128)
at java.base/java.util.concurrent.ThreadPoolExecutor$Worker.run(ThreadPoolExecutor.java:628)
at java.base/java.lang.Thread.run(Thread.java:835)
]]>
            </full-stacktrace>
          </exception> <!-- org.openqa.selenium.ElementNotInteractableException -->
          <reporter-output>
          </reporter-output>
        </test-method> <!-- anchorRedirection -->
        <test-method signature="validateDate()[pri:21, instance:com.atmecs.testScripts.InsightsValidation@45b9a632]" started-at="2019-10-22T15:37:47Z" name="validateDate" finished-at="2019-10-22T15:37:53Z" duration-ms="6059" status="FAIL">
          <exception class="org.openqa.selenium.NoSuchElementException">
            <message>
              <![CDATA[Unable to locate element: //time[contains(.,'March 15, 2019')]
For documentation on this error, please visit: https://www.seleniumhq.org/exceptions/no_such_element.html
Build info: version: '3.141.59', revision: 'e82be7d358', time: '2018-11-14T08:17:03'
System info: host: 'ATMECSINLT-038', ip: '55.55.52.193', os.name: 'Windows 10', os.arch: 'amd64', os.version: '10.0', java.version: '12.0.1'
Driver info: org.openqa.selenium.firefox.FirefoxDriver
Capabilities {acceptInsecureCerts: true, browserName: firefox, browserVersion: 69.0.3, javascriptEnabled: true, moz:accessibilityChecks: false, moz:buildID: 20191009172106, moz:geckodriverVersion: 0.24.0, moz:headless: false, moz:processID: 21512, moz:profile: C:\Users\saurabh.chauhan\Ap..., moz:shutdownTimeout: 60000, moz:useNonSpecCompliantPointerOrigin: false, moz:webdriverClick: true, pageLoadStrategy: normal, platform: WINDOWS, platformName: WINDOWS, platformVersion: 10.0, rotatable: false, setWindowRect: true, strictFileInteractability: false, timeouts: {implicit: 0, pageLoad: 300000, script: 30000}, unhandledPromptBehavior: dismiss and notify}
Session ID: f7ac479f-92f6-4806-beb0-097e01879dd3
*** Element info: {Using=xpath, value=//time[contains(.,'March 15, 2019')]}]]>
            </message>
            <full-stacktrace>
              <![CDATA[org.openqa.selenium.NoSuchElementException: Unable to locate element: //time[contains(.,'March 15, 2019')]
For documentation on this error, please visit: https://www.seleniumhq.org/exceptions/no_such_element.html
Build info: version: '3.141.59', revision: 'e82be7d358', time: '2018-11-14T08:17:03'
System info: host: 'ATMECSINLT-038', ip: '55.55.52.193', os.name: 'Windows 10', os.arch: 'amd64', os.version: '10.0', java.version: '12.0.1'
Driver info: org.openqa.selenium.firefox.FirefoxDriver
Capabilities {acceptInsecureCerts: true, browserName: firefox, browserVersion: 69.0.3, javascriptEnabled: true, moz:accessibilityChecks: false, moz:buildID: 20191009172106, moz:geckodriverVersion: 0.24.0, moz:headless: false, moz:processID: 21512, moz:profile: C:\Users\saurabh.chauhan\Ap..., moz:shutdownTimeout: 60000, moz:useNonSpecCompliantPointerOrigin: false, moz:webdriverClick: true, pageLoadStrategy: normal, platform: WINDOWS, platformName: WINDOWS, platformVersion: 10.0, rotatable: false, setWindowRect: true, strictFileInteractability: false, timeouts: {implicit: 0, pageLoad: 300000, script: 30000}, unhandledPromptBehavior: dismiss and notify}
Session ID: f7ac479f-92f6-4806-beb0-097e01879dd3
*** Element info: {Using=xpath, value=//time[contains(.,'March 15, 2019')]}
at java.base/jdk.internal.reflect.NativeConstructorAccessorImpl.newInstance0(Native Method)
at java.base/jdk.internal.reflect.NativeConstructorAccessorImpl.newInstance(NativeConstructorAccessorImpl.java:62)
at java.base/jdk.internal.reflect.DelegatingConstructorAccessorImpl.newInstance(DelegatingConstructorAccessorImpl.java:45)
at java.base/java.lang.reflect.Constructor.newInstanceWithCaller(Constructor.java:500)
at java.base/java.lang.reflect.Constructor.newInstance(Constructor.java:481)
at org.openqa.selenium.remote.http.W3CHttpResponseCodec.createException(W3CHttpResponseCodec.java:187)
at org.openqa.selenium.remote.http.W3CHttpResponseCodec.decode(W3CHttpResponseCodec.java:122)
at org.openqa.selenium.remote.http.W3CHttpResponseCodec.decode(W3CHttpResponseCodec.java:49)
at org.openqa.selenium.remote.HttpCommandExecutor.execute(HttpCommandExecutor.java:158)
at org.openqa.selenium.remote.service.DriverCommandExecutor.execute(DriverCommandExecutor.java:83)
at org.openqa.selenium.remote.RemoteWebDriver.execute(RemoteWebDriver.java:552)
at org.openqa.selenium.remote.RemoteWebDriver.findElement(RemoteWebDriver.java:323)
at org.openqa.selenium.remote.RemoteWebDriver.findElementByXPath(RemoteWebDriver.java:428)
at org.openqa.selenium.By$ByXPath.findElement(By.java:353)
at org.openqa.selenium.remote.RemoteWebDriver.findElement(RemoteWebDriver.java:315)
at com.atmecs.helpers.WebUtility.getText(WebUtility.java:104)
at com.atmecs.testflow.BlogPageFlow.getDate(BlogPageFlow.java:54)
at com.atmecs.pages.InsightPage.validateDateDifference(InsightPage.java:41)
at com.atmecs.testScripts.InsightsValidation.validateDate(InsightsValidation.java:58)
at java.base/jdk.internal.reflect.NativeMethodAccessorImpl.invoke0(Native Method)
at java.base/jdk.internal.reflect.NativeMethodAccessorImpl.invoke(NativeMethodAccessorImpl.java:62)
at java.base/jdk.internal.reflect.DelegatingMethodAccessorImpl.invoke(DelegatingMethodAccessorImpl.java:43)
at java.base/java.lang.reflect.Method.invoke(Method.java:567)
at org.testng.internal.MethodInvocationHelper.invokeMethod(MethodInvocationHelper.java:124)
at org.testng.internal.Invoker.invokeMethod(Invoker.java:583)
at org.testng.internal.Invoker.invokeTestMethod(Invoker.java:719)
at org.testng.internal.Invoker.invokeTestMethods(Invoker.java:989)
at org.testng.internal.TestMethodWorker.invokeTestMethods(TestMethodWorker.java:125)
at org.testng.internal.TestMethodWorker.run(TestMethodWorker.java:109)
at org.testng.TestRunner.privateRun(TestRunner.java:648)
at org.testng.TestRunner.run(TestRunner.java:505)
at org.testng.SuiteRunner.runTest(SuiteRunner.java:455)
at org.testng.SuiteRunner.access$000(SuiteRunner.java:40)
at org.testng.SuiteRunner$SuiteWorker.run(SuiteRunner.java:489)
at org.testng.internal.thread.ThreadUtil$1.call(ThreadUtil.java:52)
at java.base/java.util.concurrent.FutureTask.run(FutureTask.java:264)
at java.base/java.util.concurrent.ThreadPoolExecutor.runWorker(ThreadPoolExecutor.java:1128)
at java.base/java.util.concurrent.ThreadPoolExecutor$Worker.run(ThreadPoolExecutor.java:628)
at java.base/java.lang.Thread.run(Thread.java:835)
]]>
            </full-stacktrace>
          </exception> <!-- org.openqa.selenium.NoSuchElementException -->
          <reporter-output>
          </reporter-output>
        </test-method> <!-- validateDate -->
        <test-method signature="validateTitle()[pri:22, instance:com.atmecs.testScripts.InsightsValidation@45b9a632]" started-at="2019-10-22T15:37:53Z" name="validateTitle" finished-at="2019-10-22T15:37:59Z" duration-ms="6059" status="FAIL">
          <exception class="org.openqa.selenium.NoSuchElementException">
            <message>
              <![CDATA[Unable to locate element: //h1[contains(@class,'page-title')]
For documentation on this error, please visit: https://www.seleniumhq.org/exceptions/no_such_element.html
Build info: version: '3.141.59', revision: 'e82be7d358', time: '2018-11-14T08:17:03'
System info: host: 'ATMECSINLT-038', ip: '55.55.52.193', os.name: 'Windows 10', os.arch: 'amd64', os.version: '10.0', java.version: '12.0.1'
Driver info: org.openqa.selenium.firefox.FirefoxDriver
Capabilities {acceptInsecureCerts: true, browserName: firefox, browserVersion: 69.0.3, javascriptEnabled: true, moz:accessibilityChecks: false, moz:buildID: 20191009172106, moz:geckodriverVersion: 0.24.0, moz:headless: false, moz:processID: 21512, moz:profile: C:\Users\saurabh.chauhan\Ap..., moz:shutdownTimeout: 60000, moz:useNonSpecCompliantPointerOrigin: false, moz:webdriverClick: true, pageLoadStrategy: normal, platform: WINDOWS, platformName: WINDOWS, platformVersion: 10.0, rotatable: false, setWindowRect: true, strictFileInteractability: false, timeouts: {implicit: 0, pageLoad: 300000, script: 30000}, unhandledPromptBehavior: dismiss and notify}
Session ID: f7ac479f-92f6-4806-beb0-097e01879dd3
*** Element info: {Using=xpath, value=//h1[contains(@class,'page-title')]}]]>
            </message>
            <full-stacktrace>
              <![CDATA[org.openqa.selenium.NoSuchElementException: Unable to locate element: //h1[contains(@class,'page-title')]
For documentation on this error, please visit: https://www.seleniumhq.org/exceptions/no_such_element.html
Build info: version: '3.141.59', revision: 'e82be7d358', time: '2018-11-14T08:17:03'
System info: host: 'ATMECSINLT-038', ip: '55.55.52.193', os.name: 'Windows 10', os.arch: 'amd64', os.version: '10.0', java.version: '12.0.1'
Driver info: org.openqa.selenium.firefox.FirefoxDriver
Capabilities {acceptInsecureCerts: true, browserName: firefox, browserVersion: 69.0.3, javascriptEnabled: true, moz:accessibilityChecks: false, moz:buildID: 20191009172106, moz:geckodriverVersion: 0.24.0, moz:headless: false, moz:processID: 21512, moz:profile: C:\Users\saurabh.chauhan\Ap..., moz:shutdownTimeout: 60000, moz:useNonSpecCompliantPointerOrigin: false, moz:webdriverClick: true, pageLoadStrategy: normal, platform: WINDOWS, platformName: WINDOWS, platformVersion: 10.0, rotatable: false, setWindowRect: true, strictFileInteractability: false, timeouts: {implicit: 0, pageLoad: 300000, script: 30000}, unhandledPromptBehavior: dismiss and notify}
Session ID: f7ac479f-92f6-4806-beb0-097e01879dd3
*** Element info: {Using=xpath, value=//h1[contains(@class,'page-title')]}
at java.base/jdk.internal.reflect.NativeConstructorAccessorImpl.newInstance0(Native Method)
at java.base/jdk.internal.reflect.NativeConstructorAccessorImpl.newInstance(NativeConstructorAccessorImpl.java:62)
at java.base/jdk.internal.reflect.DelegatingConstructorAccessorImpl.newInstance(DelegatingConstructorAccessorImpl.java:45)
at java.base/java.lang.reflect.Constructor.newInstanceWithCaller(Constructor.java:500)
at java.base/java.lang.reflect.Constructor.newInstance(Constructor.java:481)
at org.openqa.selenium.remote.http.W3CHttpResponseCodec.createException(W3CHttpResponseCodec.java:187)
at org.openqa.selenium.remote.http.W3CHttpResponseCodec.decode(W3CHttpResponseCodec.java:122)
at org.openqa.selenium.remote.http.W3CHttpResponseCodec.decode(W3CHttpResponseCodec.java:49)
at org.openqa.selenium.remote.HttpCommandExecutor.execute(HttpCommandExecutor.java:158)
at org.openqa.selenium.remote.service.DriverCommandExecutor.execute(DriverCommandExecutor.java:83)
at org.openqa.selenium.remote.RemoteWebDriver.execute(RemoteWebDriver.java:552)
at org.openqa.selenium.remote.RemoteWebDriver.findElement(RemoteWebDriver.java:323)
at org.openqa.selenium.remote.RemoteWebDriver.findElementByXPath(RemoteWebDriver.java:428)
at org.openqa.selenium.By$ByXPath.findElement(By.java:353)
at org.openqa.selenium.remote.RemoteWebDriver.findElement(RemoteWebDriver.java:315)
at com.atmecs.helpers.WebUtility.getText(WebUtility.java:104)
at com.atmecs.pages.InsightPage.validateBlogTitle(InsightPage.java:51)
at com.atmecs.testScripts.InsightsValidation.validateTitle(InsightsValidation.java:68)
at java.base/jdk.internal.reflect.NativeMethodAccessorImpl.invoke0(Native Method)
at java.base/jdk.internal.reflect.NativeMethodAccessorImpl.invoke(NativeMethodAccessorImpl.java:62)
at java.base/jdk.internal.reflect.DelegatingMethodAccessorImpl.invoke(DelegatingMethodAccessorImpl.java:43)
at java.base/java.lang.reflect.Method.invoke(Method.java:567)
at org.testng.internal.MethodInvocationHelper.invokeMethod(MethodInvocationHelper.java:124)
at org.testng.internal.Invoker.invokeMethod(Invoker.java:583)
at org.testng.internal.Invoker.invokeTestMethod(Invoker.java:719)
at org.testng.internal.Invoker.invokeTestMethods(Invoker.java:989)
at org.testng.internal.TestMethodWorker.invokeTestMethods(TestMethodWorker.java:125)
at org.testng.internal.TestMethodWorker.run(TestMethodWorker.java:109)
at org.testng.TestRunner.privateRun(TestRunner.java:648)
at org.testng.TestRunner.run(TestRunner.java:505)
at org.testng.SuiteRunner.runTest(SuiteRunner.java:455)
at org.testng.SuiteRunner.access$000(SuiteRunner.java:40)
at org.testng.SuiteRunner$SuiteWorker.run(SuiteRunner.java:489)
at org.testng.internal.thread.ThreadUtil$1.call(ThreadUtil.java:52)
at java.base/java.util.concurrent.FutureTask.run(FutureTask.java:264)
at java.base/java.util.concurrent.ThreadPoolExecutor.runWorker(ThreadPoolExecutor.java:1128)
at java.base/java.util.concurrent.ThreadPoolExecutor$Worker.run(ThreadPoolExecutor.java:628)
at java.base/java.lang.Thread.run(Thread.java:835)
]]>
            </full-stacktrace>
          </exception> <!-- org.openqa.selenium.NoSuchElementException -->
          <reporter-output>
          </reporter-output>
        </test-method> <!-- validateTitle -->
        <test-method signature="validateBreadCrumb()[pri:23, instance:com.atmecs.testScripts.InsightsValidation@45b9a632]" started-at="2019-10-22T15:37:59Z" name="validateBreadCrumb" finished-at="2019-10-22T15:38:05Z" duration-ms="6062" status="FAIL">
          <exception class="org.openqa.selenium.NoSuchElementException">
            <message>
              <![CDATA[Unable to locate element: (//span[@class='breadcrumb'])[1]
For documentation on this error, please visit: https://www.seleniumhq.org/exceptions/no_such_element.html
Build info: version: '3.141.59', revision: 'e82be7d358', time: '2018-11-14T08:17:03'
System info: host: 'ATMECSINLT-038', ip: '55.55.52.193', os.name: 'Windows 10', os.arch: 'amd64', os.version: '10.0', java.version: '12.0.1'
Driver info: org.openqa.selenium.firefox.FirefoxDriver
Capabilities {acceptInsecureCerts: true, browserName: firefox, browserVersion: 69.0.3, javascriptEnabled: true, moz:accessibilityChecks: false, moz:buildID: 20191009172106, moz:geckodriverVersion: 0.24.0, moz:headless: false, moz:processID: 21512, moz:profile: C:\Users\saurabh.chauhan\Ap..., moz:shutdownTimeout: 60000, moz:useNonSpecCompliantPointerOrigin: false, moz:webdriverClick: true, pageLoadStrategy: normal, platform: WINDOWS, platformName: WINDOWS, platformVersion: 10.0, rotatable: false, setWindowRect: true, strictFileInteractability: false, timeouts: {implicit: 0, pageLoad: 300000, script: 30000}, unhandledPromptBehavior: dismiss and notify}
Session ID: f7ac479f-92f6-4806-beb0-097e01879dd3
*** Element info: {Using=xpath, value=(//span[@class='breadcrumb'])[1]}]]>
            </message>
            <full-stacktrace>
              <![CDATA[org.openqa.selenium.NoSuchElementException: Unable to locate element: (//span[@class='breadcrumb'])[1]
For documentation on this error, please visit: https://www.seleniumhq.org/exceptions/no_such_element.html
Build info: version: '3.141.59', revision: 'e82be7d358', time: '2018-11-14T08:17:03'
System info: host: 'ATMECSINLT-038', ip: '55.55.52.193', os.name: 'Windows 10', os.arch: 'amd64', os.version: '10.0', java.version: '12.0.1'
Driver info: org.openqa.selenium.firefox.FirefoxDriver
Capabilities {acceptInsecureCerts: true, browserName: firefox, browserVersion: 69.0.3, javascriptEnabled: true, moz:accessibilityChecks: false, moz:buildID: 20191009172106, moz:geckodriverVersion: 0.24.0, moz:headless: false, moz:processID: 21512, moz:profile: C:\Users\saurabh.chauhan\Ap..., moz:shutdownTimeout: 60000, moz:useNonSpecCompliantPointerOrigin: false, moz:webdriverClick: true, pageLoadStrategy: normal, platform: WINDOWS, platformName: WINDOWS, platformVersion: 10.0, rotatable: false, setWindowRect: true, strictFileInteractability: false, timeouts: {implicit: 0, pageLoad: 300000, script: 30000}, unhandledPromptBehavior: dismiss and notify}
Session ID: f7ac479f-92f6-4806-beb0-097e01879dd3
*** Element info: {Using=xpath, value=(//span[@class='breadcrumb'])[1]}
at java.base/jdk.internal.reflect.NativeConstructorAccessorImpl.newInstance0(Native Method)
at java.base/jdk.internal.reflect.NativeConstructorAccessorImpl.newInstance(NativeConstructorAccessorImpl.java:62)
at java.base/jdk.internal.reflect.DelegatingConstructorAccessorImpl.newInstance(DelegatingConstructorAccessorImpl.java:45)
at java.base/java.lang.reflect.Constructor.newInstanceWithCaller(Constructor.java:500)
at java.base/java.lang.reflect.Constructor.newInstance(Constructor.java:481)
at org.openqa.selenium.remote.http.W3CHttpResponseCodec.createException(W3CHttpResponseCodec.java:187)
at org.openqa.selenium.remote.http.W3CHttpResponseCodec.decode(W3CHttpResponseCodec.java:122)
at org.openqa.selenium.remote.http.W3CHttpResponseCodec.decode(W3CHttpResponseCodec.java:49)
at org.openqa.selenium.remote.HttpCommandExecutor.execute(HttpCommandExecutor.java:158)
at org.openqa.selenium.remote.service.DriverCommandExecutor.execute(DriverCommandExecutor.java:83)
at org.openqa.selenium.remote.RemoteWebDriver.execute(RemoteWebDriver.java:552)
at org.openqa.selenium.remote.RemoteWebDriver.findElement(RemoteWebDriver.java:323)
at org.openqa.selenium.remote.RemoteWebDriver.findElementByXPath(RemoteWebDriver.java:428)
at org.openqa.selenium.By$ByXPath.findElement(By.java:353)
at org.openqa.selenium.remote.RemoteWebDriver.findElement(RemoteWebDriver.java:315)
at com.atmecs.helpers.WebUtility.getText(WebUtility.java:104)
at com.atmecs.pages.InsightPage.validateBreadcrumb(InsightPage.java:60)
at com.atmecs.testScripts.InsightsValidation.validateBreadCrumb(InsightsValidation.java:78)
at java.base/jdk.internal.reflect.NativeMethodAccessorImpl.invoke0(Native Method)
at java.base/jdk.internal.reflect.NativeMethodAccessorImpl.invoke(NativeMethodAccessorImpl.java:62)
at java.base/jdk.internal.reflect.DelegatingMethodAccessorImpl.invoke(DelegatingMethodAccessorImpl.java:43)
at java.base/java.lang.reflect.Method.invoke(Method.java:567)
at org.testng.internal.MethodInvocationHelper.invokeMethod(MethodInvocationHelper.java:124)
at org.testng.internal.Invoker.invokeMethod(Invoker.java:583)
at org.testng.internal.Invoker.invokeTestMethod(Invoker.java:719)
at org.testng.internal.Invoker.invokeTestMethods(Invoker.java:989)
at org.testng.internal.TestMethodWorker.invokeTestMethods(TestMethodWorker.java:125)
at org.testng.internal.TestMethodWorker.run(TestMethodWorker.java:109)
at org.testng.TestRunner.privateRun(TestRunner.java:648)
at org.testng.TestRunner.run(TestRunner.java:505)
at org.testng.SuiteRunner.runTest(SuiteRunner.java:455)
at org.testng.SuiteRunner.access$000(SuiteRunner.java:40)
at org.testng.SuiteRunner$SuiteWorker.run(SuiteRunner.java:489)
at org.testng.internal.thread.ThreadUtil$1.call(ThreadUtil.java:52)
at java.base/java.util.concurrent.FutureTask.run(FutureTask.java:264)
at java.base/java.util.concurrent.ThreadPoolExecutor.runWorker(ThreadPoolExecutor.java:1128)
at java.base/java.util.concurrent.ThreadPoolExecutor$Worker.run(ThreadPoolExecutor.java:628)
at java.base/java.lang.Thread.run(Thread.java:835)
]]>
            </full-stacktrace>
          </exception> <!-- org.openqa.selenium.NoSuchElementException -->
          <reporter-output>
          </reporter-output>
        </test-method> <!-- validateBreadCrumb -->
        <test-method signature="validateErrorMsg()[pri:24, instance:com.atmecs.testScripts.InsightsValidation@45b9a632]" started-at="2019-10-22T15:38:05Z" name="validateErrorMsg" finished-at="2019-10-22T15:38:11Z" duration-ms="6142" status="FAIL">
          <exception class="org.openqa.selenium.NoSuchElementException">
            <message>
              <![CDATA[Unable to locate element: (//div[@id='respond']//form//p[@class='form-submit']//input)[1]
For documentation on this error, please visit: https://www.seleniumhq.org/exceptions/no_such_element.html
Build info: version: '3.141.59', revision: 'e82be7d358', time: '2018-11-14T08:17:03'
System info: host: 'ATMECSINLT-038', ip: '55.55.52.193', os.name: 'Windows 10', os.arch: 'amd64', os.version: '10.0', java.version: '12.0.1'
Driver info: org.openqa.selenium.firefox.FirefoxDriver
Capabilities {acceptInsecureCerts: true, browserName: firefox, browserVersion: 69.0.3, javascriptEnabled: true, moz:accessibilityChecks: false, moz:buildID: 20191009172106, moz:geckodriverVersion: 0.24.0, moz:headless: false, moz:processID: 21512, moz:profile: C:\Users\saurabh.chauhan\Ap..., moz:shutdownTimeout: 60000, moz:useNonSpecCompliantPointerOrigin: false, moz:webdriverClick: true, pageLoadStrategy: normal, platform: WINDOWS, platformName: WINDOWS, platformVersion: 10.0, rotatable: false, setWindowRect: true, strictFileInteractability: false, timeouts: {implicit: 0, pageLoad: 300000, script: 30000}, unhandledPromptBehavior: dismiss and notify}
Session ID: f7ac479f-92f6-4806-beb0-097e01879dd3
*** Element info: {Using=xpath, value=(//div[@id='respond']//form//p[@class='form-submit']//input)[1]}]]>
            </message>
            <full-stacktrace>
              <![CDATA[org.openqa.selenium.NoSuchElementException: Unable to locate element: (//div[@id='respond']//form//p[@class='form-submit']//input)[1]
For documentation on this error, please visit: https://www.seleniumhq.org/exceptions/no_such_element.html
Build info: version: '3.141.59', revision: 'e82be7d358', time: '2018-11-14T08:17:03'
System info: host: 'ATMECSINLT-038', ip: '55.55.52.193', os.name: 'Windows 10', os.arch: 'amd64', os.version: '10.0', java.version: '12.0.1'
Driver info: org.openqa.selenium.firefox.FirefoxDriver
Capabilities {acceptInsecureCerts: true, browserName: firefox, browserVersion: 69.0.3, javascriptEnabled: true, moz:accessibilityChecks: false, moz:buildID: 20191009172106, moz:geckodriverVersion: 0.24.0, moz:headless: false, moz:processID: 21512, moz:profile: C:\Users\saurabh.chauhan\Ap..., moz:shutdownTimeout: 60000, moz:useNonSpecCompliantPointerOrigin: false, moz:webdriverClick: true, pageLoadStrategy: normal, platform: WINDOWS, platformName: WINDOWS, platformVersion: 10.0, rotatable: false, setWindowRect: true, strictFileInteractability: false, timeouts: {implicit: 0, pageLoad: 300000, script: 30000}, unhandledPromptBehavior: dismiss and notify}
Session ID: f7ac479f-92f6-4806-beb0-097e01879dd3
*** Element info: {Using=xpath, value=(//div[@id='respond']//form//p[@class='form-submit']//input)[1]}
at jdk.internal.reflect.GeneratedConstructorAccessor52.newInstance(Unknown Source)
at java.base/jdk.internal.reflect.DelegatingConstructorAccessorImpl.newInstance(DelegatingConstructorAccessorImpl.java:45)
at java.base/java.lang.reflect.Constructor.newInstanceWithCaller(Constructor.java:500)
at java.base/java.lang.reflect.Constructor.newInstance(Constructor.java:481)
at org.openqa.selenium.remote.http.W3CHttpResponseCodec.createException(W3CHttpResponseCodec.java:187)
at org.openqa.selenium.remote.http.W3CHttpResponseCodec.decode(W3CHttpResponseCodec.java:122)
at org.openqa.selenium.remote.http.W3CHttpResponseCodec.decode(W3CHttpResponseCodec.java:49)
at org.openqa.selenium.remote.HttpCommandExecutor.execute(HttpCommandExecutor.java:158)
at org.openqa.selenium.remote.service.DriverCommandExecutor.execute(DriverCommandExecutor.java:83)
at org.openqa.selenium.remote.RemoteWebDriver.execute(RemoteWebDriver.java:552)
at org.openqa.selenium.remote.RemoteWebDriver.findElement(RemoteWebDriver.java:323)
at org.openqa.selenium.remote.RemoteWebDriver.findElementByXPath(RemoteWebDriver.java:428)
at org.openqa.selenium.By$ByXPath.findElement(By.java:353)
at org.openqa.selenium.remote.RemoteWebDriver.findElement(RemoteWebDriver.java:315)
at com.atmecs.helpers.WebUtility$1.apply(WebUtility.java:49)
at com.atmecs.helpers.WebUtility$1.apply(WebUtility.java:1)
at org.openqa.selenium.support.ui.FluentWait.until(FluentWait.java:249)
at com.atmecs.helpers.WebUtility.clickElement(WebUtility.java:47)
at com.atmecs.testflow.BlogPageFlow.clickSubmit(BlogPageFlow.java:43)
at com.atmecs.testScripts.InsightsValidation.validateErrorMsg(InsightsValidation.java:86)
at java.base/jdk.internal.reflect.NativeMethodAccessorImpl.invoke0(Native Method)
at java.base/jdk.internal.reflect.NativeMethodAccessorImpl.invoke(NativeMethodAccessorImpl.java:62)
at java.base/jdk.internal.reflect.DelegatingMethodAccessorImpl.invoke(DelegatingMethodAccessorImpl.java:43)
at java.base/java.lang.reflect.Method.invoke(Method.java:567)
at org.testng.internal.MethodInvocationHelper.invokeMethod(MethodInvocationHelper.java:124)
at org.testng.internal.Invoker.invokeMethod(Invoker.java:583)
at org.testng.internal.Invoker.invokeTestMethod(Invoker.java:719)
at org.testng.internal.Invoker.invokeTestMethods(Invoker.java:989)
at org.testng.internal.TestMethodWorker.invokeTestMethods(TestMethodWorker.java:125)
at org.testng.internal.TestMethodWorker.run(TestMethodWorker.java:109)
at org.testng.TestRunner.privateRun(TestRunner.java:648)
at org.testng.TestRunner.run(TestRunner.java:505)
at org.testng.SuiteRunner.runTest(SuiteRunner.java:455)
at org.testng.SuiteRunner.access$000(SuiteRunner.java:40)
at org.testng.SuiteRunner$SuiteWorker.run(SuiteRunner.java:489)
at org.testng.internal.thread.ThreadUtil$1.call(ThreadUtil.java:52)
at java.base/java.util.concurrent.FutureTask.run(FutureTask.java:264)
at java.base/java.util.concurrent.ThreadPoolExecutor.runWorker(ThreadPoolExecutor.java:1128)
at java.base/java.util.concurrent.ThreadPoolExecutor$Worker.run(ThreadPoolExecutor.java:628)
at java.base/java.lang.Thread.run(Thread.java:835)
]]>
            </full-stacktrace>
          </exception> <!-- org.openqa.selenium.NoSuchElementException -->
          <reporter-output>
          </reporter-output>
        </test-method> <!-- validateErrorMsg -->
        <test-method is-config="true" signature="tearResource()[pri:0, instance:com.atmecs.testScripts.InsightsValidation@45b9a632]" started-at="2019-10-22T15:38:11Z" name="tearResource" finished-at="2019-10-22T15:38:15Z" duration-ms="3802" status="PASS">
          <reporter-output>
          </reporter-output>
        </test-method> <!-- tearResource -->
      </class> <!-- com.atmecs.testScripts.InsightsValidation -->
      <class name="com.atmecs.testScripts.ValidateAnchors">
        <test-method is-config="true" signature="intitailizeBrowser(java.lang.String)[pri:0, instance:com.atmecs.testScripts.ValidateAnchors@4445629]" started-at="2019-10-22T15:36:31Z" name="intitailizeBrowser" finished-at="2019-10-22T15:36:46Z" duration-ms="15398" status="PASS">
          <params>
            <param index="0">
              <value>
                <![CDATA[firefox]]>
              </value>
            </param>
          </params>
          <reporter-output>
          </reporter-output>
        </test-method> <!-- intitailizeBrowser -->
        <test-method is-config="true" signature="initializeVariable()[pri:0, instance:com.atmecs.testScripts.ValidateAnchors@4445629]" started-at="2019-10-22T15:36:46Z" name="initializeVariable" finished-at="2019-10-22T15:36:46Z" duration-ms="2" status="PASS">
          <reporter-output>
          </reporter-output>
        </test-method> <!-- initializeVariable -->
        <test-method signature="moveToDigitalLife()[pri:16, instance:com.atmecs.testScripts.ValidateAnchors@4445629]" started-at="2019-10-22T15:36:46Z" name="moveToDigitalLife" finished-at="2019-10-22T15:36:51Z" duration-ms="4590" status="PASS">
          <reporter-output>
          </reporter-output>
        </test-method> <!-- moveToDigitalLife -->
        <test-method signature="isDigitalLifeAnchorPresent(java.lang.String)[pri:17, instance:com.atmecs.testScripts.ValidateAnchors@4445629]" started-at="2019-10-22T15:36:51Z" name="isDigitalLifeAnchorPresent" data-provider="header1" finished-at="2019-10-22T15:36:51Z" duration-ms="209" status="PASS">
          <params>
            <param index="0">
              <value>
                <![CDATA[Artificial Intelligence / Machine Learning]]>
              </value>
            </param>
          </params>
          <reporter-output>
          </reporter-output>
        </test-method> <!-- isDigitalLifeAnchorPresent -->
        <test-method signature="isDigitalLifeAnchorPresent(java.lang.String)[pri:17, instance:com.atmecs.testScripts.ValidateAnchors@4445629]" started-at="2019-10-22T15:36:51Z" name="isDigitalLifeAnchorPresent" data-provider="header1" finished-at="2019-10-22T15:36:51Z" duration-ms="120" status="PASS">
          <params>
            <param index="0">
              <value>
                <![CDATA[Augmented Reality / Virtual Reality]]>
              </value>
            </param>
          </params>
          <reporter-output>
          </reporter-output>
        </test-method> <!-- isDigitalLifeAnchorPresent -->
        <test-method signature="isDigitalLifeAnchorPresent(java.lang.String)[pri:17, instance:com.atmecs.testScripts.ValidateAnchors@4445629]" started-at="2019-10-22T15:36:51Z" name="isDigitalLifeAnchorPresent" data-provider="header1" finished-at="2019-10-22T15:36:51Z" duration-ms="120" status="PASS">
          <params>
            <param index="0">
              <value>
                <![CDATA[Internet of Things]]>
              </value>
            </param>
          </params>
          <reporter-output>
          </reporter-output>
        </test-method> <!-- isDigitalLifeAnchorPresent -->
        <test-method signature="isDigitalLifeAnchorPresent(java.lang.String)[pri:17, instance:com.atmecs.testScripts.ValidateAnchors@4445629]" started-at="2019-10-22T15:36:51Z" name="isDigitalLifeAnchorPresent" data-provider="header1" finished-at="2019-10-22T15:36:52Z" duration-ms="120" status="PASS">
          <params>
            <param index="0">
              <value>
                <![CDATA[Blockchain]]>
              </value>
            </param>
          </params>
          <reporter-output>
          </reporter-output>
        </test-method> <!-- isDigitalLifeAnchorPresent -->
        <test-method signature="isDigitalLifeAnchorPresent(java.lang.String)[pri:17, instance:com.atmecs.testScripts.ValidateAnchors@4445629]" started-at="2019-10-22T15:36:52Z" name="isDigitalLifeAnchorPresent" data-provider="header1" finished-at="2019-10-22T15:36:52Z" duration-ms="160" status="PASS">
          <params>
            <param index="0">
              <value>
                <![CDATA[Robotic Process Automation & ChatBOTs]]>
              </value>
            </param>
          </params>
          <reporter-output>
          </reporter-output>
        </test-method> <!-- isDigitalLifeAnchorPresent -->
        <test-method signature="moveToInfrastructure()[pri:18, instance:com.atmecs.testScripts.ValidateAnchors@4445629]" started-at="2019-10-22T15:36:52Z" name="moveToInfrastructure" finished-at="2019-10-22T15:36:56Z" duration-ms="4442" status="PASS">
          <reporter-output>
          </reporter-output>
        </test-method> <!-- moveToInfrastructure -->
        <test-method signature="isDigitalLifeAnchorPresent(java.lang.String)[pri:17, instance:com.atmecs.testScripts.ValidateAnchors@4445629]" started-at="2019-10-22T15:36:52Z" name="isDigitalLifeAnchorPresent" data-provider="header1" finished-at="2019-10-22T15:36:52Z" duration-ms="0" status="PASS">
          <params>
            <param index="0">
              <value is-null="true"/>
            </param>
          </params>
          <reporter-output>
          </reporter-output>
        </test-method> <!-- isDigitalLifeAnchorPresent -->
        <test-method signature="isInfrastructureAnchorPresent(java.lang.String)[pri:19, instance:com.atmecs.testScripts.ValidateAnchors@4445629]" started-at="2019-10-22T15:36:56Z" name="isInfrastructureAnchorPresent" data-provider="header2" finished-at="2019-10-22T15:37:02Z" duration-ms="6110" status="FAIL">
          <params>
            <param index="0">
              <value>
                <![CDATA[Infrastructure Management]]>
              </value>
            </param>
          </params>
          <exception class="org.openqa.selenium.NoSuchElementException">
            <message>
              <![CDATA[Unable to locate element: //div[@id='footer']//a[contains(text(),'Infrastructure Management')]
For documentation on this error, please visit: https://www.seleniumhq.org/exceptions/no_such_element.html
Build info: version: '3.141.59', revision: 'e82be7d358', time: '2018-11-14T08:17:03'
System info: host: 'ATMECSINLT-038', ip: '55.55.52.193', os.name: 'Windows 10', os.arch: 'amd64', os.version: '10.0', java.version: '12.0.1'
Driver info: org.openqa.selenium.firefox.FirefoxDriver
Capabilities {acceptInsecureCerts: true, browserName: firefox, browserVersion: 69.0.3, javascriptEnabled: true, moz:accessibilityChecks: false, moz:buildID: 20191009172106, moz:geckodriverVersion: 0.24.0, moz:headless: false, moz:processID: 10884, moz:profile: C:\Users\saurabh.chauhan\Ap..., moz:shutdownTimeout: 60000, moz:useNonSpecCompliantPointerOrigin: false, moz:webdriverClick: true, pageLoadStrategy: normal, platform: WINDOWS, platformName: WINDOWS, platformVersion: 10.0, rotatable: false, setWindowRect: true, strictFileInteractability: false, timeouts: {implicit: 0, pageLoad: 300000, script: 30000}, unhandledPromptBehavior: dismiss and notify}
Session ID: 3803c2a0-69f5-4b8f-8c67-460dedc22eed
*** Element info: {Using=xpath, value=//div[@id='footer']//a[contains(text(),'Infrastructure Management')]}]]>
            </message>
            <full-stacktrace>
              <![CDATA[org.openqa.selenium.NoSuchElementException: Unable to locate element: //div[@id='footer']//a[contains(text(),'Infrastructure Management')]
For documentation on this error, please visit: https://www.seleniumhq.org/exceptions/no_such_element.html
Build info: version: '3.141.59', revision: 'e82be7d358', time: '2018-11-14T08:17:03'
System info: host: 'ATMECSINLT-038', ip: '55.55.52.193', os.name: 'Windows 10', os.arch: 'amd64', os.version: '10.0', java.version: '12.0.1'
Driver info: org.openqa.selenium.firefox.FirefoxDriver
Capabilities {acceptInsecureCerts: true, browserName: firefox, browserVersion: 69.0.3, javascriptEnabled: true, moz:accessibilityChecks: false, moz:buildID: 20191009172106, moz:geckodriverVersion: 0.24.0, moz:headless: false, moz:processID: 10884, moz:profile: C:\Users\saurabh.chauhan\Ap..., moz:shutdownTimeout: 60000, moz:useNonSpecCompliantPointerOrigin: false, moz:webdriverClick: true, pageLoadStrategy: normal, platform: WINDOWS, platformName: WINDOWS, platformVersion: 10.0, rotatable: false, setWindowRect: true, strictFileInteractability: false, timeouts: {implicit: 0, pageLoad: 300000, script: 30000}, unhandledPromptBehavior: dismiss and notify}
Session ID: 3803c2a0-69f5-4b8f-8c67-460dedc22eed
*** Element info: {Using=xpath, value=//div[@id='footer']//a[contains(text(),'Infrastructure Management')]}
at java.base/jdk.internal.reflect.NativeConstructorAccessorImpl.newInstance0(Native Method)
at java.base/jdk.internal.reflect.NativeConstructorAccessorImpl.newInstance(NativeConstructorAccessorImpl.java:62)
at java.base/jdk.internal.reflect.DelegatingConstructorAccessorImpl.newInstance(DelegatingConstructorAccessorImpl.java:45)
at java.base/java.lang.reflect.Constructor.newInstanceWithCaller(Constructor.java:500)
at java.base/java.lang.reflect.Constructor.newInstance(Constructor.java:481)
at org.openqa.selenium.remote.http.W3CHttpResponseCodec.createException(W3CHttpResponseCodec.java:187)
at org.openqa.selenium.remote.http.W3CHttpResponseCodec.decode(W3CHttpResponseCodec.java:122)
at org.openqa.selenium.remote.http.W3CHttpResponseCodec.decode(W3CHttpResponseCodec.java:49)
at org.openqa.selenium.remote.HttpCommandExecutor.execute(HttpCommandExecutor.java:158)
at org.openqa.selenium.remote.service.DriverCommandExecutor.execute(DriverCommandExecutor.java:83)
at org.openqa.selenium.remote.RemoteWebDriver.execute(RemoteWebDriver.java:552)
at org.openqa.selenium.remote.RemoteWebDriver.findElement(RemoteWebDriver.java:323)
at org.openqa.selenium.remote.RemoteWebDriver.findElementByXPath(RemoteWebDriver.java:428)
at org.openqa.selenium.By$ByXPath.findElement(By.java:353)
at org.openqa.selenium.remote.RemoteWebDriver.findElement(RemoteWebDriver.java:315)
at com.atmecs.helpers.WebUtility.getText(WebUtility.java:104)
at com.atmecs.pages.HomePage.ValidateAnchors(HomePage.java:61)
at com.atmecs.testScripts.ValidateAnchors.isInfrastructureAnchorPresent(ValidateAnchors.java:55)
at java.base/jdk.internal.reflect.NativeMethodAccessorImpl.invoke0(Native Method)
at java.base/jdk.internal.reflect.NativeMethodAccessorImpl.invoke(NativeMethodAccessorImpl.java:62)
at java.base/jdk.internal.reflect.DelegatingMethodAccessorImpl.invoke(DelegatingMethodAccessorImpl.java:43)
at java.base/java.lang.reflect.Method.invoke(Method.java:567)
at org.testng.internal.MethodInvocationHelper.invokeMethod(MethodInvocationHelper.java:124)
at org.testng.internal.Invoker.invokeMethod(Invoker.java:583)
at org.testng.internal.Invoker.invokeTestMethod(Invoker.java:719)
at org.testng.internal.Invoker.invokeTestMethods(Invoker.java:989)
at org.testng.internal.TestMethodWorker.invokeTestMethods(TestMethodWorker.java:125)
at org.testng.internal.TestMethodWorker.run(TestMethodWorker.java:109)
at org.testng.TestRunner.privateRun(TestRunner.java:648)
at org.testng.TestRunner.run(TestRunner.java:505)
at org.testng.SuiteRunner.runTest(SuiteRunner.java:455)
at org.testng.SuiteRunner.access$000(SuiteRunner.java:40)
at org.testng.SuiteRunner$SuiteWorker.run(SuiteRunner.java:489)
at org.testng.internal.thread.ThreadUtil$1.call(ThreadUtil.java:52)
at java.base/java.util.concurrent.FutureTask.run(FutureTask.java:264)
at java.base/java.util.concurrent.ThreadPoolExecutor.runWorker(ThreadPoolExecutor.java:1128)
at java.base/java.util.concurrent.ThreadPoolExecutor$Worker.run(ThreadPoolExecutor.java:628)
at java.base/java.lang.Thread.run(Thread.java:835)
]]>
            </full-stacktrace>
          </exception> <!-- org.openqa.selenium.NoSuchElementException -->
          <reporter-output>
          </reporter-output>
        </test-method> <!-- isInfrastructureAnchorPresent -->
        <test-method signature="isInfrastructureAnchorPresent(java.lang.String)[pri:19, instance:com.atmecs.testScripts.ValidateAnchors@4445629]" started-at="2019-10-22T15:37:02Z" name="isInfrastructureAnchorPresent" data-provider="header2" finished-at="2019-10-22T15:37:08Z" duration-ms="6052" status="FAIL">
          <params>
            <param index="0">
              <value>
                <![CDATA[Cloud Infrastructure]]>
              </value>
            </param>
          </params>
          <exception class="org.openqa.selenium.NoSuchElementException">
            <message>
              <![CDATA[Unable to locate element: //div[@id='footer']//a[contains(text(),'Cloud Infrastructure')]
For documentation on this error, please visit: https://www.seleniumhq.org/exceptions/no_such_element.html
Build info: version: '3.141.59', revision: 'e82be7d358', time: '2018-11-14T08:17:03'
System info: host: 'ATMECSINLT-038', ip: '55.55.52.193', os.name: 'Windows 10', os.arch: 'amd64', os.version: '10.0', java.version: '12.0.1'
Driver info: org.openqa.selenium.firefox.FirefoxDriver
Capabilities {acceptInsecureCerts: true, browserName: firefox, browserVersion: 69.0.3, javascriptEnabled: true, moz:accessibilityChecks: false, moz:buildID: 20191009172106, moz:geckodriverVersion: 0.24.0, moz:headless: false, moz:processID: 10884, moz:profile: C:\Users\saurabh.chauhan\Ap..., moz:shutdownTimeout: 60000, moz:useNonSpecCompliantPointerOrigin: false, moz:webdriverClick: true, pageLoadStrategy: normal, platform: WINDOWS, platformName: WINDOWS, platformVersion: 10.0, rotatable: false, setWindowRect: true, strictFileInteractability: false, timeouts: {implicit: 0, pageLoad: 300000, script: 30000}, unhandledPromptBehavior: dismiss and notify}
Session ID: 3803c2a0-69f5-4b8f-8c67-460dedc22eed
*** Element info: {Using=xpath, value=//div[@id='footer']//a[contains(text(),'Cloud Infrastructure')]}]]>
            </message>
            <full-stacktrace>
              <![CDATA[org.openqa.selenium.NoSuchElementException: Unable to locate element: //div[@id='footer']//a[contains(text(),'Cloud Infrastructure')]
For documentation on this error, please visit: https://www.seleniumhq.org/exceptions/no_such_element.html
Build info: version: '3.141.59', revision: 'e82be7d358', time: '2018-11-14T08:17:03'
System info: host: 'ATMECSINLT-038', ip: '55.55.52.193', os.name: 'Windows 10', os.arch: 'amd64', os.version: '10.0', java.version: '12.0.1'
Driver info: org.openqa.selenium.firefox.FirefoxDriver
Capabilities {acceptInsecureCerts: true, browserName: firefox, browserVersion: 69.0.3, javascriptEnabled: true, moz:accessibilityChecks: false, moz:buildID: 20191009172106, moz:geckodriverVersion: 0.24.0, moz:headless: false, moz:processID: 10884, moz:profile: C:\Users\saurabh.chauhan\Ap..., moz:shutdownTimeout: 60000, moz:useNonSpecCompliantPointerOrigin: false, moz:webdriverClick: true, pageLoadStrategy: normal, platform: WINDOWS, platformName: WINDOWS, platformVersion: 10.0, rotatable: false, setWindowRect: true, strictFileInteractability: false, timeouts: {implicit: 0, pageLoad: 300000, script: 30000}, unhandledPromptBehavior: dismiss and notify}
Session ID: 3803c2a0-69f5-4b8f-8c67-460dedc22eed
*** Element info: {Using=xpath, value=//div[@id='footer']//a[contains(text(),'Cloud Infrastructure')]}
at java.base/jdk.internal.reflect.NativeConstructorAccessorImpl.newInstance0(Native Method)
at java.base/jdk.internal.reflect.NativeConstructorAccessorImpl.newInstance(NativeConstructorAccessorImpl.java:62)
at java.base/jdk.internal.reflect.DelegatingConstructorAccessorImpl.newInstance(DelegatingConstructorAccessorImpl.java:45)
at java.base/java.lang.reflect.Constructor.newInstanceWithCaller(Constructor.java:500)
at java.base/java.lang.reflect.Constructor.newInstance(Constructor.java:481)
at org.openqa.selenium.remote.http.W3CHttpResponseCodec.createException(W3CHttpResponseCodec.java:187)
at org.openqa.selenium.remote.http.W3CHttpResponseCodec.decode(W3CHttpResponseCodec.java:122)
at org.openqa.selenium.remote.http.W3CHttpResponseCodec.decode(W3CHttpResponseCodec.java:49)
at org.openqa.selenium.remote.HttpCommandExecutor.execute(HttpCommandExecutor.java:158)
at org.openqa.selenium.remote.service.DriverCommandExecutor.execute(DriverCommandExecutor.java:83)
at org.openqa.selenium.remote.RemoteWebDriver.execute(RemoteWebDriver.java:552)
at org.openqa.selenium.remote.RemoteWebDriver.findElement(RemoteWebDriver.java:323)
at org.openqa.selenium.remote.RemoteWebDriver.findElementByXPath(RemoteWebDriver.java:428)
at org.openqa.selenium.By$ByXPath.findElement(By.java:353)
at org.openqa.selenium.remote.RemoteWebDriver.findElement(RemoteWebDriver.java:315)
at com.atmecs.helpers.WebUtility.getText(WebUtility.java:104)
at com.atmecs.pages.HomePage.ValidateAnchors(HomePage.java:61)
at com.atmecs.testScripts.ValidateAnchors.isInfrastructureAnchorPresent(ValidateAnchors.java:55)
at java.base/jdk.internal.reflect.NativeMethodAccessorImpl.invoke0(Native Method)
at java.base/jdk.internal.reflect.NativeMethodAccessorImpl.invoke(NativeMethodAccessorImpl.java:62)
at java.base/jdk.internal.reflect.DelegatingMethodAccessorImpl.invoke(DelegatingMethodAccessorImpl.java:43)
at java.base/java.lang.reflect.Method.invoke(Method.java:567)
at org.testng.internal.MethodInvocationHelper.invokeMethod(MethodInvocationHelper.java:124)
at org.testng.internal.Invoker.invokeMethod(Invoker.java:583)
at org.testng.internal.Invoker.invokeTestMethod(Invoker.java:719)
at org.testng.internal.Invoker.invokeTestMethods(Invoker.java:989)
at org.testng.internal.TestMethodWorker.invokeTestMethods(TestMethodWorker.java:125)
at org.testng.internal.TestMethodWorker.run(TestMethodWorker.java:109)
at org.testng.TestRunner.privateRun(TestRunner.java:648)
at org.testng.TestRunner.run(TestRunner.java:505)
at org.testng.SuiteRunner.runTest(SuiteRunner.java:455)
at org.testng.SuiteRunner.access$000(SuiteRunner.java:40)
at org.testng.SuiteRunner$SuiteWorker.run(SuiteRunner.java:489)
at org.testng.internal.thread.ThreadUtil$1.call(ThreadUtil.java:52)
at java.base/java.util.concurrent.FutureTask.run(FutureTask.java:264)
at java.base/java.util.concurrent.ThreadPoolExecutor.runWorker(ThreadPoolExecutor.java:1128)
at java.base/java.util.concurrent.ThreadPoolExecutor$Worker.run(ThreadPoolExecutor.java:628)
at java.base/java.lang.Thread.run(Thread.java:835)
]]>
            </full-stacktrace>
          </exception> <!-- org.openqa.selenium.NoSuchElementException -->
          <reporter-output>
          </reporter-output>
        </test-method> <!-- isInfrastructureAnchorPresent -->
        <test-method signature="isInfrastructureAnchorPresent(java.lang.String)[pri:19, instance:com.atmecs.testScripts.ValidateAnchors@4445629]" started-at="2019-10-22T15:37:08Z" name="isInfrastructureAnchorPresent" data-provider="header2" finished-at="2019-10-22T15:37:14Z" duration-ms="6068" status="FAIL">
          <params>
            <param index="0">
              <value>
                <![CDATA[Devops]]>
              </value>
            </param>
          </params>
          <exception class="org.openqa.selenium.NoSuchElementException">
            <message>
              <![CDATA[Unable to locate element: //div[@id='footer']//a[contains(text(),'Devops')]
For documentation on this error, please visit: https://www.seleniumhq.org/exceptions/no_such_element.html
Build info: version: '3.141.59', revision: 'e82be7d358', time: '2018-11-14T08:17:03'
System info: host: 'ATMECSINLT-038', ip: '55.55.52.193', os.name: 'Windows 10', os.arch: 'amd64', os.version: '10.0', java.version: '12.0.1'
Driver info: org.openqa.selenium.firefox.FirefoxDriver
Capabilities {acceptInsecureCerts: true, browserName: firefox, browserVersion: 69.0.3, javascriptEnabled: true, moz:accessibilityChecks: false, moz:buildID: 20191009172106, moz:geckodriverVersion: 0.24.0, moz:headless: false, moz:processID: 10884, moz:profile: C:\Users\saurabh.chauhan\Ap..., moz:shutdownTimeout: 60000, moz:useNonSpecCompliantPointerOrigin: false, moz:webdriverClick: true, pageLoadStrategy: normal, platform: WINDOWS, platformName: WINDOWS, platformVersion: 10.0, rotatable: false, setWindowRect: true, strictFileInteractability: false, timeouts: {implicit: 0, pageLoad: 300000, script: 30000}, unhandledPromptBehavior: dismiss and notify}
Session ID: 3803c2a0-69f5-4b8f-8c67-460dedc22eed
*** Element info: {Using=xpath, value=//div[@id='footer']//a[contains(text(),'Devops')]}]]>
            </message>
            <full-stacktrace>
              <![CDATA[org.openqa.selenium.NoSuchElementException: Unable to locate element: //div[@id='footer']//a[contains(text(),'Devops')]
For documentation on this error, please visit: https://www.seleniumhq.org/exceptions/no_such_element.html
Build info: version: '3.141.59', revision: 'e82be7d358', time: '2018-11-14T08:17:03'
System info: host: 'ATMECSINLT-038', ip: '55.55.52.193', os.name: 'Windows 10', os.arch: 'amd64', os.version: '10.0', java.version: '12.0.1'
Driver info: org.openqa.selenium.firefox.FirefoxDriver
Capabilities {acceptInsecureCerts: true, browserName: firefox, browserVersion: 69.0.3, javascriptEnabled: true, moz:accessibilityChecks: false, moz:buildID: 20191009172106, moz:geckodriverVersion: 0.24.0, moz:headless: false, moz:processID: 10884, moz:profile: C:\Users\saurabh.chauhan\Ap..., moz:shutdownTimeout: 60000, moz:useNonSpecCompliantPointerOrigin: false, moz:webdriverClick: true, pageLoadStrategy: normal, platform: WINDOWS, platformName: WINDOWS, platformVersion: 10.0, rotatable: false, setWindowRect: true, strictFileInteractability: false, timeouts: {implicit: 0, pageLoad: 300000, script: 30000}, unhandledPromptBehavior: dismiss and notify}
Session ID: 3803c2a0-69f5-4b8f-8c67-460dedc22eed
*** Element info: {Using=xpath, value=//div[@id='footer']//a[contains(text(),'Devops')]}
at java.base/jdk.internal.reflect.NativeConstructorAccessorImpl.newInstance0(Native Method)
at java.base/jdk.internal.reflect.NativeConstructorAccessorImpl.newInstance(NativeConstructorAccessorImpl.java:62)
at java.base/jdk.internal.reflect.DelegatingConstructorAccessorImpl.newInstance(DelegatingConstructorAccessorImpl.java:45)
at java.base/java.lang.reflect.Constructor.newInstanceWithCaller(Constructor.java:500)
at java.base/java.lang.reflect.Constructor.newInstance(Constructor.java:481)
at org.openqa.selenium.remote.http.W3CHttpResponseCodec.createException(W3CHttpResponseCodec.java:187)
at org.openqa.selenium.remote.http.W3CHttpResponseCodec.decode(W3CHttpResponseCodec.java:122)
at org.openqa.selenium.remote.http.W3CHttpResponseCodec.decode(W3CHttpResponseCodec.java:49)
at org.openqa.selenium.remote.HttpCommandExecutor.execute(HttpCommandExecutor.java:158)
at org.openqa.selenium.remote.service.DriverCommandExecutor.execute(DriverCommandExecutor.java:83)
at org.openqa.selenium.remote.RemoteWebDriver.execute(RemoteWebDriver.java:552)
at org.openqa.selenium.remote.RemoteWebDriver.findElement(RemoteWebDriver.java:323)
at org.openqa.selenium.remote.RemoteWebDriver.findElementByXPath(RemoteWebDriver.java:428)
at org.openqa.selenium.By$ByXPath.findElement(By.java:353)
at org.openqa.selenium.remote.RemoteWebDriver.findElement(RemoteWebDriver.java:315)
at com.atmecs.helpers.WebUtility.getText(WebUtility.java:104)
at com.atmecs.pages.HomePage.ValidateAnchors(HomePage.java:61)
at com.atmecs.testScripts.ValidateAnchors.isInfrastructureAnchorPresent(ValidateAnchors.java:55)
at java.base/jdk.internal.reflect.NativeMethodAccessorImpl.invoke0(Native Method)
at java.base/jdk.internal.reflect.NativeMethodAccessorImpl.invoke(NativeMethodAccessorImpl.java:62)
at java.base/jdk.internal.reflect.DelegatingMethodAccessorImpl.invoke(DelegatingMethodAccessorImpl.java:43)
at java.base/java.lang.reflect.Method.invoke(Method.java:567)
at org.testng.internal.MethodInvocationHelper.invokeMethod(MethodInvocationHelper.java:124)
at org.testng.internal.Invoker.invokeMethod(Invoker.java:583)
at org.testng.internal.Invoker.invokeTestMethod(Invoker.java:719)
at org.testng.internal.Invoker.invokeTestMethods(Invoker.java:989)
at org.testng.internal.TestMethodWorker.invokeTestMethods(TestMethodWorker.java:125)
at org.testng.internal.TestMethodWorker.run(TestMethodWorker.java:109)
at org.testng.TestRunner.privateRun(TestRunner.java:648)
at org.testng.TestRunner.run(TestRunner.java:505)
at org.testng.SuiteRunner.runTest(SuiteRunner.java:455)
at org.testng.SuiteRunner.access$000(SuiteRunner.java:40)
at org.testng.SuiteRunner$SuiteWorker.run(SuiteRunner.java:489)
at org.testng.internal.thread.ThreadUtil$1.call(ThreadUtil.java:52)
at java.base/java.util.concurrent.FutureTask.run(FutureTask.java:264)
at java.base/java.util.concurrent.ThreadPoolExecutor.runWorker(ThreadPoolExecutor.java:1128)
at java.base/java.util.concurrent.ThreadPoolExecutor$Worker.run(ThreadPoolExecutor.java:628)
at java.base/java.lang.Thread.run(Thread.java:835)
]]>
            </full-stacktrace>
          </exception> <!-- org.openqa.selenium.NoSuchElementException -->
          <reporter-output>
          </reporter-output>
        </test-method> <!-- isInfrastructureAnchorPresent -->
        <test-method signature="isInfrastructureAnchorPresent(java.lang.String)[pri:19, instance:com.atmecs.testScripts.ValidateAnchors@4445629]" started-at="2019-10-22T15:37:14Z" name="isInfrastructureAnchorPresent" data-provider="header2" finished-at="2019-10-22T15:37:20Z" duration-ms="6060" status="FAIL">
          <params>
            <param index="0">
              <value>
                <![CDATA[NOC Services]]>
              </value>
            </param>
          </params>
          <exception class="org.openqa.selenium.NoSuchElementException">
            <message>
              <![CDATA[Unable to locate element: //div[@id='footer']//a[contains(text(),'NOC Services')]
For documentation on this error, please visit: https://www.seleniumhq.org/exceptions/no_such_element.html
Build info: version: '3.141.59', revision: 'e82be7d358', time: '2018-11-14T08:17:03'
System info: host: 'ATMECSINLT-038', ip: '55.55.52.193', os.name: 'Windows 10', os.arch: 'amd64', os.version: '10.0', java.version: '12.0.1'
Driver info: org.openqa.selenium.firefox.FirefoxDriver
Capabilities {acceptInsecureCerts: true, browserName: firefox, browserVersion: 69.0.3, javascriptEnabled: true, moz:accessibilityChecks: false, moz:buildID: 20191009172106, moz:geckodriverVersion: 0.24.0, moz:headless: false, moz:processID: 10884, moz:profile: C:\Users\saurabh.chauhan\Ap..., moz:shutdownTimeout: 60000, moz:useNonSpecCompliantPointerOrigin: false, moz:webdriverClick: true, pageLoadStrategy: normal, platform: WINDOWS, platformName: WINDOWS, platformVersion: 10.0, rotatable: false, setWindowRect: true, strictFileInteractability: false, timeouts: {implicit: 0, pageLoad: 300000, script: 30000}, unhandledPromptBehavior: dismiss and notify}
Session ID: 3803c2a0-69f5-4b8f-8c67-460dedc22eed
*** Element info: {Using=xpath, value=//div[@id='footer']//a[contains(text(),'NOC Services')]}]]>
            </message>
            <full-stacktrace>
              <![CDATA[org.openqa.selenium.NoSuchElementException: Unable to locate element: //div[@id='footer']//a[contains(text(),'NOC Services')]
For documentation on this error, please visit: https://www.seleniumhq.org/exceptions/no_such_element.html
Build info: version: '3.141.59', revision: 'e82be7d358', time: '2018-11-14T08:17:03'
System info: host: 'ATMECSINLT-038', ip: '55.55.52.193', os.name: 'Windows 10', os.arch: 'amd64', os.version: '10.0', java.version: '12.0.1'
Driver info: org.openqa.selenium.firefox.FirefoxDriver
Capabilities {acceptInsecureCerts: true, browserName: firefox, browserVersion: 69.0.3, javascriptEnabled: true, moz:accessibilityChecks: false, moz:buildID: 20191009172106, moz:geckodriverVersion: 0.24.0, moz:headless: false, moz:processID: 10884, moz:profile: C:\Users\saurabh.chauhan\Ap..., moz:shutdownTimeout: 60000, moz:useNonSpecCompliantPointerOrigin: false, moz:webdriverClick: true, pageLoadStrategy: normal, platform: WINDOWS, platformName: WINDOWS, platformVersion: 10.0, rotatable: false, setWindowRect: true, strictFileInteractability: false, timeouts: {implicit: 0, pageLoad: 300000, script: 30000}, unhandledPromptBehavior: dismiss and notify}
Session ID: 3803c2a0-69f5-4b8f-8c67-460dedc22eed
*** Element info: {Using=xpath, value=//div[@id='footer']//a[contains(text(),'NOC Services')]}
at java.base/jdk.internal.reflect.NativeConstructorAccessorImpl.newInstance0(Native Method)
at java.base/jdk.internal.reflect.NativeConstructorAccessorImpl.newInstance(NativeConstructorAccessorImpl.java:62)
at java.base/jdk.internal.reflect.DelegatingConstructorAccessorImpl.newInstance(DelegatingConstructorAccessorImpl.java:45)
at java.base/java.lang.reflect.Constructor.newInstanceWithCaller(Constructor.java:500)
at java.base/java.lang.reflect.Constructor.newInstance(Constructor.java:481)
at org.openqa.selenium.remote.http.W3CHttpResponseCodec.createException(W3CHttpResponseCodec.java:187)
at org.openqa.selenium.remote.http.W3CHttpResponseCodec.decode(W3CHttpResponseCodec.java:122)
at org.openqa.selenium.remote.http.W3CHttpResponseCodec.decode(W3CHttpResponseCodec.java:49)
at org.openqa.selenium.remote.HttpCommandExecutor.execute(HttpCommandExecutor.java:158)
at org.openqa.selenium.remote.service.DriverCommandExecutor.execute(DriverCommandExecutor.java:83)
at org.openqa.selenium.remote.RemoteWebDriver.execute(RemoteWebDriver.java:552)
at org.openqa.selenium.remote.RemoteWebDriver.findElement(RemoteWebDriver.java:323)
at org.openqa.selenium.remote.RemoteWebDriver.findElementByXPath(RemoteWebDriver.java:428)
at org.openqa.selenium.By$ByXPath.findElement(By.java:353)
at org.openqa.selenium.remote.RemoteWebDriver.findElement(RemoteWebDriver.java:315)
at com.atmecs.helpers.WebUtility.getText(WebUtility.java:104)
at com.atmecs.pages.HomePage.ValidateAnchors(HomePage.java:61)
at com.atmecs.testScripts.ValidateAnchors.isInfrastructureAnchorPresent(ValidateAnchors.java:55)
at java.base/jdk.internal.reflect.NativeMethodAccessorImpl.invoke0(Native Method)
at java.base/jdk.internal.reflect.NativeMethodAccessorImpl.invoke(NativeMethodAccessorImpl.java:62)
at java.base/jdk.internal.reflect.DelegatingMethodAccessorImpl.invoke(DelegatingMethodAccessorImpl.java:43)
at java.base/java.lang.reflect.Method.invoke(Method.java:567)
at org.testng.internal.MethodInvocationHelper.invokeMethod(MethodInvocationHelper.java:124)
at org.testng.internal.Invoker.invokeMethod(Invoker.java:583)
at org.testng.internal.Invoker.invokeTestMethod(Invoker.java:719)
at org.testng.internal.Invoker.invokeTestMethods(Invoker.java:989)
at org.testng.internal.TestMethodWorker.invokeTestMethods(TestMethodWorker.java:125)
at org.testng.internal.TestMethodWorker.run(TestMethodWorker.java:109)
at org.testng.TestRunner.privateRun(TestRunner.java:648)
at org.testng.TestRunner.run(TestRunner.java:505)
at org.testng.SuiteRunner.runTest(SuiteRunner.java:455)
at org.testng.SuiteRunner.access$000(SuiteRunner.java:40)
at org.testng.SuiteRunner$SuiteWorker.run(SuiteRunner.java:489)
at org.testng.internal.thread.ThreadUtil$1.call(ThreadUtil.java:52)
at java.base/java.util.concurrent.FutureTask.run(FutureTask.java:264)
at java.base/java.util.concurrent.ThreadPoolExecutor.runWorker(ThreadPoolExecutor.java:1128)
at java.base/java.util.concurrent.ThreadPoolExecutor$Worker.run(ThreadPoolExecutor.java:628)
at java.base/java.lang.Thread.run(Thread.java:835)
]]>
            </full-stacktrace>
          </exception> <!-- org.openqa.selenium.NoSuchElementException -->
          <reporter-output>
          </reporter-output>
        </test-method> <!-- isInfrastructureAnchorPresent -->
        <test-method signature="isInfrastructureAnchorPresent(java.lang.String)[pri:19, instance:com.atmecs.testScripts.ValidateAnchors@4445629]" started-at="2019-10-22T15:37:20Z" name="isInfrastructureAnchorPresent" data-provider="header2" finished-at="2019-10-22T15:37:27Z" duration-ms="6051" status="FAIL">
          <params>
            <param index="0">
              <value>
                <![CDATA[Data Center Management]]>
              </value>
            </param>
          </params>
          <exception class="org.openqa.selenium.NoSuchElementException">
            <message>
              <![CDATA[Unable to locate element: //div[@id='footer']//a[contains(text(),'Data Center Management')]
For documentation on this error, please visit: https://www.seleniumhq.org/exceptions/no_such_element.html
Build info: version: '3.141.59', revision: 'e82be7d358', time: '2018-11-14T08:17:03'
System info: host: 'ATMECSINLT-038', ip: '55.55.52.193', os.name: 'Windows 10', os.arch: 'amd64', os.version: '10.0', java.version: '12.0.1'
Driver info: org.openqa.selenium.firefox.FirefoxDriver
Capabilities {acceptInsecureCerts: true, browserName: firefox, browserVersion: 69.0.3, javascriptEnabled: true, moz:accessibilityChecks: false, moz:buildID: 20191009172106, moz:geckodriverVersion: 0.24.0, moz:headless: false, moz:processID: 10884, moz:profile: C:\Users\saurabh.chauhan\Ap..., moz:shutdownTimeout: 60000, moz:useNonSpecCompliantPointerOrigin: false, moz:webdriverClick: true, pageLoadStrategy: normal, platform: WINDOWS, platformName: WINDOWS, platformVersion: 10.0, rotatable: false, setWindowRect: true, strictFileInteractability: false, timeouts: {implicit: 0, pageLoad: 300000, script: 30000}, unhandledPromptBehavior: dismiss and notify}
Session ID: 3803c2a0-69f5-4b8f-8c67-460dedc22eed
*** Element info: {Using=xpath, value=//div[@id='footer']//a[contains(text(),'Data Center Management')]}]]>
            </message>
            <full-stacktrace>
              <![CDATA[org.openqa.selenium.NoSuchElementException: Unable to locate element: //div[@id='footer']//a[contains(text(),'Data Center Management')]
For documentation on this error, please visit: https://www.seleniumhq.org/exceptions/no_such_element.html
Build info: version: '3.141.59', revision: 'e82be7d358', time: '2018-11-14T08:17:03'
System info: host: 'ATMECSINLT-038', ip: '55.55.52.193', os.name: 'Windows 10', os.arch: 'amd64', os.version: '10.0', java.version: '12.0.1'
Driver info: org.openqa.selenium.firefox.FirefoxDriver
Capabilities {acceptInsecureCerts: true, browserName: firefox, browserVersion: 69.0.3, javascriptEnabled: true, moz:accessibilityChecks: false, moz:buildID: 20191009172106, moz:geckodriverVersion: 0.24.0, moz:headless: false, moz:processID: 10884, moz:profile: C:\Users\saurabh.chauhan\Ap..., moz:shutdownTimeout: 60000, moz:useNonSpecCompliantPointerOrigin: false, moz:webdriverClick: true, pageLoadStrategy: normal, platform: WINDOWS, platformName: WINDOWS, platformVersion: 10.0, rotatable: false, setWindowRect: true, strictFileInteractability: false, timeouts: {implicit: 0, pageLoad: 300000, script: 30000}, unhandledPromptBehavior: dismiss and notify}
Session ID: 3803c2a0-69f5-4b8f-8c67-460dedc22eed
*** Element info: {Using=xpath, value=//div[@id='footer']//a[contains(text(),'Data Center Management')]}
at java.base/jdk.internal.reflect.NativeConstructorAccessorImpl.newInstance0(Native Method)
at java.base/jdk.internal.reflect.NativeConstructorAccessorImpl.newInstance(NativeConstructorAccessorImpl.java:62)
at java.base/jdk.internal.reflect.DelegatingConstructorAccessorImpl.newInstance(DelegatingConstructorAccessorImpl.java:45)
at java.base/java.lang.reflect.Constructor.newInstanceWithCaller(Constructor.java:500)
at java.base/java.lang.reflect.Constructor.newInstance(Constructor.java:481)
at org.openqa.selenium.remote.http.W3CHttpResponseCodec.createException(W3CHttpResponseCodec.java:187)
at org.openqa.selenium.remote.http.W3CHttpResponseCodec.decode(W3CHttpResponseCodec.java:122)
at org.openqa.selenium.remote.http.W3CHttpResponseCodec.decode(W3CHttpResponseCodec.java:49)
at org.openqa.selenium.remote.HttpCommandExecutor.execute(HttpCommandExecutor.java:158)
at org.openqa.selenium.remote.service.DriverCommandExecutor.execute(DriverCommandExecutor.java:83)
at org.openqa.selenium.remote.RemoteWebDriver.execute(RemoteWebDriver.java:552)
at org.openqa.selenium.remote.RemoteWebDriver.findElement(RemoteWebDriver.java:323)
at org.openqa.selenium.remote.RemoteWebDriver.findElementByXPath(RemoteWebDriver.java:428)
at org.openqa.selenium.By$ByXPath.findElement(By.java:353)
at org.openqa.selenium.remote.RemoteWebDriver.findElement(RemoteWebDriver.java:315)
at com.atmecs.helpers.WebUtility.getText(WebUtility.java:104)
at com.atmecs.pages.HomePage.ValidateAnchors(HomePage.java:61)
at com.atmecs.testScripts.ValidateAnchors.isInfrastructureAnchorPresent(ValidateAnchors.java:55)
at java.base/jdk.internal.reflect.NativeMethodAccessorImpl.invoke0(Native Method)
at java.base/jdk.internal.reflect.NativeMethodAccessorImpl.invoke(NativeMethodAccessorImpl.java:62)
at java.base/jdk.internal.reflect.DelegatingMethodAccessorImpl.invoke(DelegatingMethodAccessorImpl.java:43)
at java.base/java.lang.reflect.Method.invoke(Method.java:567)
at org.testng.internal.MethodInvocationHelper.invokeMethod(MethodInvocationHelper.java:124)
at org.testng.internal.Invoker.invokeMethod(Invoker.java:583)
at org.testng.internal.Invoker.invokeTestMethod(Invoker.java:719)
at org.testng.internal.Invoker.invokeTestMethods(Invoker.java:989)
at org.testng.internal.TestMethodWorker.invokeTestMethods(TestMethodWorker.java:125)
at org.testng.internal.TestMethodWorker.run(TestMethodWorker.java:109)
at org.testng.TestRunner.privateRun(TestRunner.java:648)
at org.testng.TestRunner.run(TestRunner.java:505)
at org.testng.SuiteRunner.runTest(SuiteRunner.java:455)
at org.testng.SuiteRunner.access$000(SuiteRunner.java:40)
at org.testng.SuiteRunner$SuiteWorker.run(SuiteRunner.java:489)
at org.testng.internal.thread.ThreadUtil$1.call(ThreadUtil.java:52)
at java.base/java.util.concurrent.FutureTask.run(FutureTask.java:264)
at java.base/java.util.concurrent.ThreadPoolExecutor.runWorker(ThreadPoolExecutor.java:1128)
at java.base/java.util.concurrent.ThreadPoolExecutor$Worker.run(ThreadPoolExecutor.java:628)
at java.base/java.lang.Thread.run(Thread.java:835)
]]>
            </full-stacktrace>
          </exception> <!-- org.openqa.selenium.NoSuchElementException -->
          <reporter-output>
          </reporter-output>
        </test-method> <!-- isInfrastructureAnchorPresent -->
        <test-method is-config="true" signature="tearResource()[pri:0, instance:com.atmecs.testScripts.ValidateAnchors@4445629]" started-at="2019-10-22T15:37:27Z" name="tearResource" finished-at="2019-10-22T15:37:29Z" duration-ms="2610" status="PASS">
          <reporter-output>
          </reporter-output>
        </test-method> <!-- tearResource -->
        <test-method signature="isInfrastructureAnchorPresent(java.lang.String)[pri:19, instance:com.atmecs.testScripts.ValidateAnchors@4445629]" started-at="2019-10-22T15:37:27Z" name="isInfrastructureAnchorPresent" data-provider="header2" finished-at="2019-10-22T15:37:27Z" duration-ms="0" status="PASS">
          <params>
            <param index="0">
              <value is-null="true"/>
            </param>
          </params>
          <reporter-output>
          </reporter-output>
        </test-method> <!-- isInfrastructureAnchorPresent -->
      </class> <!-- com.atmecs.testScripts.ValidateAnchors -->
      <class name="com.atmecs.testScripts.HomePagetestscripts">
        <test-method is-config="true" signature="intitailizeBrowser(java.lang.String)[pri:0, instance:com.atmecs.testScripts.HomePagetestscripts@18ce0030]" started-at="2019-10-22T15:35:39Z" name="intitailizeBrowser" finished-at="2019-10-22T15:35:56Z" duration-ms="16453" status="PASS">
          <params>
            <param index="0">
              <value>
                <![CDATA[firefox]]>
              </value>
            </param>
          </params>
          <reporter-output>
          </reporter-output>
        </test-method> <!-- intitailizeBrowser -->
        <test-method signature="homePageRedirection()[pri:1, instance:com.atmecs.testScripts.HomePagetestscripts@18ce0030]" started-at="2019-10-22T15:35:56Z" name="homePageRedirection" finished-at="2019-10-22T15:35:56Z" duration-ms="39" status="PASS">
          <reporter-output>
          </reporter-output>
        </test-method> <!-- homePageRedirection -->
        <test-method signature="clickHeaderServices()[pri:2, instance:com.atmecs.testScripts.HomePagetestscripts@18ce0030]" started-at="2019-10-22T15:35:56Z" name="clickHeaderServices" finished-at="2019-10-22T15:35:59Z" duration-ms="3059" status="PASS">
          <reporter-output>
          </reporter-output>
        </test-method> <!-- clickHeaderServices -->
        <test-method signature="validatefooterForServices(java.lang.String)[pri:3, instance:com.atmecs.testScripts.HomePagetestscripts@18ce0030]" started-at="2019-10-22T15:35:59Z" name="validatefooterForServices" data-provider="footer2" finished-at="2019-10-22T15:35:59Z" duration-ms="96" status="PASS">
          <params>
            <param index="0">
              <value>
                <![CDATA[Home]]>
              </value>
            </param>
          </params>
          <reporter-output>
          </reporter-output>
        </test-method> <!-- validatefooterForServices -->
[...]
        <test-method signature="validatefooterForContacts(java.lang.String)[pri:13, instance:com.atmecs.testScripts.HomePagetestscripts@3c9d0b9d]" started-at="2019-10-22T15:37:24Z" name="validatefooterForContacts" data-provider="footer2" finished-at="2019-10-22T15:37:25Z" duration-ms="292" status="PASS">
          <params>
            <param index="0">
              <value>
                <![CDATA[Europe – Ireland]]>
              </value>
            </param>
          </params>
          <reporter-output>
          </reporter-output>
        </test-method> <!-- validatefooterForContacts -->
        <test-method signature="validatefooterForContacts(java.lang.String)[pri:13, instance:com.atmecs.testScripts.HomePagetestscripts@3c9d0b9d]" started-at="2019-10-22T15:37:25Z" name="validatefooterForContacts" data-provider="footer2" finished-at="2019-10-22T15:37:25Z" duration-ms="0" status="PASS">
          <params>
            <param index="0">
              <value is-null="true"/>
            </param>
          </params>
          <reporter-output>
          </reporter-output>
        </test-method> <!-- validatefooterForContacts -->
        <test-method signature="clickInsights()[pri:14, instance:com.atmecs.testScripts.HomePagetestscripts@3c9d0b9d]" started-at="2019-10-22T15:37:25Z" name="clickInsights" finished-at="2019-10-22T15:37:25Z" duration-ms="692" status="PASS">
          <reporter-output>
          </reporter-output>
        </test-method> <!-- clickInsights -->
        <test-method signature="validatefooterForInsights(java.lang.String)[pri:15, instance:com.atmecs.testScripts.HomePagetestscripts@3c9d0b9d]" started-at="2019-10-22T15:37:25Z" name="validatefooterForInsights" data-provider="footer2" finished-at="2019-10-22T15:37:26Z" duration-ms="296" status="PASS">
          <params>
            <param index="0">
              <value>
                <![CDATA[Home]]>
              </value>
            </param>
          </params>
          <reporter-output>
          </reporter-output>
        </test-method> <!-- validatefooterForInsights -->
        <test-method signature="validatefooterForInsights(java.lang.String)[pri:15, instance:com.atmecs.testScripts.HomePagetestscripts@3c9d0b9d]" started-at="2019-10-22T15:37:26Z" name="validatefooterForInsights" data-provider="footer2" finished-at="2019-10-22T15:37:26Z" duration-ms="248" status="PASS">
          <params>
            <param index="0">
              <value>
                <![CDATA[About Us]]>
              </value>
            </param>
          </params>
          <reporter-output>
          </reporter-output>
        </test-method> <!-- validatefooterForInsights -->
        <test-method signature="validatefooterForInsights(java.lang.String)[pri:15, instance:com.atmecs.testScripts.HomePagetestscripts@3c9d0b9d]" started-at="2019-10-22T15:37:26Z" name="validatefooterForInsights" data-provider="footer2" finished-at="2019-10-22T15:37:26Z" duration-ms="256" status="PASS">
          <params>
            <param index="0">
              <value>
                <![CDATA[Services]]>
              </value>
            </param>
          </params>
          <reporter-output>
          </reporter-output>
        </test-method> <!-- validatefooterForInsights -->
        <test-method signature="validatefooterForInsights(java.lang.String)[pri:15, instance:com.atmecs.testScripts.HomePagetestscripts@3c9d0b9d]" started-at="2019-10-22T15:37:26Z" name="validatefooterForInsights" data-provider="footer2" finished-at="2019-10-22T15:37:26Z" duration-ms="238" status="PASS">
          <params>
            <param index="0">
              <value>
                <![CDATA[Partners]]>
              </value>
            </param>
          </params>
          <reporter-output>
          </reporter-output>
        </test-method> <!-- validatefooterForInsights -->
        <test-method signature="validatefooterForInsights(java.lang.String)[pri:15, instance:com.atmecs.testScripts.HomePagetestscripts@3c9d0b9d]" started-at="2019-10-22T15:37:26Z" name="validatefooterForInsights" data-provider="footer2" finished-at="2019-10-22T15:37:27Z" duration-ms="263" status="PASS">
          <params>
            <param index="0">
              <value>
                <![CDATA[Case Studies old]]>
              </value>
            </param>
          </params>
          <reporter-output>
          </reporter-output>
        </test-method> <!-- validatefooterForInsights -->
        <test-method signature="validatefooterForInsights(java.lang.String)[pri:15, instance:com.atmecs.testScripts.HomePagetestscripts@3c9d0b9d]" started-at="2019-10-22T15:37:27Z" name="validatefooterForInsights" data-provider="footer2" finished-at="2019-10-22T15:37:27Z" duration-ms="467" status="PASS">
          <params>
            <param index="0">
              <value>
                <![CDATA[News]]>
              </value>
            </param>
          </params>
          <reporter-output>
          </reporter-output>
        </test-method> <!-- validatefooterForInsights -->
        <test-method signature="validatefooterForInsights(java.lang.String)[pri:15, instance:com.atmecs.testScripts.HomePagetestscripts@3c9d0b9d]" started-at="2019-10-22T15:37:27Z" name="validatefooterForInsights" data-provider="footer2" finished-at="2019-10-22T15:37:27Z" duration-ms="301" status="PASS">
          <params>
            <param index="0">
              <value>
                <![CDATA[Careers]]>
              </value>
            </param>
          </params>
          <reporter-output>
          </reporter-output>
        </test-method> <!-- validatefooterForInsights -->
        <test-method signature="validatefooterForInsights(java.lang.String)[pri:15, instance:com.atmecs.testScripts.HomePagetestscripts@3c9d0b9d]" started-at="2019-10-22T15:37:27Z" name="validatefooterForInsights" data-provider="footer2" finished-at="2019-10-22T15:37:28Z" duration-ms="226" status="PASS">
          <params>
            <param index="0">
              <value>
                <![CDATA[Contact Us]]>
              </value>
            </param>
          </params>
          <reporter-output>
          </reporter-output>
        </test-method> <!-- validatefooterForInsights -->
        <test-method signature="validatefooterForInsights(java.lang.String)[pri:15, instance:com.atmecs.testScripts.HomePagetestscripts@3c9d0b9d]" started-at="2019-10-22T15:37:28Z" name="validatefooterForInsights" data-provider="footer2" finished-at="2019-10-22T15:37:28Z" duration-ms="276" status="PASS">
          <params>
            <param index="0">
              <value>
                <![CDATA[Artificial Intelligence / Machine Learning]]>
              </value>
            </param>
          </params>
          <reporter-output>
          </reporter-output>
        </test-method> <!-- validatefooterForInsights -->
        <test-method signature="validatefooterForInsights(java.lang.String)[pri:15, instance:com.atmecs.testScripts.HomePagetestscripts@3c9d0b9d]" started-at="2019-10-22T15:37:28Z" name="validatefooterForInsights" data-provider="footer2" finished-at="2019-10-22T15:37:28Z" duration-ms="240" status="PASS">
          <params>
            <param index="0">
              <value>
                <![CDATA[Augmented Reality / Virtual Reality]]>
              </value>
            </param>
          </params>
          <reporter-output>
          </reporter-output>
        </test-method> <!-- validatefooterForInsights -->
        <test-method signature="validatefooterForInsights(java.lang.String)[pri:15, instance:com.atmecs.testScripts.HomePagetestscripts@3c9d0b9d]" started-at="2019-10-22T15:37:28Z" name="validatefooterForInsights" data-provider="footer2" finished-at="2019-10-22T15:37:28Z" duration-ms="256" status="PASS">
          <params>
            <param index="0">
              <value>
                <![CDATA[Quality Engineering]]>
              </value>
            </param>
          </params>
          <reporter-output>
          </reporter-output>
        </test-method> <!-- validatefooterForInsights -->
        <test-method signature="validatefooterForInsights(java.lang.String)[pri:15, instance:com.atmecs.testScripts.HomePagetestscripts@3c9d0b9d]" started-at="2019-10-22T15:37:28Z" name="validatefooterForInsights" data-provider="footer2" finished-at="2019-10-22T15:37:29Z" duration-ms="261" status="PASS">
          <params>
            <param index="0">
              <value>
                <![CDATA[Blockchain]]>
              </value>
            </param>
          </params>
          <reporter-output>
          </reporter-output>
        </test-method> <!-- validatefooterForInsights -->
        <test-method signature="validatefooterForInsights(java.lang.String)[pri:15, instance:com.atmecs.testScripts.HomePagetestscripts@3c9d0b9d]" started-at="2019-10-22T15:37:29Z" name="validatefooterForInsights" data-provider="footer2" finished-at="2019-10-22T15:37:29Z" duration-ms="260" status="PASS">
          <params>
            <param index="0">
              <value>
                <![CDATA[Robotic Process Automation & ChatBOTs]]>
              </value>
            </param>
          </params>
          <reporter-output>
          </reporter-output>
        </test-method> <!-- validatefooterForInsights -->
        <test-method signature="validatefooterForInsights(java.lang.String)[pri:15, instance:com.atmecs.testScripts.HomePagetestscripts@3c9d0b9d]" started-at="2019-10-22T15:37:29Z" name="validatefooterForInsights" data-provider="footer2" finished-at="2019-10-22T15:37:29Z" duration-ms="271" status="PASS">
          <params>
            <param index="0">
              <value>
                <![CDATA[Cloud Services]]>
              </value>
            </param>
          </params>
          <reporter-output>
          </reporter-output>
        </test-method> <!-- validatefooterForInsights -->
        <test-method signature="validatefooterForInsights(java.lang.String)[pri:15, instance:com.atmecs.testScripts.HomePagetestscripts@3c9d0b9d]" started-at="2019-10-22T15:37:29Z" name="validatefooterForInsights" data-provider="footer2" finished-at="2019-10-22T15:37:29Z" duration-ms="280" status="PASS">
          <params>
            <param index="0">
              <value>
                <![CDATA[Enterprise Analytics]]>
              </value>
            </param>
          </params>
          <reporter-output>
          </reporter-output>
        </test-method> <!-- validatefooterForInsights -->
        <test-method signature="validatefooterForInsights(java.lang.String)[pri:15, instance:com.atmecs.testScripts.HomePagetestscripts@3c9d0b9d]" started-at="2019-10-22T15:37:29Z" name="validatefooterForInsights" data-provider="footer2" finished-at="2019-10-22T15:37:30Z" duration-ms="250" status="PASS">
          <params>
            <param index="0">
              <value>
                <![CDATA[Internet of Things]]>
              </value>
            </param>
          </params>
          <reporter-output>
          </reporter-output>
        </test-method> <!-- validatefooterForInsights -->
        <test-method signature="validatefooterForInsights(java.lang.String)[pri:15, instance:com.atmecs.testScripts.HomePagetestscripts@3c9d0b9d]" started-at="2019-10-22T15:37:30Z" name="validatefooterForInsights" data-provider="footer2" finished-at="2019-10-22T15:37:30Z" duration-ms="278" status="PASS">
          <params>
            <param index="0">
              <value>
                <![CDATA[Mobile Computing]]>
              </value>
            </param>
          </params>
          <reporter-output>
          </reporter-output>
        </test-method> <!-- validatefooterForInsights -->
        <test-method signature="validatefooterForInsights(java.lang.String)[pri:15, instance:com.atmecs.testScripts.HomePagetestscripts@3c9d0b9d]" started-at="2019-10-22T15:37:30Z" name="validatefooterForInsights" data-provider="footer2" finished-at="2019-10-22T15:37:30Z" duration-ms="340" status="PASS">
          <params>
            <param index="0">
              <value>
                <![CDATA[Product Engineering]]>
              </value>
            </param>
          </params>
          <reporter-output>
          </reporter-output>
        </test-method> <!-- validatefooterForInsights -->
        <test-method signature="validatefooterForInsights(java.lang.String)[pri:15, instance:com.atmecs.testScripts.HomePagetestscripts@3c9d0b9d]" started-at="2019-10-22T15:37:30Z" name="validatefooterForInsights" data-provider="footer2" finished-at="2019-10-22T15:37:31Z" duration-ms="282" status="PASS">
          <params>
            <param index="0">
              <value>
                <![CDATA[Automation Engineer]]>
              </value>
            </param>
          </params>
          <reporter-output>
          </reporter-output>
        </test-method> <!-- validatefooterForInsights -->
        <test-method signature="validatefooterForInsights(java.lang.String)[pri:15, instance:com.atmecs.testScripts.HomePagetestscripts@3c9d0b9d]" started-at="2019-10-22T15:37:31Z" name="validatefooterForInsights" data-provider="footer2" finished-at="2019-10-22T15:37:31Z" duration-ms="312" status="PASS">
          <params>
            <param index="0">
              <value>
                <![CDATA[DevOps Engineer]]>
              </value>
            </param>
          </params>
          <reporter-output>
          </reporter-output>
        </test-method> <!-- validatefooterForInsights -->
        <test-method signature="validatefooterForInsights(java.lang.String)[pri:15, instance:com.atmecs.testScripts.HomePagetestscripts@3c9d0b9d]" started-at="2019-10-22T15:37:31Z" name="validatefooterForInsights" data-provider="footer2" finished-at="2019-10-22T15:37:31Z" duration-ms="288" status="PASS">
          <params>
            <param index="0">
              <value>
                <![CDATA[Senior .NET Engineer]]>
              </value>
            </param>
          </params>
          <reporter-output>
          </reporter-output>
        </test-method> <!-- validatefooterForInsights -->
        <test-method signature="validatefooterForInsights(java.lang.String)[pri:15, instance:com.atmecs.testScripts.HomePagetestscripts@3c9d0b9d]" started-at="2019-10-22T15:37:31Z" name="validatefooterForInsights" data-provider="footer2" finished-at="2019-10-22T15:37:31Z" duration-ms="228" status="PASS">
          <params>
            <param index="0">
              <value>
                <![CDATA[Senior Java/J2EE Engineer]]>
              </value>
            </param>
          </params>
          <reporter-output>
          </reporter-output>
        </test-method> <!-- validatefooterForInsights -->
        <test-method signature="validatefooterForInsights(java.lang.String)[pri:15, instance:com.atmecs.testScripts.HomePagetestscripts@3c9d0b9d]" started-at="2019-10-22T15:37:31Z" name="validatefooterForInsights" data-provider="footer2" finished-at="2019-10-22T15:37:32Z" duration-ms="230" status="PASS">
          <params>
            <param index="0">
              <value>
                <![CDATA[US Headquarters]]>
              </value>
            </param>
          </params>
          <reporter-output>
          </reporter-output>
        </test-method> <!-- validatefooterForInsights -->
        <test-method signature="validatefooterForInsights(java.lang.String)[pri:15, instance:com.atmecs.testScripts.HomePagetestscripts@3c9d0b9d]" started-at="2019-10-22T15:37:32Z" name="validatefooterForInsights" data-provider="footer2" finished-at="2019-10-22T15:37:32Z" duration-ms="267" status="PASS">
          <params>
            <param index="0">
              <value>
                <![CDATA[US R&D Center]]>
              </value>
            </param>
          </params>
          <reporter-output>
          </reporter-output>
        </test-method> <!-- validatefooterForInsights -->
        <test-method signature="validatefooterForInsights(java.lang.String)[pri:15, instance:com.atmecs.testScripts.HomePagetestscripts@3c9d0b9d]" started-at="2019-10-22T15:37:32Z" name="validatefooterForInsights" data-provider="footer2" finished-at="2019-10-22T15:37:32Z" duration-ms="272" status="PASS">
          <params>
            <param index="0">
              <value>
                <![CDATA[India – Hyderabad]]>
              </value>
            </param>
          </params>
          <reporter-output>
          </reporter-output>
        </test-method> <!-- validatefooterForInsights -->
        <test-method signature="validatefooterForInsights(java.lang.String)[pri:15, instance:com.atmecs.testScripts.HomePagetestscripts@3c9d0b9d]" started-at="2019-10-22T15:37:32Z" name="validatefooterForInsights" data-provider="footer2" finished-at="2019-10-22T15:37:32Z" duration-ms="290" status="PASS">
          <params>
            <param index="0">
              <value>
                <![CDATA[India – Bangalore]]>
              </value>
            </param>
          </params>
          <reporter-output>
          </reporter-output>
        </test-method> <!-- validatefooterForInsights -->
        <test-method signature="validatefooterForInsights(java.lang.String)[pri:15, instance:com.atmecs.testScripts.HomePagetestscripts@3c9d0b9d]" started-at="2019-10-22T15:37:32Z" name="validatefooterForInsights" data-provider="footer2" finished-at="2019-10-22T15:37:33Z" duration-ms="324" status="PASS">
          <params>
            <param index="0">
              <value>
                <![CDATA[India – Chennai]]>
              </value>
            </param>
          </params>
          <reporter-output>
          </reporter-output>
        </test-method> <!-- validatefooterForInsights -->
        <test-method signature="validatefooterForInsights(java.lang.String)[pri:15, instance:com.atmecs.testScripts.HomePagetestscripts@3c9d0b9d]" started-at="2019-10-22T15:37:33Z" name="validatefooterForInsights" data-provider="footer2" finished-at="2019-10-22T15:37:33Z" duration-ms="215" status="PASS">
          <params>
            <param index="0">
              <value>
                <![CDATA[info@atmecs.com]]>
              </value>
            </param>
          </params>
          <reporter-output>
          </reporter-output>
        </test-method> <!-- validatefooterForInsights -->
        <test-method signature="validatefooterForInsights(java.lang.String)[pri:15, instance:com.atmecs.testScripts.HomePagetestscripts@3c9d0b9d]" started-at="2019-10-22T15:37:33Z" name="validatefooterForInsights" data-provider="footer2" finished-at="2019-10-22T15:37:33Z" duration-ms="220" status="PASS">
          <params>
            <param index="0">
              <value>
                <![CDATA[Europe – Ireland]]>
              </value>
            </param>
          </params>
          <reporter-output>
          </reporter-output>
        </test-method> <!-- validatefooterForInsights -->
        <test-method signature="validatefooterForInsights(java.lang.String)[pri:15, instance:com.atmecs.testScripts.HomePagetestscripts@3c9d0b9d]" started-at="2019-10-22T15:37:33Z" name="validatefooterForInsights" data-provider="footer2" finished-at="2019-10-22T15:37:33Z" duration-ms="0" status="PASS">
          <params>
            <param index="0">
              <value is-null="true"/>
            </param>
          </params>
          <reporter-output>
          </reporter-output>
        </test-method> <!-- validatefooterForInsights -->
        <test-method is-config="true" signature="tearResource()[pri:0, instance:com.atmecs.testScripts.HomePagetestscripts@3c9d0b9d]" started-at="2019-10-22T15:37:33Z" name="tearResource" finished-at="2019-10-22T15:37:33Z" duration-ms="40" status="PASS">
          <reporter-output>
          </reporter-output>
        </test-method> <!-- tearResource -->
      </class> <!-- com.atmecs.testScripts.HomePagetestscripts -->
    </test> <!-- Test3 -->
  </suite> <!-- Test-class Suite -->
</testng-results>
